[2025-03-22T12:41:07.356+0000] {local_task_job_runner.py:123} INFO - ::group::Pre task execution logs
[2025-03-22T12:41:07.497+0000] {taskinstance.py:2614} INFO - Dependencies all met for dep_context=non-requeueable deps ti=<TaskInstance: car_price_prediction.pipeline scheduled__2022-08-05T15:00:00+00:00 [queued]>
[2025-03-22T12:41:07.585+0000] {taskinstance.py:2614} INFO - Dependencies all met for dep_context=requeueable deps ti=<TaskInstance: car_price_prediction.pipeline scheduled__2022-08-05T15:00:00+00:00 [queued]>
[2025-03-22T12:41:07.602+0000] {taskinstance.py:2867} INFO - Starting attempt 2 of 2
[2025-03-22T12:41:07.681+0000] {taskinstance.py:2890} INFO - Executing <Task(PythonOperator): pipeline> on 2022-08-05 15:00:00+00:00
[2025-03-22T12:41:07.820+0000] {standard_task_runner.py:104} INFO - Running: ['***', 'tasks', 'run', 'car_price_prediction', 'pipeline', 'scheduled__2022-08-05T15:00:00+00:00', '--job-id', '154', '--raw', '--subdir', 'DAGS_FOLDER/hw_dag.py', '--cfg-path', '/tmp/tmp6yl7apci']
[2025-03-22T12:41:07.864+0000] {standard_task_runner.py:105} INFO - Job 154: Subtask pipeline
[2025-03-22T12:41:07.847+0000] {warnings.py:112} WARNING - /home/***/.local/lib/python3.12/site-packages/***/task/task_runner/standard_task_runner.py:70: DeprecationWarning: This process (pid=1674) is multi-threaded, use of fork() may lead to deadlocks in the child.
  pid = os.fork()

[2025-03-22T12:41:07.880+0000] {standard_task_runner.py:72} INFO - Started process 1725 to run task
[2025-03-22T12:41:09.237+0000] {task_command.py:467} INFO - Running <TaskInstance: car_price_prediction.pipeline scheduled__2022-08-05T15:00:00+00:00 [running]> on host 16707b17f984
[2025-03-22T12:41:09.876+0000] {taskinstance.py:3134} INFO - Exporting env vars: AIRFLOW_CTX_DAG_OWNER='***' AIRFLOW_CTX_DAG_ID='car_price_prediction' AIRFLOW_CTX_TASK_ID='pipeline' AIRFLOW_CTX_EXECUTION_DATE='2022-08-05T15:00:00+00:00' AIRFLOW_CTX_TRY_NUMBER='2' AIRFLOW_CTX_DAG_RUN_ID='scheduled__2022-08-05T15:00:00+00:00'
[2025-03-22T12:41:09.879+0000] {logging_mixin.py:190} INFO - Task instance is in running state
[2025-03-22T12:41:09.880+0000] {logging_mixin.py:190} INFO -  Previous state of the Task instance: queued
[2025-03-22T12:41:09.881+0000] {logging_mixin.py:190} INFO - Current task name:pipeline state:running start_date:2025-03-22 12:41:07.500460+00:00
[2025-03-22T12:41:09.882+0000] {logging_mixin.py:190} INFO - Dag name:car_price_prediction and current dag run status:running
[2025-03-22T12:41:09.883+0000] {taskinstance.py:732} INFO - ::endgroup::
[2025-03-22T12:41:17.458+0000] {pipeline.py:116} INFO - model: LogisticRegression, acc_mean: 0.7591, acc_std: 0.0075
[2025-03-22T12:42:51.754+0000] {job.py:229} INFO - Heartbeat recovered after 12.03 seconds
[2025-03-22T12:43:23.885+0000] {job.py:229} INFO - Heartbeat recovered after 21.46 seconds
[2025-03-22T12:43:30.331+0000] {pipeline.py:116} INFO - model: RandomForestClassifier, acc_mean: 0.7769, acc_std: 0.0025
