[2025-03-22T12:30:35.078+0000] {local_task_job_runner.py:123} INFO - ::group::Pre task execution logs
[2025-03-22T12:30:35.135+0000] {taskinstance.py:2614} INFO - Dependencies all met for dep_context=non-requeueable deps ti=<TaskInstance: car_price_prediction.pipeline scheduled__2022-07-26T15:00:00+00:00 [queued]>
[2025-03-22T12:30:35.291+0000] {taskinstance.py:2614} INFO - Dependencies all met for dep_context=requeueable deps ti=<TaskInstance: car_price_prediction.pipeline scheduled__2022-07-26T15:00:00+00:00 [queued]>
[2025-03-22T12:30:35.298+0000] {taskinstance.py:2867} INFO - Starting attempt 1 of 2
[2025-03-22T12:30:35.428+0000] {taskinstance.py:2890} INFO - Executing <Task(PythonOperator): pipeline> on 2022-07-26 15:00:00+00:00
[2025-03-22T12:30:35.520+0000] {standard_task_runner.py:104} INFO - Running: ['***', 'tasks', 'run', 'car_price_prediction', 'pipeline', 'scheduled__2022-07-26T15:00:00+00:00', '--job-id', '102', '--raw', '--subdir', 'DAGS_FOLDER/hw_dag.py', '--cfg-path', '/tmp/tmpmeuwsu8w']
[2025-03-22T12:30:35.544+0000] {standard_task_runner.py:105} INFO - Job 102: Subtask pipeline
[2025-03-22T12:30:35.542+0000] {warnings.py:112} WARNING - /home/***/.local/lib/python3.12/site-packages/***/task/task_runner/standard_task_runner.py:70: DeprecationWarning: This process (pid=1033) is multi-threaded, use of fork() may lead to deadlocks in the child.
  pid = os.fork()

[2025-03-22T12:30:35.592+0000] {standard_task_runner.py:72} INFO - Started process 1069 to run task
[2025-03-22T12:30:36.035+0000] {task_command.py:467} INFO - Running <TaskInstance: car_price_prediction.pipeline scheduled__2022-07-26T15:00:00+00:00 [running]> on host 16707b17f984
[2025-03-22T12:30:36.876+0000] {taskinstance.py:3134} INFO - Exporting env vars: AIRFLOW_CTX_DAG_OWNER='***' AIRFLOW_CTX_DAG_ID='car_price_prediction' AIRFLOW_CTX_TASK_ID='pipeline' AIRFLOW_CTX_EXECUTION_DATE='2022-07-26T15:00:00+00:00' AIRFLOW_CTX_TRY_NUMBER='1' AIRFLOW_CTX_DAG_RUN_ID='scheduled__2022-07-26T15:00:00+00:00'
[2025-03-22T12:30:36.887+0000] {logging_mixin.py:190} INFO - Task instance is in running state
[2025-03-22T12:30:36.891+0000] {logging_mixin.py:190} INFO -  Previous state of the Task instance: queued
[2025-03-22T12:30:36.899+0000] {logging_mixin.py:190} INFO - Current task name:pipeline state:running start_date:2025-03-22 12:30:35.142255+00:00
[2025-03-22T12:30:36.901+0000] {logging_mixin.py:190} INFO - Dag name:car_price_prediction and current dag run status:running
[2025-03-22T12:30:36.902+0000] {taskinstance.py:732} INFO - ::endgroup::
[2025-03-22T12:30:42.467+0000] {pipeline.py:116} INFO - model: LogisticRegression, acc_mean: 0.7591, acc_std: 0.0075
[2025-03-22T12:30:54.037+0000] {job.py:229} INFO - Heartbeat recovered after 13.14 seconds
[2025-03-22T12:31:03.446+0000] {job.py:229} INFO - Heartbeat recovered after 13.87 seconds
[2025-03-22T12:31:21.778+0000] {job.py:229} INFO - Heartbeat recovered after 12.93 seconds
[2025-03-22T12:32:25.568+0000] {local_task_job_runner.py:266} INFO - Task exited with return code -9. For more information, see https://***.apache.org/docs/apache-***/stable/troubleshooting.html#LocalTaskJob-killed
[2025-03-22T12:32:26.053+0000] {taskinstance.py:3901} INFO - 0 downstream tasks scheduled from follow-on schedule check
[2025-03-22T12:32:26.069+0000] {local_task_job_runner.py:245} INFO - ::endgroup::
