[2025-03-22T12:41:25.865+0000] {local_task_job_runner.py:123} INFO - ::group::Pre task execution logs
[2025-03-22T12:41:25.990+0000] {taskinstance.py:2614} INFO - Dependencies all met for dep_context=non-requeueable deps ti=<TaskInstance: car_price_prediction.pipeline scheduled__2022-08-20T15:00:00+00:00 [queued]>
[2025-03-22T12:41:26.046+0000] {taskinstance.py:2614} INFO - Dependencies all met for dep_context=requeueable deps ti=<TaskInstance: car_price_prediction.pipeline scheduled__2022-08-20T15:00:00+00:00 [queued]>
[2025-03-22T12:41:26.051+0000] {taskinstance.py:2867} INFO - Starting attempt 1 of 2
[2025-03-22T12:41:26.103+0000] {taskinstance.py:2890} INFO - Executing <Task(PythonOperator): pipeline> on 2022-08-20 15:00:00+00:00
[2025-03-22T12:41:26.162+0000] {warnings.py:112} WARNING - /home/***/.local/lib/python3.12/site-packages/***/task/task_runner/standard_task_runner.py:70: DeprecationWarning: This process (pid=1693) is multi-threaded, use of fork() may lead to deadlocks in the child.
  pid = os.fork()

[2025-03-22T12:41:26.169+0000] {standard_task_runner.py:72} INFO - Started process 1727 to run task
[2025-03-22T12:41:26.169+0000] {standard_task_runner.py:104} INFO - Running: ['***', 'tasks', 'run', 'car_price_prediction', 'pipeline', 'scheduled__2022-08-20T15:00:00+00:00', '--job-id', '158', '--raw', '--subdir', 'DAGS_FOLDER/hw_dag.py', '--cfg-path', '/tmp/tmp1vq0ut6k']
[2025-03-22T12:41:26.179+0000] {standard_task_runner.py:105} INFO - Job 158: Subtask pipeline
[2025-03-22T12:41:26.592+0000] {task_command.py:467} INFO - Running <TaskInstance: car_price_prediction.pipeline scheduled__2022-08-20T15:00:00+00:00 [running]> on host 16707b17f984
[2025-03-22T12:41:26.893+0000] {taskinstance.py:3134} INFO - Exporting env vars: AIRFLOW_CTX_DAG_OWNER='***' AIRFLOW_CTX_DAG_ID='car_price_prediction' AIRFLOW_CTX_TASK_ID='pipeline' AIRFLOW_CTX_EXECUTION_DATE='2022-08-20T15:00:00+00:00' AIRFLOW_CTX_TRY_NUMBER='1' AIRFLOW_CTX_DAG_RUN_ID='scheduled__2022-08-20T15:00:00+00:00'
[2025-03-22T12:41:26.904+0000] {logging_mixin.py:190} INFO - Task instance is in running state
[2025-03-22T12:41:26.910+0000] {logging_mixin.py:190} INFO -  Previous state of the Task instance: queued
[2025-03-22T12:41:26.911+0000] {logging_mixin.py:190} INFO - Current task name:pipeline state:running start_date:2025-03-22 12:41:25.994986+00:00
[2025-03-22T12:41:26.916+0000] {logging_mixin.py:190} INFO - Dag name:car_price_prediction and current dag run status:running
[2025-03-22T12:41:26.917+0000] {taskinstance.py:732} INFO - ::endgroup::
[2025-03-22T12:41:32.432+0000] {pipeline.py:116} INFO - model: LogisticRegression, acc_mean: 0.7591, acc_std: 0.0075
[2025-03-22T12:42:51.816+0000] {job.py:229} INFO - Heartbeat recovered after 12.11 seconds
[2025-03-22T12:43:23.890+0000] {job.py:229} INFO - Heartbeat recovered after 21.58 seconds
[2025-03-22T12:43:46.498+0000] {pipeline.py:116} INFO - model: RandomForestClassifier, acc_mean: 0.7769, acc_std: 0.0025
