[2025-03-22T12:31:59.014+0000] {local_task_job_runner.py:123} INFO - ::group::Pre task execution logs
[2025-03-22T12:31:59.105+0000] {taskinstance.py:2614} INFO - Dependencies all met for dep_context=non-requeueable deps ti=<TaskInstance: car_price_prediction.pipeline scheduled__2022-07-16T15:00:00+00:00 [queued]>
[2025-03-22T12:31:59.127+0000] {taskinstance.py:2614} INFO - Dependencies all met for dep_context=requeueable deps ti=<TaskInstance: car_price_prediction.pipeline scheduled__2022-07-16T15:00:00+00:00 [queued]>
[2025-03-22T12:31:59.128+0000] {taskinstance.py:2867} INFO - Starting attempt 2 of 2
[2025-03-22T12:31:59.194+0000] {taskinstance.py:2890} INFO - Executing <Task(PythonOperator): pipeline> on 2022-07-16 15:00:00+00:00
[2025-03-22T12:31:59.335+0000] {warnings.py:112} WARNING - /home/***/.local/lib/python3.12/site-packages/***/task/task_runner/standard_task_runner.py:70: DeprecationWarning: This process (pid=1097) is multi-threaded, use of fork() may lead to deadlocks in the child.
  pid = os.fork()

[2025-03-22T12:31:59.359+0000] {standard_task_runner.py:72} INFO - Started process 1140 to run task
[2025-03-22T12:31:59.340+0000] {standard_task_runner.py:104} INFO - Running: ['***', 'tasks', 'run', 'car_price_prediction', 'pipeline', 'scheduled__2022-07-16T15:00:00+00:00', '--job-id', '107', '--raw', '--subdir', 'DAGS_FOLDER/hw_dag.py', '--cfg-path', '/tmp/tmpwk5a0_zf']
[2025-03-22T12:31:59.389+0000] {standard_task_runner.py:105} INFO - Job 107: Subtask pipeline
[2025-03-22T12:31:59.623+0000] {task_command.py:467} INFO - Running <TaskInstance: car_price_prediction.pipeline scheduled__2022-07-16T15:00:00+00:00 [running]> on host 16707b17f984
[2025-03-22T12:31:59.917+0000] {taskinstance.py:3134} INFO - Exporting env vars: AIRFLOW_CTX_DAG_OWNER='***' AIRFLOW_CTX_DAG_ID='car_price_prediction' AIRFLOW_CTX_TASK_ID='pipeline' AIRFLOW_CTX_EXECUTION_DATE='2022-07-16T15:00:00+00:00' AIRFLOW_CTX_TRY_NUMBER='2' AIRFLOW_CTX_DAG_RUN_ID='scheduled__2022-07-16T15:00:00+00:00'
[2025-03-22T12:31:59.926+0000] {logging_mixin.py:190} INFO - Task instance is in running state
[2025-03-22T12:31:59.926+0000] {logging_mixin.py:190} INFO -  Previous state of the Task instance: queued
[2025-03-22T12:31:59.930+0000] {logging_mixin.py:190} INFO - Current task name:pipeline state:running start_date:2025-03-22 12:31:59.106839+00:00
[2025-03-22T12:31:59.934+0000] {logging_mixin.py:190} INFO - Dag name:car_price_prediction and current dag run status:running
[2025-03-22T12:31:59.944+0000] {taskinstance.py:732} INFO - ::endgroup::
[2025-03-22T12:32:08.827+0000] {pipeline.py:116} INFO - model: LogisticRegression, acc_mean: 0.7591, acc_std: 0.0075
[2025-03-22T12:34:11.228+0000] {pipeline.py:116} INFO - model: RandomForestClassifier, acc_mean: 0.7769, acc_std: 0.0025
[2025-03-22T12:34:57.868+0000] {pipeline.py:116} INFO - model: SVC, acc_mean: 0.7871, acc_std: 0.0042
[2025-03-22T12:34:57.878+0000] {pipeline.py:121} INFO - best model: SVC, accuracy: 0.7871
[2025-03-22T12:35:18.329+0000] {pipeline.py:129} INFO - Model is saved as /opt/***/data/models/cars_pipe_202503221235.pkl
[2025-03-22T12:35:18.633+0000] {python.py:240} INFO - Done. Returned value was: None
[2025-03-22T12:35:18.920+0000] {taskinstance.py:341} INFO - ::group::Post task execution logs
[2025-03-22T12:35:18.925+0000] {taskinstance.py:353} INFO - Marking task as SUCCESS. dag_id=car_price_prediction, task_id=pipeline, run_id=scheduled__2022-07-16T15:00:00+00:00, execution_date=20220716T150000, start_date=20250322T123159, end_date=20250322T123518
[2025-03-22T12:35:19.296+0000] {logging_mixin.py:190} INFO - Task instance in success state
[2025-03-22T12:35:19.347+0000] {logging_mixin.py:190} INFO -  Previous state of the Task instance: running
[2025-03-22T12:35:19.350+0000] {logging_mixin.py:190} INFO - Dag name:car_price_prediction queued_at:2025-03-22 12:25:58.376162+00:00
[2025-03-22T12:35:19.350+0000] {logging_mixin.py:190} INFO - Task hostname:16707b17f984 operator:PythonOperator
[2025-03-22T12:35:19.632+0000] {local_task_job_runner.py:266} INFO - Task exited with return code 0
[2025-03-22T12:35:19.736+0000] {local_task_job_runner.py:245} INFO - ::endgroup::
