[2025-03-22T12:30:23.347+0000] {local_task_job_runner.py:123} INFO - ::group::Pre task execution logs
[2025-03-22T12:30:23.445+0000] {taskinstance.py:2614} INFO - Dependencies all met for dep_context=non-requeueable deps ti=<TaskInstance: car_price_prediction.pipeline scheduled__2022-07-25T15:00:00+00:00 [queued]>
[2025-03-22T12:30:23.470+0000] {taskinstance.py:2614} INFO - Dependencies all met for dep_context=requeueable deps ti=<TaskInstance: car_price_prediction.pipeline scheduled__2022-07-25T15:00:00+00:00 [queued]>
[2025-03-22T12:30:23.476+0000] {taskinstance.py:2867} INFO - Starting attempt 1 of 2
[2025-03-22T12:30:23.564+0000] {taskinstance.py:2890} INFO - Executing <Task(PythonOperator): pipeline> on 2022-07-25 15:00:00+00:00
[2025-03-22T12:30:23.665+0000] {warnings.py:112} WARNING - /home/***/.local/lib/python3.12/site-packages/***/task/task_runner/standard_task_runner.py:70: DeprecationWarning: This process (pid=1025) is multi-threaded, use of fork() may lead to deadlocks in the child.
  pid = os.fork()

[2025-03-22T12:30:23.683+0000] {standard_task_runner.py:104} INFO - Running: ['***', 'tasks', 'run', 'car_price_prediction', 'pipeline', 'scheduled__2022-07-25T15:00:00+00:00', '--job-id', '101', '--raw', '--subdir', 'DAGS_FOLDER/hw_dag.py', '--cfg-path', '/tmp/tmpy7ma98q4']
[2025-03-22T12:30:23.714+0000] {standard_task_runner.py:72} INFO - Started process 1060 to run task
[2025-03-22T12:30:23.736+0000] {standard_task_runner.py:105} INFO - Job 101: Subtask pipeline
[2025-03-22T12:30:24.207+0000] {task_command.py:467} INFO - Running <TaskInstance: car_price_prediction.pipeline scheduled__2022-07-25T15:00:00+00:00 [running]> on host 16707b17f984
[2025-03-22T12:30:24.934+0000] {taskinstance.py:3134} INFO - Exporting env vars: AIRFLOW_CTX_DAG_OWNER='***' AIRFLOW_CTX_DAG_ID='car_price_prediction' AIRFLOW_CTX_TASK_ID='pipeline' AIRFLOW_CTX_EXECUTION_DATE='2022-07-25T15:00:00+00:00' AIRFLOW_CTX_TRY_NUMBER='1' AIRFLOW_CTX_DAG_RUN_ID='scheduled__2022-07-25T15:00:00+00:00'
[2025-03-22T12:30:24.958+0000] {logging_mixin.py:190} INFO - Task instance is in running state
[2025-03-22T12:30:24.966+0000] {logging_mixin.py:190} INFO -  Previous state of the Task instance: queued
[2025-03-22T12:30:24.967+0000] {logging_mixin.py:190} INFO - Current task name:pipeline state:running start_date:2025-03-22 12:30:23.445969+00:00
[2025-03-22T12:30:24.967+0000] {logging_mixin.py:190} INFO - Dag name:car_price_prediction and current dag run status:running
[2025-03-22T12:30:24.967+0000] {taskinstance.py:732} INFO - ::endgroup::
[2025-03-22T12:30:34.135+0000] {pipeline.py:116} INFO - model: LogisticRegression, acc_mean: 0.7591, acc_std: 0.0075
[2025-03-22T12:31:02.949+0000] {job.py:229} INFO - Heartbeat recovered after 14.99 seconds
[2025-03-22T12:31:21.635+0000] {job.py:229} INFO - Heartbeat recovered after 13.08 seconds
[2025-03-22T12:32:57.271+0000] {pipeline.py:116} INFO - model: RandomForestClassifier, acc_mean: 0.7769, acc_std: 0.0025
[2025-03-22T12:33:58.690+0000] {pipeline.py:116} INFO - model: SVC, acc_mean: 0.7871, acc_std: 0.0042
[2025-03-22T12:33:58.709+0000] {pipeline.py:121} INFO - best model: SVC, accuracy: 0.7871
[2025-03-22T12:34:16.421+0000] {pipeline.py:129} INFO - Model is saved as /opt/***/data/models/cars_pipe_202503221234.pkl
[2025-03-22T12:34:16.762+0000] {python.py:240} INFO - Done. Returned value was: None
[2025-03-22T12:34:16.838+0000] {taskinstance.py:341} INFO - ::group::Post task execution logs
[2025-03-22T12:34:16.839+0000] {taskinstance.py:353} INFO - Marking task as SUCCESS. dag_id=car_price_prediction, task_id=pipeline, run_id=scheduled__2022-07-25T15:00:00+00:00, execution_date=20220725T150000, start_date=20250322T123023, end_date=20250322T123416
[2025-03-22T12:34:17.457+0000] {logging_mixin.py:190} INFO - Task instance in success state
[2025-03-22T12:34:17.460+0000] {logging_mixin.py:190} INFO -  Previous state of the Task instance: running
[2025-03-22T12:34:17.481+0000] {logging_mixin.py:190} INFO - Dag name:car_price_prediction queued_at:2025-03-22 12:29:46.457189+00:00
[2025-03-22T12:34:17.501+0000] {logging_mixin.py:190} INFO - Task hostname:16707b17f984 operator:PythonOperator
[2025-03-22T12:34:17.706+0000] {local_task_job_runner.py:266} INFO - Task exited with return code 0
[2025-03-22T12:34:17.952+0000] {taskinstance.py:3901} INFO - 1 downstream tasks scheduled from follow-on schedule check
[2025-03-22T12:34:17.965+0000] {local_task_job_runner.py:245} INFO - ::endgroup::
