[2025-03-22T12:35:30.707+0000] {local_task_job_runner.py:123} INFO - ::group::Pre task execution logs
[2025-03-22T12:35:30.854+0000] {taskinstance.py:2614} INFO - Dependencies all met for dep_context=non-requeueable deps ti=<TaskInstance: car_price_prediction.pipeline scheduled__2022-07-30T15:00:00+00:00 [queued]>
[2025-03-22T12:35:30.872+0000] {taskinstance.py:2614} INFO - Dependencies all met for dep_context=requeueable deps ti=<TaskInstance: car_price_prediction.pipeline scheduled__2022-07-30T15:00:00+00:00 [queued]>
[2025-03-22T12:35:30.887+0000] {taskinstance.py:2867} INFO - Starting attempt 2 of 2
[2025-03-22T12:35:30.972+0000] {taskinstance.py:2890} INFO - Executing <Task(PythonOperator): pipeline> on 2022-07-30 15:00:00+00:00
[2025-03-22T12:35:31.202+0000] {warnings.py:112} WARNING - /home/***/.local/lib/python3.12/site-packages/***/task/task_runner/standard_task_runner.py:70: DeprecationWarning: This process (pid=1305) is multi-threaded, use of fork() may lead to deadlocks in the child.
  pid = os.fork()

[2025-03-22T12:35:31.257+0000] {standard_task_runner.py:72} INFO - Started process 1353 to run task
[2025-03-22T12:35:31.273+0000] {standard_task_runner.py:104} INFO - Running: ['***', 'tasks', 'run', 'car_price_prediction', 'pipeline', 'scheduled__2022-07-30T15:00:00+00:00', '--job-id', '124', '--raw', '--subdir', 'DAGS_FOLDER/hw_dag.py', '--cfg-path', '/tmp/tmpmoulwvhj']
[2025-03-22T12:35:31.354+0000] {standard_task_runner.py:105} INFO - Job 124: Subtask pipeline
[2025-03-22T12:35:32.065+0000] {task_command.py:467} INFO - Running <TaskInstance: car_price_prediction.pipeline scheduled__2022-07-30T15:00:00+00:00 [running]> on host 16707b17f984
[2025-03-22T12:35:32.844+0000] {taskinstance.py:3134} INFO - Exporting env vars: AIRFLOW_CTX_DAG_OWNER='***' AIRFLOW_CTX_DAG_ID='car_price_prediction' AIRFLOW_CTX_TASK_ID='pipeline' AIRFLOW_CTX_EXECUTION_DATE='2022-07-30T15:00:00+00:00' AIRFLOW_CTX_TRY_NUMBER='2' AIRFLOW_CTX_DAG_RUN_ID='scheduled__2022-07-30T15:00:00+00:00'
[2025-03-22T12:35:32.860+0000] {logging_mixin.py:190} INFO - Task instance is in running state
[2025-03-22T12:35:32.877+0000] {logging_mixin.py:190} INFO -  Previous state of the Task instance: queued
[2025-03-22T12:35:32.932+0000] {logging_mixin.py:190} INFO - Current task name:pipeline state:running start_date:2025-03-22 12:35:30.856061+00:00
[2025-03-22T12:35:32.933+0000] {logging_mixin.py:190} INFO - Dag name:car_price_prediction and current dag run status:running
[2025-03-22T12:35:32.969+0000] {taskinstance.py:732} INFO - ::endgroup::
[2025-03-22T12:35:48.212+0000] {pipeline.py:116} INFO - model: LogisticRegression, acc_mean: 0.7591, acc_std: 0.0075
[2025-03-22T12:37:56.901+0000] {pipeline.py:116} INFO - model: RandomForestClassifier, acc_mean: 0.7769, acc_std: 0.0025
[2025-03-22T12:38:48.420+0000] {pipeline.py:116} INFO - model: SVC, acc_mean: 0.7871, acc_std: 0.0042
[2025-03-22T12:38:48.428+0000] {pipeline.py:121} INFO - best model: SVC, accuracy: 0.7871
[2025-03-22T12:39:06.976+0000] {pipeline.py:129} INFO - Model is saved as /opt/***/data/models/cars_pipe_202503221239.pkl
[2025-03-22T12:39:07.312+0000] {python.py:240} INFO - Done. Returned value was: None
[2025-03-22T12:39:07.382+0000] {taskinstance.py:341} INFO - ::group::Post task execution logs
[2025-03-22T12:39:07.390+0000] {taskinstance.py:353} INFO - Marking task as SUCCESS. dag_id=car_price_prediction, task_id=pipeline, run_id=scheduled__2022-07-30T15:00:00+00:00, execution_date=20220730T150000, start_date=20250322T123530, end_date=20250322T123907
[2025-03-22T12:39:07.672+0000] {logging_mixin.py:190} INFO - Task instance in success state
[2025-03-22T12:39:07.678+0000] {logging_mixin.py:190} INFO -  Previous state of the Task instance: running
[2025-03-22T12:39:07.699+0000] {logging_mixin.py:190} INFO - Dag name:car_price_prediction queued_at:2025-03-22 12:31:57.771460+00:00
[2025-03-22T12:39:07.703+0000] {logging_mixin.py:190} INFO - Task hostname:16707b17f984 operator:PythonOperator
[2025-03-22T12:39:07.764+0000] {local_task_job_runner.py:266} INFO - Task exited with return code 0
[2025-03-22T12:39:07.962+0000] {taskinstance.py:3901} INFO - 1 downstream tasks scheduled from follow-on schedule check
[2025-03-22T12:39:07.986+0000] {local_task_job_runner.py:245} INFO - ::endgroup::
