[2025-03-22T12:21:08.270+0000] {local_task_job_runner.py:123} INFO - ::group::Pre task execution logs
[2025-03-22T12:21:08.355+0000] {taskinstance.py:2614} INFO - Dependencies all met for dep_context=non-requeueable deps ti=<TaskInstance: car_price_prediction.pipeline scheduled__2022-07-04T15:00:00+00:00 [queued]>
[2025-03-22T12:21:08.393+0000] {taskinstance.py:2614} INFO - Dependencies all met for dep_context=requeueable deps ti=<TaskInstance: car_price_prediction.pipeline scheduled__2022-07-04T15:00:00+00:00 [queued]>
[2025-03-22T12:21:08.398+0000] {taskinstance.py:2867} INFO - Starting attempt 1 of 2
[2025-03-22T12:21:08.479+0000] {taskinstance.py:2890} INFO - Executing <Task(PythonOperator): pipeline> on 2022-07-04 15:00:00+00:00
[2025-03-22T12:21:08.519+0000] {warnings.py:112} WARNING - /home/***/.local/lib/python3.12/site-packages/***/task/task_runner/standard_task_runner.py:70: DeprecationWarning: This process (pid=463) is multi-threaded, use of fork() may lead to deadlocks in the child.
  pid = os.fork()

[2025-03-22T12:21:08.539+0000] {standard_task_runner.py:72} INFO - Started process 520 to run task
[2025-03-22T12:21:08.540+0000] {standard_task_runner.py:104} INFO - Running: ['***', 'tasks', 'run', 'car_price_prediction', 'pipeline', 'scheduled__2022-07-04T15:00:00+00:00', '--job-id', '53', '--raw', '--subdir', 'DAGS_FOLDER/hw_dag.py', '--cfg-path', '/tmp/tmp9atnh3fy']
[2025-03-22T12:21:08.546+0000] {standard_task_runner.py:105} INFO - Job 53: Subtask pipeline
[2025-03-22T12:21:08.698+0000] {task_command.py:467} INFO - Running <TaskInstance: car_price_prediction.pipeline scheduled__2022-07-04T15:00:00+00:00 [running]> on host 16707b17f984
[2025-03-22T12:21:09.001+0000] {taskinstance.py:3134} INFO - Exporting env vars: AIRFLOW_CTX_DAG_OWNER='***' AIRFLOW_CTX_DAG_ID='car_price_prediction' AIRFLOW_CTX_TASK_ID='pipeline' AIRFLOW_CTX_EXECUTION_DATE='2022-07-04T15:00:00+00:00' AIRFLOW_CTX_TRY_NUMBER='1' AIRFLOW_CTX_DAG_RUN_ID='scheduled__2022-07-04T15:00:00+00:00'
[2025-03-22T12:21:09.008+0000] {logging_mixin.py:190} INFO - Task instance is in running state
[2025-03-22T12:21:09.012+0000] {logging_mixin.py:190} INFO -  Previous state of the Task instance: queued
[2025-03-22T12:21:09.014+0000] {logging_mixin.py:190} INFO - Current task name:pipeline state:running start_date:2025-03-22 12:21:08.355643+00:00
[2025-03-22T12:21:09.015+0000] {logging_mixin.py:190} INFO - Dag name:car_price_prediction and current dag run status:running
[2025-03-22T12:21:09.018+0000] {taskinstance.py:732} INFO - ::endgroup::
[2025-03-22T12:21:16.258+0000] {pipeline.py:116} INFO - model: LogisticRegression, acc_mean: 0.7591, acc_std: 0.0075
[2025-03-22T12:21:42.729+0000] {job.py:229} INFO - Heartbeat recovered after 12.54 seconds
[2025-03-22T12:22:41.531+0000] {job.py:229} INFO - Heartbeat recovered after 27.51 seconds
[2025-03-22T12:22:47.232+0000] {job.py:229} INFO - Heartbeat recovered after 13.30 seconds
[2025-03-22T12:23:35.783+0000] {job.py:229} INFO - Heartbeat recovered after 38.27 seconds
[2025-03-22T12:23:52.543+0000] {pipeline.py:116} INFO - model: RandomForestClassifier, acc_mean: 0.7769, acc_std: 0.0025
[2025-03-22T12:24:11.230+0000] {local_task_job_runner.py:266} INFO - Task exited with return code -9. For more information, see https://***.apache.org/docs/apache-***/stable/troubleshooting.html#LocalTaskJob-killed
[2025-03-22T12:24:11.475+0000] {local_task_job_runner.py:245} INFO - ::endgroup::
