[2025-03-22T12:16:57.170+0000] {local_task_job_runner.py:123} INFO - ::group::Pre task execution logs
[2025-03-22T12:16:57.190+0000] {taskinstance.py:2614} INFO - Dependencies all met for dep_context=non-requeueable deps ti=<TaskInstance: car_price_prediction.pipeline scheduled__2022-06-18T15:00:00+00:00 [queued]>
[2025-03-22T12:16:57.201+0000] {taskinstance.py:2614} INFO - Dependencies all met for dep_context=requeueable deps ti=<TaskInstance: car_price_prediction.pipeline scheduled__2022-06-18T15:00:00+00:00 [queued]>
[2025-03-22T12:16:57.201+0000] {taskinstance.py:2867} INFO - Starting attempt 1 of 2
[2025-03-22T12:16:57.227+0000] {taskinstance.py:2890} INFO - Executing <Task(PythonOperator): pipeline> on 2022-06-18 15:00:00+00:00
[2025-03-22T12:16:57.256+0000] {warnings.py:112} WARNING - /home/***/.local/lib/python3.12/site-packages/***/task/task_runner/standard_task_runner.py:70: DeprecationWarning: This process (pid=76) is multi-threaded, use of fork() may lead to deadlocks in the child.
  pid = os.fork()

[2025-03-22T12:16:57.261+0000] {standard_task_runner.py:72} INFO - Started process 195 to run task
[2025-03-22T12:16:57.257+0000] {standard_task_runner.py:104} INFO - Running: ['***', 'tasks', 'run', 'car_price_prediction', 'pipeline', 'scheduled__2022-06-18T15:00:00+00:00', '--job-id', '27', '--raw', '--subdir', 'DAGS_FOLDER/hw_dag.py', '--cfg-path', '/tmp/tmpstbvm1d6']
[2025-03-22T12:16:57.276+0000] {standard_task_runner.py:105} INFO - Job 27: Subtask pipeline
[2025-03-22T12:16:57.626+0000] {task_command.py:467} INFO - Running <TaskInstance: car_price_prediction.pipeline scheduled__2022-06-18T15:00:00+00:00 [running]> on host 16707b17f984
[2025-03-22T12:16:57.820+0000] {taskinstance.py:3134} INFO - Exporting env vars: AIRFLOW_CTX_DAG_OWNER='***' AIRFLOW_CTX_DAG_ID='car_price_prediction' AIRFLOW_CTX_TASK_ID='pipeline' AIRFLOW_CTX_EXECUTION_DATE='2022-06-18T15:00:00+00:00' AIRFLOW_CTX_TRY_NUMBER='1' AIRFLOW_CTX_DAG_RUN_ID='scheduled__2022-06-18T15:00:00+00:00'
[2025-03-22T12:16:57.829+0000] {logging_mixin.py:190} INFO - Task instance is in running state
[2025-03-22T12:16:57.836+0000] {logging_mixin.py:190} INFO -  Previous state of the Task instance: queued
[2025-03-22T12:16:57.837+0000] {logging_mixin.py:190} INFO - Current task name:pipeline state:running start_date:2025-03-22 12:16:57.190816+00:00
[2025-03-22T12:16:57.843+0000] {logging_mixin.py:190} INFO - Dag name:car_price_prediction and current dag run status:running
[2025-03-22T12:16:57.847+0000] {taskinstance.py:732} INFO - ::endgroup::
[2025-03-22T12:17:05.625+0000] {pipeline.py:116} INFO - model: LogisticRegression, acc_mean: 0.7591, acc_std: 0.0075
[2025-03-22T12:17:22.279+0000] {job.py:229} INFO - Heartbeat recovered after 19.21 seconds
[2025-03-22T12:17:30.015+0000] {job.py:229} INFO - Heartbeat recovered after 15.85 seconds
[2025-03-22T12:17:49.713+0000] {job.py:229} INFO - Heartbeat recovered after 19.84 seconds
[2025-03-22T12:19:06.550+0000] {pipeline.py:116} INFO - model: RandomForestClassifier, acc_mean: 0.7769, acc_std: 0.0025
[2025-03-22T12:19:15.298+0000] {job.py:229} INFO - Heartbeat recovered after 11.27 seconds
[2025-03-22T12:19:38.529+0000] {job.py:229} INFO - Heartbeat recovered after 10.97 seconds
[2025-03-22T12:19:59.999+0000] {pipeline.py:116} INFO - model: SVC, acc_mean: 0.7871, acc_std: 0.0042
[2025-03-22T12:20:00.013+0000] {pipeline.py:121} INFO - best model: SVC, accuracy: 0.7871
[2025-03-22T12:20:13.467+0000] {pipeline.py:129} INFO - Model is saved as /opt/***/data/models/cars_pipe_202503221220.pkl
[2025-03-22T12:20:13.616+0000] {python.py:240} INFO - Done. Returned value was: None
[2025-03-22T12:20:13.799+0000] {taskinstance.py:341} INFO - ::group::Post task execution logs
[2025-03-22T12:20:13.815+0000] {taskinstance.py:353} INFO - Marking task as SUCCESS. dag_id=car_price_prediction, task_id=pipeline, run_id=scheduled__2022-06-18T15:00:00+00:00, execution_date=20220618T150000, start_date=20250322T121657, end_date=20250322T122013
[2025-03-22T12:20:14.110+0000] {logging_mixin.py:190} INFO - Task instance in success state
[2025-03-22T12:20:14.111+0000] {logging_mixin.py:190} INFO -  Previous state of the Task instance: running
[2025-03-22T12:20:14.123+0000] {logging_mixin.py:190} INFO - Dag name:car_price_prediction queued_at:2025-03-22 12:16:48.105214+00:00
[2025-03-22T12:20:14.137+0000] {logging_mixin.py:190} INFO - Task hostname:16707b17f984 operator:PythonOperator
[2025-03-22T12:20:14.288+0000] {local_task_job_runner.py:266} INFO - Task exited with return code 0
[2025-03-22T12:20:14.368+0000] {local_task_job_runner.py:245} INFO - ::endgroup::
