[2025-03-22T12:41:25.864+0000] {local_task_job_runner.py:123} INFO - ::group::Pre task execution logs
[2025-03-22T12:41:25.944+0000] {taskinstance.py:2614} INFO - Dependencies all met for dep_context=non-requeueable deps ti=<TaskInstance: car_price_prediction.pipeline scheduled__2022-08-12T15:00:00+00:00 [queued]>
[2025-03-22T12:41:25.998+0000] {taskinstance.py:2614} INFO - Dependencies all met for dep_context=requeueable deps ti=<TaskInstance: car_price_prediction.pipeline scheduled__2022-08-12T15:00:00+00:00 [queued]>
[2025-03-22T12:41:26.008+0000] {taskinstance.py:2867} INFO - Starting attempt 2 of 2
[2025-03-22T12:41:26.092+0000] {taskinstance.py:2890} INFO - Executing <Task(PythonOperator): pipeline> on 2022-08-12 15:00:00+00:00
[2025-03-22T12:41:26.178+0000] {warnings.py:112} WARNING - /home/***/.local/lib/python3.12/site-packages/***/task/task_runner/standard_task_runner.py:70: DeprecationWarning: This process (pid=1692) is multi-threaded, use of fork() may lead to deadlocks in the child.
  pid = os.fork()

[2025-03-22T12:41:26.188+0000] {standard_task_runner.py:72} INFO - Started process 1728 to run task
[2025-03-22T12:41:26.187+0000] {standard_task_runner.py:104} INFO - Running: ['***', 'tasks', 'run', 'car_price_prediction', 'pipeline', 'scheduled__2022-08-12T15:00:00+00:00', '--job-id', '156', '--raw', '--subdir', 'DAGS_FOLDER/hw_dag.py', '--cfg-path', '/tmp/tmpqcvjpw40']
[2025-03-22T12:41:26.192+0000] {standard_task_runner.py:105} INFO - Job 156: Subtask pipeline
[2025-03-22T12:41:26.426+0000] {task_command.py:467} INFO - Running <TaskInstance: car_price_prediction.pipeline scheduled__2022-08-12T15:00:00+00:00 [running]> on host 16707b17f984
[2025-03-22T12:41:26.823+0000] {taskinstance.py:3134} INFO - Exporting env vars: AIRFLOW_CTX_DAG_OWNER='***' AIRFLOW_CTX_DAG_ID='car_price_prediction' AIRFLOW_CTX_TASK_ID='pipeline' AIRFLOW_CTX_EXECUTION_DATE='2022-08-12T15:00:00+00:00' AIRFLOW_CTX_TRY_NUMBER='2' AIRFLOW_CTX_DAG_RUN_ID='scheduled__2022-08-12T15:00:00+00:00'
[2025-03-22T12:41:26.830+0000] {logging_mixin.py:190} INFO - Task instance is in running state
[2025-03-22T12:41:26.836+0000] {logging_mixin.py:190} INFO -  Previous state of the Task instance: queued
[2025-03-22T12:41:26.838+0000] {logging_mixin.py:190} INFO - Current task name:pipeline state:running start_date:2025-03-22 12:41:25.949835+00:00
[2025-03-22T12:41:26.846+0000] {logging_mixin.py:190} INFO - Dag name:car_price_prediction and current dag run status:running
[2025-03-22T12:41:26.850+0000] {taskinstance.py:732} INFO - ::endgroup::
[2025-03-22T12:41:32.422+0000] {pipeline.py:116} INFO - model: LogisticRegression, acc_mean: 0.7591, acc_std: 0.0075
[2025-03-22T12:42:51.605+0000] {job.py:229} INFO - Heartbeat recovered after 11.80 seconds
[2025-03-22T12:43:23.789+0000] {job.py:229} INFO - Heartbeat recovered after 21.15 seconds
[2025-03-22T12:43:43.069+0000] {pipeline.py:116} INFO - model: RandomForestClassifier, acc_mean: 0.7769, acc_std: 0.0025
