[2025-03-22T12:16:57.246+0000] {local_task_job_runner.py:123} INFO - ::group::Pre task execution logs
[2025-03-22T12:16:57.330+0000] {taskinstance.py:2614} INFO - Dependencies all met for dep_context=non-requeueable deps ti=<TaskInstance: car_price_prediction.pipeline manual__2025-03-22T12:16:46.764922+00:00 [queued]>
[2025-03-22T12:16:57.381+0000] {taskinstance.py:2614} INFO - Dependencies all met for dep_context=requeueable deps ti=<TaskInstance: car_price_prediction.pipeline manual__2025-03-22T12:16:46.764922+00:00 [queued]>
[2025-03-22T12:16:57.382+0000] {taskinstance.py:2867} INFO - Starting attempt 1 of 2
[2025-03-22T12:16:57.432+0000] {taskinstance.py:2890} INFO - Executing <Task(PythonOperator): pipeline> on 2025-03-22 12:16:46.764922+00:00
[2025-03-22T12:16:57.497+0000] {standard_task_runner.py:104} INFO - Running: ['***', 'tasks', 'run', 'car_price_prediction', 'pipeline', 'manual__2025-03-22T12:16:46.764922+00:00', '--job-id', '29', '--raw', '--subdir', 'DAGS_FOLDER/hw_dag.py', '--cfg-path', '/tmp/tmpkk6y9_vg']
[2025-03-22T12:16:57.485+0000] {warnings.py:112} WARNING - /home/***/.local/lib/python3.12/site-packages/***/task/task_runner/standard_task_runner.py:70: DeprecationWarning: This process (pid=68) is multi-threaded, use of fork() may lead to deadlocks in the child.
  pid = os.fork()

[2025-03-22T12:16:57.518+0000] {standard_task_runner.py:72} INFO - Started process 222 to run task
[2025-03-22T12:16:57.503+0000] {standard_task_runner.py:105} INFO - Job 29: Subtask pipeline
[2025-03-22T12:16:57.744+0000] {task_command.py:467} INFO - Running <TaskInstance: car_price_prediction.pipeline manual__2025-03-22T12:16:46.764922+00:00 [running]> on host 16707b17f984
[2025-03-22T12:16:57.948+0000] {taskinstance.py:3134} INFO - Exporting env vars: AIRFLOW_CTX_DAG_OWNER='***' AIRFLOW_CTX_DAG_ID='car_price_prediction' AIRFLOW_CTX_TASK_ID='pipeline' AIRFLOW_CTX_EXECUTION_DATE='2025-03-22T12:16:46.764922+00:00' AIRFLOW_CTX_TRY_NUMBER='1' AIRFLOW_CTX_DAG_RUN_ID='manual__2025-03-22T12:16:46.764922+00:00'
[2025-03-22T12:16:57.952+0000] {logging_mixin.py:190} INFO - Task instance is in running state
[2025-03-22T12:16:57.953+0000] {logging_mixin.py:190} INFO -  Previous state of the Task instance: queued
[2025-03-22T12:16:57.956+0000] {logging_mixin.py:190} INFO - Current task name:pipeline state:running start_date:2025-03-22 12:16:57.343995+00:00
[2025-03-22T12:16:57.956+0000] {logging_mixin.py:190} INFO - Dag name:car_price_prediction and current dag run status:running
[2025-03-22T12:16:57.957+0000] {taskinstance.py:732} INFO - ::endgroup::
[2025-03-22T12:17:05.611+0000] {pipeline.py:116} INFO - model: LogisticRegression, acc_mean: 0.7591, acc_std: 0.0075
[2025-03-22T12:17:23.337+0000] {job.py:229} INFO - Heartbeat recovered after 19.95 seconds
[2025-03-22T12:17:42.998+0000] {job.py:229} INFO - Heartbeat recovered after 19.35 seconds
[2025-03-22T12:17:49.905+0000] {job.py:229} INFO - Heartbeat recovered after 15.75 seconds
[2025-03-22T12:18:54.983+0000] {pipeline.py:116} INFO - model: RandomForestClassifier, acc_mean: 0.7769, acc_std: 0.0025
[2025-03-22T12:19:15.432+0000] {job.py:229} INFO - Heartbeat recovered after 11.39 seconds
[2025-03-22T12:19:38.534+0000] {job.py:229} INFO - Heartbeat recovered after 10.60 seconds
[2025-03-22T12:19:38.662+0000] {local_task_job_runner.py:266} INFO - Task exited with return code -9. For more information, see https://***.apache.org/docs/apache-***/stable/troubleshooting.html#LocalTaskJob-killed
[2025-03-22T12:19:38.901+0000] {taskinstance.py:3901} INFO - 0 downstream tasks scheduled from follow-on schedule check
[2025-03-22T12:19:38.932+0000] {local_task_job_runner.py:245} INFO - ::endgroup::
