[2025-03-22T12:21:07.418+0000] {local_task_job_runner.py:123} INFO - ::group::Pre task execution logs
[2025-03-22T12:21:07.464+0000] {taskinstance.py:2614} INFO - Dependencies all met for dep_context=non-requeueable deps ti=<TaskInstance: car_price_prediction.pipeline manual__2025-03-22T12:16:46.764922+00:00 [queued]>
[2025-03-22T12:21:07.553+0000] {taskinstance.py:2614} INFO - Dependencies all met for dep_context=requeueable deps ti=<TaskInstance: car_price_prediction.pipeline manual__2025-03-22T12:16:46.764922+00:00 [queued]>
[2025-03-22T12:21:07.557+0000] {taskinstance.py:2867} INFO - Starting attempt 2 of 2
[2025-03-22T12:21:07.602+0000] {taskinstance.py:2890} INFO - Executing <Task(PythonOperator): pipeline> on 2025-03-22 12:16:46.764922+00:00
[2025-03-22T12:21:07.662+0000] {warnings.py:112} WARNING - /home/***/.local/lib/python3.12/site-packages/***/task/task_runner/standard_task_runner.py:70: DeprecationWarning: This process (pid=447) is multi-threaded, use of fork() may lead to deadlocks in the child.
  pid = os.fork()

[2025-03-22T12:21:07.677+0000] {standard_task_runner.py:72} INFO - Started process 517 to run task
[2025-03-22T12:21:07.670+0000] {standard_task_runner.py:104} INFO - Running: ['***', 'tasks', 'run', 'car_price_prediction', 'pipeline', 'manual__2025-03-22T12:16:46.764922+00:00', '--job-id', '51', '--raw', '--subdir', 'DAGS_FOLDER/hw_dag.py', '--cfg-path', '/tmp/tmpvt5xmn5y']
[2025-03-22T12:21:07.688+0000] {standard_task_runner.py:105} INFO - Job 51: Subtask pipeline
[2025-03-22T12:21:08.051+0000] {task_command.py:467} INFO - Running <TaskInstance: car_price_prediction.pipeline manual__2025-03-22T12:16:46.764922+00:00 [running]> on host 16707b17f984
[2025-03-22T12:21:08.551+0000] {taskinstance.py:3134} INFO - Exporting env vars: AIRFLOW_CTX_DAG_OWNER='***' AIRFLOW_CTX_DAG_ID='car_price_prediction' AIRFLOW_CTX_TASK_ID='pipeline' AIRFLOW_CTX_EXECUTION_DATE='2025-03-22T12:16:46.764922+00:00' AIRFLOW_CTX_TRY_NUMBER='2' AIRFLOW_CTX_DAG_RUN_ID='manual__2025-03-22T12:16:46.764922+00:00'
[2025-03-22T12:21:08.555+0000] {logging_mixin.py:190} INFO - Task instance is in running state
[2025-03-22T12:21:08.556+0000] {logging_mixin.py:190} INFO -  Previous state of the Task instance: queued
[2025-03-22T12:21:08.556+0000] {logging_mixin.py:190} INFO - Current task name:pipeline state:running start_date:2025-03-22 12:21:07.473645+00:00
[2025-03-22T12:21:08.556+0000] {logging_mixin.py:190} INFO - Dag name:car_price_prediction and current dag run status:running
[2025-03-22T12:21:08.557+0000] {taskinstance.py:732} INFO - ::endgroup::
[2025-03-22T12:21:15.851+0000] {pipeline.py:116} INFO - model: LogisticRegression, acc_mean: 0.7591, acc_std: 0.0075
[2025-03-22T12:21:42.526+0000] {job.py:229} INFO - Heartbeat recovered after 12.54 seconds
[2025-03-22T12:22:46.954+0000] {job.py:229} INFO - Heartbeat recovered after 26.77 seconds
[2025-03-22T12:23:35.591+0000] {job.py:229} INFO - Heartbeat recovered after 38.21 seconds
[2025-03-22T12:23:47.605+0000] {pipeline.py:116} INFO - model: RandomForestClassifier, acc_mean: 0.7769, acc_std: 0.0025
[2025-03-22T12:24:20.523+0000] {pipeline.py:116} INFO - model: SVC, acc_mean: 0.7871, acc_std: 0.0042
[2025-03-22T12:24:20.557+0000] {pipeline.py:121} INFO - best model: SVC, accuracy: 0.7871
[2025-03-22T12:24:30.919+0000] {pipeline.py:129} INFO - Model is saved as /opt/***/data/models/cars_pipe_202503221224.pkl
[2025-03-22T12:24:31.040+0000] {python.py:240} INFO - Done. Returned value was: None
[2025-03-22T12:24:31.075+0000] {taskinstance.py:341} INFO - ::group::Post task execution logs
[2025-03-22T12:24:31.079+0000] {taskinstance.py:353} INFO - Marking task as SUCCESS. dag_id=car_price_prediction, task_id=pipeline, run_id=manual__2025-03-22T12:16:46.764922+00:00, execution_date=20250322T121646, start_date=20250322T122107, end_date=20250322T122431
[2025-03-22T12:24:31.152+0000] {logging_mixin.py:190} INFO - Task instance in success state
[2025-03-22T12:24:31.152+0000] {logging_mixin.py:190} INFO -  Previous state of the Task instance: running
[2025-03-22T12:24:31.153+0000] {logging_mixin.py:190} INFO - Dag name:car_price_prediction queued_at:2025-03-22 12:16:46.787532+00:00
[2025-03-22T12:24:31.158+0000] {logging_mixin.py:190} INFO - Task hostname:16707b17f984 operator:PythonOperator
[2025-03-22T12:24:31.317+0000] {local_task_job_runner.py:266} INFO - Task exited with return code 0
[2025-03-22T12:24:31.337+0000] {local_task_job_runner.py:245} INFO - ::endgroup::
