[2025-03-22T12:16:57.124+0000] {local_task_job_runner.py:123} INFO - ::group::Pre task execution logs
[2025-03-22T12:16:57.167+0000] {taskinstance.py:2614} INFO - Dependencies all met for dep_context=non-requeueable deps ti=<TaskInstance: car_price_prediction.pipeline scheduled__2022-06-16T15:00:00+00:00 [queued]>
[2025-03-22T12:16:57.189+0000] {taskinstance.py:2614} INFO - Dependencies all met for dep_context=requeueable deps ti=<TaskInstance: car_price_prediction.pipeline scheduled__2022-06-16T15:00:00+00:00 [queued]>
[2025-03-22T12:16:57.190+0000] {taskinstance.py:2867} INFO - Starting attempt 1 of 2
[2025-03-22T12:16:57.248+0000] {taskinstance.py:2890} INFO - Executing <Task(PythonOperator): pipeline> on 2022-06-16 15:00:00+00:00
[2025-03-22T12:16:57.299+0000] {warnings.py:112} WARNING - /home/***/.local/lib/python3.12/site-packages/***/task/task_runner/standard_task_runner.py:70: DeprecationWarning: This process (pid=74) is multi-threaded, use of fork() may lead to deadlocks in the child.
  pid = os.fork()

[2025-03-22T12:16:57.307+0000] {standard_task_runner.py:72} INFO - Started process 202 to run task
[2025-03-22T12:16:57.308+0000] {standard_task_runner.py:104} INFO - Running: ['***', 'tasks', 'run', 'car_price_prediction', 'pipeline', 'scheduled__2022-06-16T15:00:00+00:00', '--job-id', '18', '--raw', '--subdir', 'DAGS_FOLDER/hw_dag.py', '--cfg-path', '/tmp/tmp4jgqc7u1']
[2025-03-22T12:16:57.316+0000] {standard_task_runner.py:105} INFO - Job 18: Subtask pipeline
[2025-03-22T12:16:57.634+0000] {task_command.py:467} INFO - Running <TaskInstance: car_price_prediction.pipeline scheduled__2022-06-16T15:00:00+00:00 [running]> on host 16707b17f984
[2025-03-22T12:16:57.878+0000] {taskinstance.py:3134} INFO - Exporting env vars: AIRFLOW_CTX_DAG_OWNER='***' AIRFLOW_CTX_DAG_ID='car_price_prediction' AIRFLOW_CTX_TASK_ID='pipeline' AIRFLOW_CTX_EXECUTION_DATE='2022-06-16T15:00:00+00:00' AIRFLOW_CTX_TRY_NUMBER='1' AIRFLOW_CTX_DAG_RUN_ID='scheduled__2022-06-16T15:00:00+00:00'
[2025-03-22T12:16:57.888+0000] {logging_mixin.py:190} INFO - Task instance is in running state
[2025-03-22T12:16:57.893+0000] {logging_mixin.py:190} INFO -  Previous state of the Task instance: queued
[2025-03-22T12:16:57.906+0000] {logging_mixin.py:190} INFO - Current task name:pipeline state:running start_date:2025-03-22 12:16:57.176104+00:00
[2025-03-22T12:16:57.907+0000] {logging_mixin.py:190} INFO - Dag name:car_price_prediction and current dag run status:running
[2025-03-22T12:16:57.910+0000] {taskinstance.py:732} INFO - ::endgroup::
[2025-03-22T12:17:04.675+0000] {pipeline.py:116} INFO - model: LogisticRegression, acc_mean: 0.7591, acc_std: 0.0075
[2025-03-22T12:17:23.532+0000] {job.py:229} INFO - Heartbeat recovered after 15.23 seconds
[2025-03-22T12:17:43.075+0000] {job.py:229} INFO - Heartbeat recovered after 19.45 seconds
[2025-03-22T12:17:49.805+0000] {job.py:229} INFO - Heartbeat recovered after 15.60 seconds
[2025-03-22T12:18:55.374+0000] {pipeline.py:116} INFO - model: RandomForestClassifier, acc_mean: 0.7769, acc_std: 0.0025
[2025-03-22T12:19:15.197+0000] {job.py:229} INFO - Heartbeat recovered after 11.24 seconds
[2025-03-22T12:19:38.512+0000] {job.py:229} INFO - Heartbeat recovered after 11.88 seconds
[2025-03-22T12:19:55.888+0000] {pipeline.py:116} INFO - model: SVC, acc_mean: 0.7871, acc_std: 0.0042
[2025-03-22T12:19:55.906+0000] {pipeline.py:121} INFO - best model: SVC, accuracy: 0.7871
[2025-03-22T12:20:13.263+0000] {pipeline.py:129} INFO - Model is saved as /opt/***/data/models/cars_pipe_202503221220.pkl
[2025-03-22T12:20:13.562+0000] {python.py:240} INFO - Done. Returned value was: None
[2025-03-22T12:20:13.696+0000] {taskinstance.py:341} INFO - ::group::Post task execution logs
[2025-03-22T12:20:13.701+0000] {taskinstance.py:353} INFO - Marking task as SUCCESS. dag_id=car_price_prediction, task_id=pipeline, run_id=scheduled__2022-06-16T15:00:00+00:00, execution_date=20220616T150000, start_date=20250322T121657, end_date=20250322T122013
[2025-03-22T12:20:13.823+0000] {logging_mixin.py:190} INFO - Task instance in success state
[2025-03-22T12:20:13.826+0000] {logging_mixin.py:190} INFO -  Previous state of the Task instance: running
[2025-03-22T12:20:13.835+0000] {logging_mixin.py:190} INFO - Dag name:car_price_prediction queued_at:2025-03-22 12:16:47.777239+00:00
[2025-03-22T12:20:13.850+0000] {logging_mixin.py:190} INFO - Task hostname:16707b17f984 operator:PythonOperator
[2025-03-22T12:20:14.112+0000] {local_task_job_runner.py:266} INFO - Task exited with return code 0
[2025-03-22T12:20:14.167+0000] {taskinstance.py:3901} INFO - 0 downstream tasks scheduled from follow-on schedule check
[2025-03-22T12:20:14.180+0000] {local_task_job_runner.py:245} INFO - ::endgroup::
