[2025-03-22T12:29:40.384+0000] {local_task_job_runner.py:123} INFO - ::group::Pre task execution logs
[2025-03-22T12:29:40.570+0000] {taskinstance.py:2614} INFO - Dependencies all met for dep_context=non-requeueable deps ti=<TaskInstance: car_price_prediction.pipeline scheduled__2022-07-23T15:00:00+00:00 [queued]>
[2025-03-22T12:29:40.594+0000] {taskinstance.py:2614} INFO - Dependencies all met for dep_context=requeueable deps ti=<TaskInstance: car_price_prediction.pipeline scheduled__2022-07-23T15:00:00+00:00 [queued]>
[2025-03-22T12:29:40.598+0000] {taskinstance.py:2867} INFO - Starting attempt 1 of 2
[2025-03-22T12:29:40.632+0000] {taskinstance.py:2890} INFO - Executing <Task(PythonOperator): pipeline> on 2022-07-23 15:00:00+00:00
[2025-03-22T12:29:40.693+0000] {warnings.py:112} WARNING - /home/***/.local/lib/python3.12/site-packages/***/task/task_runner/standard_task_runner.py:70: DeprecationWarning: This process (pid=979) is multi-threaded, use of fork() may lead to deadlocks in the child.
  pid = os.fork()

[2025-03-22T12:29:40.710+0000] {standard_task_runner.py:72} INFO - Started process 1012 to run task
[2025-03-22T12:29:40.705+0000] {standard_task_runner.py:104} INFO - Running: ['***', 'tasks', 'run', 'car_price_prediction', 'pipeline', 'scheduled__2022-07-23T15:00:00+00:00', '--job-id', '96', '--raw', '--subdir', 'DAGS_FOLDER/hw_dag.py', '--cfg-path', '/tmp/tmpeqkhqqla']
[2025-03-22T12:29:40.723+0000] {standard_task_runner.py:105} INFO - Job 96: Subtask pipeline
[2025-03-22T12:29:41.020+0000] {task_command.py:467} INFO - Running <TaskInstance: car_price_prediction.pipeline scheduled__2022-07-23T15:00:00+00:00 [running]> on host 16707b17f984
[2025-03-22T12:29:41.720+0000] {taskinstance.py:3134} INFO - Exporting env vars: AIRFLOW_CTX_DAG_OWNER='***' AIRFLOW_CTX_DAG_ID='car_price_prediction' AIRFLOW_CTX_TASK_ID='pipeline' AIRFLOW_CTX_EXECUTION_DATE='2022-07-23T15:00:00+00:00' AIRFLOW_CTX_TRY_NUMBER='1' AIRFLOW_CTX_DAG_RUN_ID='scheduled__2022-07-23T15:00:00+00:00'
[2025-03-22T12:29:41.767+0000] {logging_mixin.py:190} INFO - Task instance is in running state
[2025-03-22T12:29:41.769+0000] {logging_mixin.py:190} INFO -  Previous state of the Task instance: queued
[2025-03-22T12:29:41.770+0000] {logging_mixin.py:190} INFO - Current task name:pipeline state:running start_date:2025-03-22 12:29:40.571058+00:00
[2025-03-22T12:29:41.774+0000] {logging_mixin.py:190} INFO - Dag name:car_price_prediction and current dag run status:running
[2025-03-22T12:29:41.775+0000] {taskinstance.py:732} INFO - ::endgroup::
[2025-03-22T12:29:51.663+0000] {pipeline.py:116} INFO - model: LogisticRegression, acc_mean: 0.7591, acc_std: 0.0075
[2025-03-22T12:31:03.222+0000] {job.py:229} INFO - Heartbeat recovered after 16.54 seconds
[2025-03-22T12:31:21.666+0000] {job.py:229} INFO - Heartbeat recovered after 12.76 seconds
[2025-03-22T12:32:02.106+0000] {pipeline.py:116} INFO - model: RandomForestClassifier, acc_mean: 0.7769, acc_std: 0.0025
[2025-03-22T12:32:49.201+0000] {pipeline.py:116} INFO - model: SVC, acc_mean: 0.7871, acc_std: 0.0042
[2025-03-22T12:32:49.221+0000] {pipeline.py:121} INFO - best model: SVC, accuracy: 0.7871
[2025-03-22T12:33:08.701+0000] {pipeline.py:129} INFO - Model is saved as /opt/***/data/models/cars_pipe_202503221233.pkl
[2025-03-22T12:33:09.433+0000] {python.py:240} INFO - Done. Returned value was: None
[2025-03-22T12:33:09.587+0000] {taskinstance.py:341} INFO - ::group::Post task execution logs
[2025-03-22T12:33:09.593+0000] {taskinstance.py:353} INFO - Marking task as SUCCESS. dag_id=car_price_prediction, task_id=pipeline, run_id=scheduled__2022-07-23T15:00:00+00:00, execution_date=20220723T150000, start_date=20250322T122940, end_date=20250322T123309
[2025-03-22T12:33:10.213+0000] {logging_mixin.py:190} INFO - Task instance in success state
[2025-03-22T12:33:10.226+0000] {logging_mixin.py:190} INFO -  Previous state of the Task instance: running
[2025-03-22T12:33:10.232+0000] {logging_mixin.py:190} INFO - Dag name:car_price_prediction queued_at:2025-03-22 12:29:11.133323+00:00
[2025-03-22T12:33:10.235+0000] {logging_mixin.py:190} INFO - Task hostname:16707b17f984 operator:PythonOperator
[2025-03-22T12:33:10.723+0000] {local_task_job_runner.py:266} INFO - Task exited with return code 0
[2025-03-22T12:33:10.886+0000] {taskinstance.py:3901} INFO - 0 downstream tasks scheduled from follow-on schedule check
[2025-03-22T12:33:10.958+0000] {local_task_job_runner.py:245} INFO - ::endgroup::
