[2025-03-22T12:16:57.112+0000] {local_task_job_runner.py:123} INFO - ::group::Pre task execution logs
[2025-03-22T12:16:57.167+0000] {taskinstance.py:2614} INFO - Dependencies all met for dep_context=non-requeueable deps ti=<TaskInstance: car_price_prediction.pipeline scheduled__2022-06-12T15:00:00+00:00 [queued]>
[2025-03-22T12:16:57.224+0000] {taskinstance.py:2614} INFO - Dependencies all met for dep_context=requeueable deps ti=<TaskInstance: car_price_prediction.pipeline scheduled__2022-06-12T15:00:00+00:00 [queued]>
[2025-03-22T12:16:57.226+0000] {taskinstance.py:2867} INFO - Starting attempt 1 of 2
[2025-03-22T12:16:57.281+0000] {taskinstance.py:2890} INFO - Executing <Task(PythonOperator): pipeline> on 2022-06-12 15:00:00+00:00
[2025-03-22T12:16:57.334+0000] {warnings.py:112} WARNING - /home/***/.local/lib/python3.12/site-packages/***/task/task_runner/standard_task_runner.py:70: DeprecationWarning: This process (pid=70) is multi-threaded, use of fork() may lead to deadlocks in the child.
  pid = os.fork()

[2025-03-22T12:16:57.351+0000] {standard_task_runner.py:72} INFO - Started process 211 to run task
[2025-03-22T12:16:57.339+0000] {standard_task_runner.py:104} INFO - Running: ['***', 'tasks', 'run', 'car_price_prediction', 'pipeline', 'scheduled__2022-06-12T15:00:00+00:00', '--job-id', '20', '--raw', '--subdir', 'DAGS_FOLDER/hw_dag.py', '--cfg-path', '/tmp/tmp2v58u1gp']
[2025-03-22T12:16:57.376+0000] {standard_task_runner.py:105} INFO - Job 20: Subtask pipeline
[2025-03-22T12:16:57.632+0000] {task_command.py:467} INFO - Running <TaskInstance: car_price_prediction.pipeline scheduled__2022-06-12T15:00:00+00:00 [running]> on host 16707b17f984
[2025-03-22T12:16:57.929+0000] {taskinstance.py:3134} INFO - Exporting env vars: AIRFLOW_CTX_DAG_OWNER='***' AIRFLOW_CTX_DAG_ID='car_price_prediction' AIRFLOW_CTX_TASK_ID='pipeline' AIRFLOW_CTX_EXECUTION_DATE='2022-06-12T15:00:00+00:00' AIRFLOW_CTX_TRY_NUMBER='1' AIRFLOW_CTX_DAG_RUN_ID='scheduled__2022-06-12T15:00:00+00:00'
[2025-03-22T12:16:57.932+0000] {logging_mixin.py:190} INFO - Task instance is in running state
[2025-03-22T12:16:57.946+0000] {logging_mixin.py:190} INFO -  Previous state of the Task instance: queued
[2025-03-22T12:16:57.959+0000] {logging_mixin.py:190} INFO - Current task name:pipeline state:running start_date:2025-03-22 12:16:57.181969+00:00
[2025-03-22T12:16:57.967+0000] {logging_mixin.py:190} INFO - Dag name:car_price_prediction and current dag run status:running
[2025-03-22T12:16:57.991+0000] {taskinstance.py:732} INFO - ::endgroup::
[2025-03-22T12:17:05.432+0000] {pipeline.py:116} INFO - model: LogisticRegression, acc_mean: 0.7591, acc_std: 0.0075
[2025-03-22T12:17:16.202+0000] {job.py:229} INFO - Heartbeat recovered after 13.22 seconds
[2025-03-22T12:17:30.059+0000] {job.py:229} INFO - Heartbeat recovered after 18.09 seconds
[2025-03-22T12:17:49.720+0000] {job.py:229} INFO - Heartbeat recovered after 19.86 seconds
[2025-03-22T12:18:51.459+0000] {pipeline.py:116} INFO - model: RandomForestClassifier, acc_mean: 0.7769, acc_std: 0.0025
[2025-03-22T12:19:15.392+0000] {job.py:229} INFO - Heartbeat recovered after 11.23 seconds
[2025-03-22T12:19:38.563+0000] {job.py:229} INFO - Heartbeat recovered after 11.01 seconds
[2025-03-22T12:19:54.216+0000] {pipeline.py:116} INFO - model: SVC, acc_mean: 0.7871, acc_std: 0.0042
[2025-03-22T12:19:54.237+0000] {pipeline.py:121} INFO - best model: SVC, accuracy: 0.7871
[2025-03-22T12:20:16.944+0000] {pipeline.py:129} INFO - Model is saved as /opt/***/data/models/cars_pipe_202503221220.pkl
[2025-03-22T12:20:17.339+0000] {python.py:240} INFO - Done. Returned value was: None
[2025-03-22T12:20:17.598+0000] {taskinstance.py:341} INFO - ::group::Post task execution logs
[2025-03-22T12:20:17.662+0000] {taskinstance.py:353} INFO - Marking task as SUCCESS. dag_id=car_price_prediction, task_id=pipeline, run_id=scheduled__2022-06-12T15:00:00+00:00, execution_date=20220612T150000, start_date=20250322T121657, end_date=20250322T122017
[2025-03-22T12:20:18.265+0000] {logging_mixin.py:190} INFO - Task instance in success state
[2025-03-22T12:20:18.267+0000] {logging_mixin.py:190} INFO -  Previous state of the Task instance: running
[2025-03-22T12:20:18.272+0000] {logging_mixin.py:190} INFO - Dag name:car_price_prediction queued_at:2025-03-22 12:16:47.308319+00:00
[2025-03-22T12:20:18.273+0000] {logging_mixin.py:190} INFO - Task hostname:16707b17f984 operator:PythonOperator
[2025-03-22T12:20:18.444+0000] {local_task_job_runner.py:266} INFO - Task exited with return code 0
[2025-03-22T12:20:18.639+0000] {taskinstance.py:3901} INFO - 1 downstream tasks scheduled from follow-on schedule check
[2025-03-22T12:20:18.652+0000] {local_task_job_runner.py:245} INFO - ::endgroup::
