[2025-03-22T12:34:18.983+0000] {local_task_job_runner.py:123} INFO - ::group::Pre task execution logs
[2025-03-22T12:34:19.043+0000] {taskinstance.py:2614} INFO - Dependencies all met for dep_context=non-requeueable deps ti=<TaskInstance: car_price_prediction.pipeline scheduled__2022-08-03T15:00:00+00:00 [queued]>
[2025-03-22T12:34:19.071+0000] {taskinstance.py:2614} INFO - Dependencies all met for dep_context=requeueable deps ti=<TaskInstance: car_price_prediction.pipeline scheduled__2022-08-03T15:00:00+00:00 [queued]>
[2025-03-22T12:34:19.077+0000] {taskinstance.py:2867} INFO - Starting attempt 1 of 2
[2025-03-22T12:34:19.168+0000] {taskinstance.py:2890} INFO - Executing <Task(PythonOperator): pipeline> on 2022-08-03 15:00:00+00:00
[2025-03-22T12:34:19.237+0000] {standard_task_runner.py:104} INFO - Running: ['***', 'tasks', 'run', 'car_price_prediction', 'pipeline', 'scheduled__2022-08-03T15:00:00+00:00', '--job-id', '119', '--raw', '--subdir', 'DAGS_FOLDER/hw_dag.py', '--cfg-path', '/tmp/tmpb19ec1il']
[2025-03-22T12:34:19.244+0000] {standard_task_runner.py:105} INFO - Job 119: Subtask pipeline
[2025-03-22T12:34:19.244+0000] {warnings.py:112} WARNING - /home/***/.local/lib/python3.12/site-packages/***/task/task_runner/standard_task_runner.py:70: DeprecationWarning: This process (pid=1257) is multi-threaded, use of fork() may lead to deadlocks in the child.
  pid = os.fork()

[2025-03-22T12:34:19.247+0000] {standard_task_runner.py:72} INFO - Started process 1283 to run task
[2025-03-22T12:34:19.623+0000] {task_command.py:467} INFO - Running <TaskInstance: car_price_prediction.pipeline scheduled__2022-08-03T15:00:00+00:00 [running]> on host 16707b17f984
[2025-03-22T12:34:19.910+0000] {taskinstance.py:3134} INFO - Exporting env vars: AIRFLOW_CTX_DAG_OWNER='***' AIRFLOW_CTX_DAG_ID='car_price_prediction' AIRFLOW_CTX_TASK_ID='pipeline' AIRFLOW_CTX_EXECUTION_DATE='2022-08-03T15:00:00+00:00' AIRFLOW_CTX_TRY_NUMBER='1' AIRFLOW_CTX_DAG_RUN_ID='scheduled__2022-08-03T15:00:00+00:00'
[2025-03-22T12:34:19.929+0000] {logging_mixin.py:190} INFO - Task instance is in running state
[2025-03-22T12:34:19.930+0000] {logging_mixin.py:190} INFO -  Previous state of the Task instance: queued
[2025-03-22T12:34:19.930+0000] {logging_mixin.py:190} INFO - Current task name:pipeline state:running start_date:2025-03-22 12:34:19.051748+00:00
[2025-03-22T12:34:19.930+0000] {logging_mixin.py:190} INFO - Dag name:car_price_prediction and current dag run status:running
[2025-03-22T12:34:19.931+0000] {taskinstance.py:732} INFO - ::endgroup::
[2025-03-22T12:34:27.994+0000] {pipeline.py:116} INFO - model: LogisticRegression, acc_mean: 0.7591, acc_std: 0.0075
[2025-03-22T12:36:27.579+0000] {pipeline.py:116} INFO - model: RandomForestClassifier, acc_mean: 0.7769, acc_std: 0.0025
[2025-03-22T12:37:28.493+0000] {pipeline.py:116} INFO - model: SVC, acc_mean: 0.7871, acc_std: 0.0042
[2025-03-22T12:37:28.502+0000] {pipeline.py:121} INFO - best model: SVC, accuracy: 0.7871
[2025-03-22T12:37:51.315+0000] {pipeline.py:129} INFO - Model is saved as /opt/***/data/models/cars_pipe_202503221237.pkl
[2025-03-22T12:37:51.513+0000] {python.py:240} INFO - Done. Returned value was: None
[2025-03-22T12:37:51.789+0000] {taskinstance.py:341} INFO - ::group::Post task execution logs
[2025-03-22T12:37:51.799+0000] {taskinstance.py:353} INFO - Marking task as SUCCESS. dag_id=car_price_prediction, task_id=pipeline, run_id=scheduled__2022-08-03T15:00:00+00:00, execution_date=20220803T150000, start_date=20250322T123419, end_date=20250322T123751
[2025-03-22T12:37:52.128+0000] {logging_mixin.py:190} INFO - Task instance in success state
[2025-03-22T12:37:52.131+0000] {logging_mixin.py:190} INFO -  Previous state of the Task instance: running
[2025-03-22T12:37:52.141+0000] {logging_mixin.py:190} INFO - Dag name:car_price_prediction queued_at:2025-03-22 12:33:56.611645+00:00
[2025-03-22T12:37:52.146+0000] {logging_mixin.py:190} INFO - Task hostname:16707b17f984 operator:PythonOperator
[2025-03-22T12:37:52.582+0000] {local_task_job_runner.py:266} INFO - Task exited with return code 0
[2025-03-22T12:37:52.904+0000] {local_task_job_runner.py:245} INFO - ::endgroup::
