[2025-03-22T12:28:30.424+0000] {local_task_job_runner.py:123} INFO - ::group::Pre task execution logs
[2025-03-22T12:28:30.535+0000] {taskinstance.py:2614} INFO - Dependencies all met for dep_context=non-requeueable deps ti=<TaskInstance: car_price_prediction.pipeline scheduled__2022-07-11T15:00:00+00:00 [queued]>
[2025-03-22T12:28:30.561+0000] {taskinstance.py:2614} INFO - Dependencies all met for dep_context=requeueable deps ti=<TaskInstance: car_price_prediction.pipeline scheduled__2022-07-11T15:00:00+00:00 [queued]>
[2025-03-22T12:28:30.562+0000] {taskinstance.py:2867} INFO - Starting attempt 2 of 2
[2025-03-22T12:28:30.627+0000] {taskinstance.py:2890} INFO - Executing <Task(PythonOperator): pipeline> on 2022-07-11 15:00:00+00:00
[2025-03-22T12:28:30.673+0000] {standard_task_runner.py:104} INFO - Running: ['***', 'tasks', 'run', 'car_price_prediction', 'pipeline', 'scheduled__2022-07-11T15:00:00+00:00', '--job-id', '90', '--raw', '--subdir', 'DAGS_FOLDER/hw_dag.py', '--cfg-path', '/tmp/tmpa85bzg0v']
[2025-03-22T12:28:30.675+0000] {standard_task_runner.py:105} INFO - Job 90: Subtask pipeline
[2025-03-22T12:28:30.680+0000] {warnings.py:112} WARNING - /home/***/.local/lib/python3.12/site-packages/***/task/task_runner/standard_task_runner.py:70: DeprecationWarning: This process (pid=901) is multi-threaded, use of fork() may lead to deadlocks in the child.
  pid = os.fork()

[2025-03-22T12:28:30.709+0000] {standard_task_runner.py:72} INFO - Started process 921 to run task
[2025-03-22T12:28:30.947+0000] {task_command.py:467} INFO - Running <TaskInstance: car_price_prediction.pipeline scheduled__2022-07-11T15:00:00+00:00 [running]> on host 16707b17f984
[2025-03-22T12:28:31.736+0000] {taskinstance.py:3134} INFO - Exporting env vars: AIRFLOW_CTX_DAG_OWNER='***' AIRFLOW_CTX_DAG_ID='car_price_prediction' AIRFLOW_CTX_TASK_ID='pipeline' AIRFLOW_CTX_EXECUTION_DATE='2022-07-11T15:00:00+00:00' AIRFLOW_CTX_TRY_NUMBER='2' AIRFLOW_CTX_DAG_RUN_ID='scheduled__2022-07-11T15:00:00+00:00'
[2025-03-22T12:28:31.743+0000] {logging_mixin.py:190} INFO - Task instance is in running state
[2025-03-22T12:28:31.743+0000] {logging_mixin.py:190} INFO -  Previous state of the Task instance: queued
[2025-03-22T12:28:31.743+0000] {logging_mixin.py:190} INFO - Current task name:pipeline state:running start_date:2025-03-22 12:28:30.542123+00:00
[2025-03-22T12:28:31.747+0000] {logging_mixin.py:190} INFO - Dag name:car_price_prediction and current dag run status:running
[2025-03-22T12:28:31.757+0000] {taskinstance.py:732} INFO - ::endgroup::
[2025-03-22T12:28:37.168+0000] {pipeline.py:116} INFO - model: LogisticRegression, acc_mean: 0.7591, acc_std: 0.0075
[2025-03-22T12:30:34.068+0000] {pipeline.py:116} INFO - model: RandomForestClassifier, acc_mean: 0.7769, acc_std: 0.0025
[2025-03-22T12:31:03.262+0000] {job.py:229} INFO - Heartbeat recovered after 16.38 seconds
[2025-03-22T12:31:21.704+0000] {job.py:229} INFO - Heartbeat recovered after 12.84 seconds
[2025-03-22T12:31:53.160+0000] {pipeline.py:116} INFO - model: SVC, acc_mean: 0.7871, acc_std: 0.0042
[2025-03-22T12:31:53.163+0000] {pipeline.py:121} INFO - best model: SVC, accuracy: 0.7871
[2025-03-22T12:32:08.241+0000] {pipeline.py:129} INFO - Model is saved as /opt/***/data/models/cars_pipe_202503221232.pkl
[2025-03-22T12:32:08.512+0000] {python.py:240} INFO - Done. Returned value was: None
[2025-03-22T12:32:08.797+0000] {taskinstance.py:341} INFO - ::group::Post task execution logs
[2025-03-22T12:32:08.810+0000] {taskinstance.py:353} INFO - Marking task as SUCCESS. dag_id=car_price_prediction, task_id=pipeline, run_id=scheduled__2022-07-11T15:00:00+00:00, execution_date=20220711T150000, start_date=20250322T122830, end_date=20250322T123208
[2025-03-22T12:32:09.071+0000] {logging_mixin.py:190} INFO - Task instance in success state
[2025-03-22T12:32:09.074+0000] {logging_mixin.py:190} INFO -  Previous state of the Task instance: running
[2025-03-22T12:32:09.088+0000] {logging_mixin.py:190} INFO - Dag name:car_price_prediction queued_at:2025-03-22 12:25:00.023847+00:00
[2025-03-22T12:32:09.096+0000] {logging_mixin.py:190} INFO - Task hostname:16707b17f984 operator:PythonOperator
[2025-03-22T12:32:09.231+0000] {local_task_job_runner.py:266} INFO - Task exited with return code 0
[2025-03-22T12:32:09.499+0000] {local_task_job_runner.py:245} INFO - ::endgroup::
