[2025-03-22T12:26:01.876+0000] {local_task_job_runner.py:123} INFO - ::group::Pre task execution logs
[2025-03-22T12:26:02.160+0000] {taskinstance.py:2614} INFO - Dependencies all met for dep_context=non-requeueable deps ti=<TaskInstance: car_price_prediction.pipeline scheduled__2022-06-28T15:00:00+00:00 [queued]>
[2025-03-22T12:26:02.267+0000] {taskinstance.py:2614} INFO - Dependencies all met for dep_context=requeueable deps ti=<TaskInstance: car_price_prediction.pipeline scheduled__2022-06-28T15:00:00+00:00 [queued]>
[2025-03-22T12:26:02.293+0000] {taskinstance.py:2867} INFO - Starting attempt 2 of 2
[2025-03-22T12:26:02.385+0000] {taskinstance.py:2890} INFO - Executing <Task(PythonOperator): pipeline> on 2022-06-28 15:00:00+00:00
[2025-03-22T12:26:02.461+0000] {standard_task_runner.py:104} INFO - Running: ['***', 'tasks', 'run', 'car_price_prediction', 'pipeline', 'scheduled__2022-06-28T15:00:00+00:00', '--job-id', '78', '--raw', '--subdir', 'DAGS_FOLDER/hw_dag.py', '--cfg-path', '/tmp/tmp9ha7kw_8']
[2025-03-22T12:26:02.495+0000] {standard_task_runner.py:105} INFO - Job 78: Subtask pipeline
[2025-03-22T12:26:02.539+0000] {warnings.py:112} WARNING - /home/***/.local/lib/python3.12/site-packages/***/task/task_runner/standard_task_runner.py:70: DeprecationWarning: This process (pid=768) is multi-threaded, use of fork() may lead to deadlocks in the child.
  pid = os.fork()

[2025-03-22T12:26:02.563+0000] {standard_task_runner.py:72} INFO - Started process 800 to run task
[2025-03-22T12:26:03.074+0000] {task_command.py:467} INFO - Running <TaskInstance: car_price_prediction.pipeline scheduled__2022-06-28T15:00:00+00:00 [running]> on host 16707b17f984
[2025-03-22T12:26:03.341+0000] {taskinstance.py:3134} INFO - Exporting env vars: AIRFLOW_CTX_DAG_OWNER='***' AIRFLOW_CTX_DAG_ID='car_price_prediction' AIRFLOW_CTX_TASK_ID='pipeline' AIRFLOW_CTX_EXECUTION_DATE='2022-06-28T15:00:00+00:00' AIRFLOW_CTX_TRY_NUMBER='2' AIRFLOW_CTX_DAG_RUN_ID='scheduled__2022-06-28T15:00:00+00:00'
[2025-03-22T12:26:03.352+0000] {logging_mixin.py:190} INFO - Task instance is in running state
[2025-03-22T12:26:03.355+0000] {logging_mixin.py:190} INFO -  Previous state of the Task instance: queued
[2025-03-22T12:26:03.356+0000] {logging_mixin.py:190} INFO - Current task name:pipeline state:running start_date:2025-03-22 12:26:02.171878+00:00
[2025-03-22T12:26:03.356+0000] {logging_mixin.py:190} INFO - Dag name:car_price_prediction and current dag run status:running
[2025-03-22T12:26:03.357+0000] {taskinstance.py:732} INFO - ::endgroup::
[2025-03-22T12:26:15.711+0000] {pipeline.py:116} INFO - model: LogisticRegression, acc_mean: 0.7591, acc_std: 0.0075
[2025-03-22T12:28:22.360+0000] {pipeline.py:116} INFO - model: RandomForestClassifier, acc_mean: 0.7769, acc_std: 0.0025
[2025-03-22T12:29:10.773+0000] {pipeline.py:116} INFO - model: SVC, acc_mean: 0.7871, acc_std: 0.0042
[2025-03-22T12:29:10.786+0000] {pipeline.py:121} INFO - best model: SVC, accuracy: 0.7871
[2025-03-22T12:29:20.973+0000] {local_task_job_runner.py:266} INFO - Task exited with return code -9. For more information, see https://***.apache.org/docs/apache-***/stable/troubleshooting.html#LocalTaskJob-killed
[2025-03-22T12:29:21.643+0000] {taskinstance.py:3901} INFO - 0 downstream tasks scheduled from follow-on schedule check
[2025-03-22T12:29:21.665+0000] {local_task_job_runner.py:245} INFO - ::endgroup::
