[2025-03-22T12:41:25.865+0000] {local_task_job_runner.py:123} INFO - ::group::Pre task execution logs
[2025-03-22T12:41:26.003+0000] {taskinstance.py:2614} INFO - Dependencies all met for dep_context=non-requeueable deps ti=<TaskInstance: car_price_prediction.pipeline scheduled__2022-08-21T15:00:00+00:00 [queued]>
[2025-03-22T12:41:26.056+0000] {taskinstance.py:2614} INFO - Dependencies all met for dep_context=requeueable deps ti=<TaskInstance: car_price_prediction.pipeline scheduled__2022-08-21T15:00:00+00:00 [queued]>
[2025-03-22T12:41:26.060+0000] {taskinstance.py:2867} INFO - Starting attempt 1 of 2
[2025-03-22T12:41:26.124+0000] {taskinstance.py:2890} INFO - Executing <Task(PythonOperator): pipeline> on 2022-08-21 15:00:00+00:00
[2025-03-22T12:41:26.180+0000] {warnings.py:112} WARNING - /home/***/.local/lib/python3.12/site-packages/***/task/task_runner/standard_task_runner.py:70: DeprecationWarning: This process (pid=1694) is multi-threaded, use of fork() may lead to deadlocks in the child.
  pid = os.fork()

[2025-03-22T12:41:26.187+0000] {standard_task_runner.py:72} INFO - Started process 1729 to run task
[2025-03-22T12:41:26.191+0000] {standard_task_runner.py:104} INFO - Running: ['***', 'tasks', 'run', 'car_price_prediction', 'pipeline', 'scheduled__2022-08-21T15:00:00+00:00', '--job-id', '157', '--raw', '--subdir', 'DAGS_FOLDER/hw_dag.py', '--cfg-path', '/tmp/tmpusdl02mb']
[2025-03-22T12:41:26.195+0000] {standard_task_runner.py:105} INFO - Job 157: Subtask pipeline
[2025-03-22T12:41:26.482+0000] {task_command.py:467} INFO - Running <TaskInstance: car_price_prediction.pipeline scheduled__2022-08-21T15:00:00+00:00 [running]> on host 16707b17f984
[2025-03-22T12:41:26.913+0000] {taskinstance.py:3134} INFO - Exporting env vars: AIRFLOW_CTX_DAG_OWNER='***' AIRFLOW_CTX_DAG_ID='car_price_prediction' AIRFLOW_CTX_TASK_ID='pipeline' AIRFLOW_CTX_EXECUTION_DATE='2022-08-21T15:00:00+00:00' AIRFLOW_CTX_TRY_NUMBER='1' AIRFLOW_CTX_DAG_RUN_ID='scheduled__2022-08-21T15:00:00+00:00'
[2025-03-22T12:41:26.920+0000] {logging_mixin.py:190} INFO - Task instance is in running state
[2025-03-22T12:41:26.922+0000] {logging_mixin.py:190} INFO -  Previous state of the Task instance: queued
[2025-03-22T12:41:26.924+0000] {logging_mixin.py:190} INFO - Current task name:pipeline state:running start_date:2025-03-22 12:41:26.019080+00:00
[2025-03-22T12:41:26.927+0000] {logging_mixin.py:190} INFO - Dag name:car_price_prediction and current dag run status:running
[2025-03-22T12:41:26.931+0000] {taskinstance.py:732} INFO - ::endgroup::
[2025-03-22T12:41:33.290+0000] {pipeline.py:116} INFO - model: LogisticRegression, acc_mean: 0.7591, acc_std: 0.0075
[2025-03-22T12:42:51.617+0000] {job.py:229} INFO - Heartbeat recovered after 11.93 seconds
[2025-03-22T12:43:23.892+0000] {job.py:229} INFO - Heartbeat recovered after 21.50 seconds
