[2025-03-22T12:24:51.518+0000] {local_task_job_runner.py:123} INFO - ::group::Pre task execution logs
[2025-03-22T12:24:51.555+0000] {taskinstance.py:2614} INFO - Dependencies all met for dep_context=non-requeueable deps ti=<TaskInstance: car_price_prediction.pipeline scheduled__2022-06-27T15:00:00+00:00 [queued]>
[2025-03-22T12:24:51.571+0000] {taskinstance.py:2614} INFO - Dependencies all met for dep_context=requeueable deps ti=<TaskInstance: car_price_prediction.pipeline scheduled__2022-06-27T15:00:00+00:00 [queued]>
[2025-03-22T12:24:51.576+0000] {taskinstance.py:2867} INFO - Starting attempt 2 of 2
[2025-03-22T12:24:51.620+0000] {taskinstance.py:2890} INFO - Executing <Task(PythonOperator): pipeline> on 2022-06-27 15:00:00+00:00
[2025-03-22T12:24:51.638+0000] {warnings.py:112} WARNING - /home/***/.local/lib/python3.12/site-packages/***/task/task_runner/standard_task_runner.py:70: DeprecationWarning: This process (pid=663) is multi-threaded, use of fork() may lead to deadlocks in the child.
  pid = os.fork()

[2025-03-22T12:24:51.644+0000] {standard_task_runner.py:72} INFO - Started process 688 to run task
[2025-03-22T12:24:51.674+0000] {standard_task_runner.py:104} INFO - Running: ['***', 'tasks', 'run', 'car_price_prediction', 'pipeline', 'scheduled__2022-06-27T15:00:00+00:00', '--job-id', '70', '--raw', '--subdir', 'DAGS_FOLDER/hw_dag.py', '--cfg-path', '/tmp/tmpkec9_hai']
[2025-03-22T12:24:51.689+0000] {standard_task_runner.py:105} INFO - Job 70: Subtask pipeline
[2025-03-22T12:24:51.798+0000] {task_command.py:467} INFO - Running <TaskInstance: car_price_prediction.pipeline scheduled__2022-06-27T15:00:00+00:00 [running]> on host 16707b17f984
[2025-03-22T12:24:51.945+0000] {taskinstance.py:3134} INFO - Exporting env vars: AIRFLOW_CTX_DAG_OWNER='***' AIRFLOW_CTX_DAG_ID='car_price_prediction' AIRFLOW_CTX_TASK_ID='pipeline' AIRFLOW_CTX_EXECUTION_DATE='2022-06-27T15:00:00+00:00' AIRFLOW_CTX_TRY_NUMBER='2' AIRFLOW_CTX_DAG_RUN_ID='scheduled__2022-06-27T15:00:00+00:00'
[2025-03-22T12:24:51.950+0000] {logging_mixin.py:190} INFO - Task instance is in running state
[2025-03-22T12:24:51.951+0000] {logging_mixin.py:190} INFO -  Previous state of the Task instance: queued
[2025-03-22T12:24:51.951+0000] {logging_mixin.py:190} INFO - Current task name:pipeline state:running start_date:2025-03-22 12:24:51.564073+00:00
[2025-03-22T12:24:51.955+0000] {logging_mixin.py:190} INFO - Dag name:car_price_prediction and current dag run status:running
[2025-03-22T12:24:51.956+0000] {taskinstance.py:732} INFO - ::endgroup::
[2025-03-22T12:24:54.264+0000] {pipeline.py:116} INFO - model: LogisticRegression, acc_mean: 0.7591, acc_std: 0.0075
[2025-03-22T12:25:19.413+0000] {local_task_job_runner.py:266} INFO - Task exited with return code -9. For more information, see https://***.apache.org/docs/apache-***/stable/troubleshooting.html#LocalTaskJob-killed
[2025-03-22T12:25:19.730+0000] {local_task_job_runner.py:245} INFO - ::endgroup::
