[2025-03-17T17:16:39.771+0000] {processor.py:186} INFO - Started process (PID=115) to work on /home/airflow/.local/lib/python3.12/site-packages/airflow/example_dags/example_python_decorator.py
[2025-03-17T17:16:39.772+0000] {processor.py:914} INFO - Processing file /home/airflow/.local/lib/python3.12/site-packages/airflow/example_dags/example_python_decorator.py for tasks to queue
[2025-03-17T17:16:39.773+0000] {logging_mixin.py:190} INFO - [2025-03-17T17:16:39.773+0000] {dagbag.py:588} INFO - Filling up the DagBag from /home/airflow/.local/lib/python3.12/site-packages/airflow/example_dags/example_python_decorator.py
[2025-03-17T17:16:39.783+0000] {processor.py:925} INFO - DAG(s) 'example_python_decorator' retrieved from /home/airflow/.local/lib/python3.12/site-packages/airflow/example_dags/example_python_decorator.py
[2025-03-17T17:16:39.854+0000] {logging_mixin.py:190} INFO - [2025-03-17T17:16:39.854+0000] {override.py:1912} INFO - Created Permission View: can edit on DAG:example_python_decorator
[2025-03-17T17:16:39.860+0000] {logging_mixin.py:190} INFO - [2025-03-17T17:16:39.860+0000] {override.py:1912} INFO - Created Permission View: can read on DAG:example_python_decorator
[2025-03-17T17:16:39.864+0000] {logging_mixin.py:190} INFO - [2025-03-17T17:16:39.864+0000] {override.py:1912} INFO - Created Permission View: can delete on DAG:example_python_decorator
[2025-03-17T17:16:39.869+0000] {logging_mixin.py:190} INFO - [2025-03-17T17:16:39.869+0000] {override.py:1912} INFO - Created Permission View: menu access on DAG Run:example_python_decorator
[2025-03-17T17:16:39.874+0000] {logging_mixin.py:190} INFO - [2025-03-17T17:16:39.874+0000] {override.py:1912} INFO - Created Permission View: can read on DAG Run:example_python_decorator
[2025-03-17T17:16:39.878+0000] {logging_mixin.py:190} INFO - [2025-03-17T17:16:39.878+0000] {override.py:1912} INFO - Created Permission View: can create on DAG Run:example_python_decorator
[2025-03-17T17:16:39.882+0000] {logging_mixin.py:190} INFO - [2025-03-17T17:16:39.882+0000] {override.py:1912} INFO - Created Permission View: can delete on DAG Run:example_python_decorator
[2025-03-17T17:16:39.882+0000] {logging_mixin.py:190} INFO - [2025-03-17T17:16:39.882+0000] {dag.py:3239} INFO - Sync 1 DAGs
[2025-03-17T17:16:39.891+0000] {logging_mixin.py:190} INFO - [2025-03-17T17:16:39.891+0000] {dag.py:3262} INFO - Creating ORM DAG for example_python_decorator
[2025-03-17T17:16:39.892+0000] {logging_mixin.py:190} INFO - [2025-03-17T17:16:39.892+0000] {dag.py:4180} INFO - Setting next_dagrun for example_python_decorator to None, run_after=None
[2025-03-17T17:16:39.904+0000] {processor.py:208} INFO - Processing /home/airflow/.local/lib/python3.12/site-packages/airflow/example_dags/example_python_decorator.py took 0.136 seconds
[2025-03-17T17:17:10.156+0000] {processor.py:186} INFO - Started process (PID=178) to work on /home/airflow/.local/lib/python3.12/site-packages/airflow/example_dags/example_python_decorator.py
[2025-03-17T17:17:10.156+0000] {processor.py:914} INFO - Processing file /home/airflow/.local/lib/python3.12/site-packages/airflow/example_dags/example_python_decorator.py for tasks to queue
[2025-03-17T17:17:10.158+0000] {logging_mixin.py:190} INFO - [2025-03-17T17:17:10.157+0000] {dagbag.py:588} INFO - Filling up the DagBag from /home/airflow/.local/lib/python3.12/site-packages/airflow/example_dags/example_python_decorator.py
[2025-03-17T17:17:10.166+0000] {processor.py:925} INFO - DAG(s) 'example_python_decorator' retrieved from /home/airflow/.local/lib/python3.12/site-packages/airflow/example_dags/example_python_decorator.py
[2025-03-17T17:17:10.181+0000] {logging_mixin.py:190} INFO - [2025-03-17T17:17:10.181+0000] {dag.py:3239} INFO - Sync 1 DAGs
[2025-03-17T17:17:10.190+0000] {logging_mixin.py:190} INFO - [2025-03-17T17:17:10.190+0000] {dag.py:4180} INFO - Setting next_dagrun for example_python_decorator to None, run_after=None
[2025-03-17T17:17:10.201+0000] {processor.py:208} INFO - Processing /home/airflow/.local/lib/python3.12/site-packages/airflow/example_dags/example_python_decorator.py took 0.049 seconds
[2025-03-17T17:17:41.672+0000] {processor.py:186} INFO - Started process (PID=241) to work on /home/airflow/.local/lib/python3.12/site-packages/airflow/example_dags/example_python_decorator.py
[2025-03-17T17:17:41.673+0000] {processor.py:914} INFO - Processing file /home/airflow/.local/lib/python3.12/site-packages/airflow/example_dags/example_python_decorator.py for tasks to queue
[2025-03-17T17:17:41.674+0000] {logging_mixin.py:190} INFO - [2025-03-17T17:17:41.674+0000] {dagbag.py:588} INFO - Filling up the DagBag from /home/airflow/.local/lib/python3.12/site-packages/airflow/example_dags/example_python_decorator.py
[2025-03-17T17:17:41.682+0000] {processor.py:925} INFO - DAG(s) 'example_python_decorator' retrieved from /home/airflow/.local/lib/python3.12/site-packages/airflow/example_dags/example_python_decorator.py
[2025-03-17T17:17:41.696+0000] {logging_mixin.py:190} INFO - [2025-03-17T17:17:41.696+0000] {dag.py:3239} INFO - Sync 1 DAGs
[2025-03-17T17:17:41.705+0000] {logging_mixin.py:190} INFO - [2025-03-17T17:17:41.705+0000] {dag.py:4180} INFO - Setting next_dagrun for example_python_decorator to None, run_after=None
[2025-03-17T17:17:41.717+0000] {processor.py:208} INFO - Processing /home/airflow/.local/lib/python3.12/site-packages/airflow/example_dags/example_python_decorator.py took 0.048 seconds
