[2025-03-17T17:16:36.884+0000] {processor.py:186} INFO - Started process (PID=87) to work on /home/airflow/.local/lib/python3.12/site-packages/airflow/example_dags/example_dynamic_task_mapping.py
[2025-03-17T17:16:36.885+0000] {processor.py:914} INFO - Processing file /home/airflow/.local/lib/python3.12/site-packages/airflow/example_dags/example_dynamic_task_mapping.py for tasks to queue
[2025-03-17T17:16:36.886+0000] {logging_mixin.py:190} INFO - [2025-03-17T17:16:36.886+0000] {dagbag.py:588} INFO - Filling up the DagBag from /home/airflow/.local/lib/python3.12/site-packages/airflow/example_dags/example_dynamic_task_mapping.py
[2025-03-17T17:16:36.893+0000] {processor.py:925} INFO - DAG(s) 'example_dynamic_task_mapping' retrieved from /home/airflow/.local/lib/python3.12/site-packages/airflow/example_dags/example_dynamic_task_mapping.py
[2025-03-17T17:16:36.966+0000] {logging_mixin.py:190} INFO - [2025-03-17T17:16:36.965+0000] {override.py:1912} INFO - Created Permission View: can edit on DAG:example_dynamic_task_mapping
[2025-03-17T17:16:36.973+0000] {logging_mixin.py:190} INFO - [2025-03-17T17:16:36.973+0000] {override.py:1912} INFO - Created Permission View: can read on DAG:example_dynamic_task_mapping
[2025-03-17T17:16:36.978+0000] {logging_mixin.py:190} INFO - [2025-03-17T17:16:36.977+0000] {override.py:1912} INFO - Created Permission View: can delete on DAG:example_dynamic_task_mapping
[2025-03-17T17:16:36.982+0000] {logging_mixin.py:190} INFO - [2025-03-17T17:16:36.982+0000] {override.py:1912} INFO - Created Permission View: menu access on DAG Run:example_dynamic_task_mapping
[2025-03-17T17:16:36.987+0000] {logging_mixin.py:190} INFO - [2025-03-17T17:16:36.987+0000] {override.py:1912} INFO - Created Permission View: can read on DAG Run:example_dynamic_task_mapping
[2025-03-17T17:16:36.991+0000] {logging_mixin.py:190} INFO - [2025-03-17T17:16:36.991+0000] {override.py:1912} INFO - Created Permission View: can create on DAG Run:example_dynamic_task_mapping
[2025-03-17T17:16:36.996+0000] {logging_mixin.py:190} INFO - [2025-03-17T17:16:36.996+0000] {override.py:1912} INFO - Created Permission View: can delete on DAG Run:example_dynamic_task_mapping
[2025-03-17T17:16:36.996+0000] {logging_mixin.py:190} INFO - [2025-03-17T17:16:36.996+0000] {dag.py:3239} INFO - Sync 1 DAGs
[2025-03-17T17:16:37.005+0000] {logging_mixin.py:190} INFO - [2025-03-17T17:16:37.005+0000] {dag.py:3262} INFO - Creating ORM DAG for example_dynamic_task_mapping
[2025-03-17T17:16:37.005+0000] {logging_mixin.py:190} INFO - [2025-03-17T17:16:37.005+0000] {dag.py:4180} INFO - Setting next_dagrun for example_dynamic_task_mapping to None, run_after=None
[2025-03-17T17:16:37.015+0000] {processor.py:208} INFO - Processing /home/airflow/.local/lib/python3.12/site-packages/airflow/example_dags/example_dynamic_task_mapping.py took 0.134 seconds
[2025-03-17T17:17:07.574+0000] {processor.py:186} INFO - Started process (PID=150) to work on /home/airflow/.local/lib/python3.12/site-packages/airflow/example_dags/example_dynamic_task_mapping.py
[2025-03-17T17:17:07.575+0000] {processor.py:914} INFO - Processing file /home/airflow/.local/lib/python3.12/site-packages/airflow/example_dags/example_dynamic_task_mapping.py for tasks to queue
[2025-03-17T17:17:07.577+0000] {logging_mixin.py:190} INFO - [2025-03-17T17:17:07.576+0000] {dagbag.py:588} INFO - Filling up the DagBag from /home/airflow/.local/lib/python3.12/site-packages/airflow/example_dags/example_dynamic_task_mapping.py
[2025-03-17T17:17:07.582+0000] {processor.py:925} INFO - DAG(s) 'example_dynamic_task_mapping' retrieved from /home/airflow/.local/lib/python3.12/site-packages/airflow/example_dags/example_dynamic_task_mapping.py
[2025-03-17T17:17:07.594+0000] {logging_mixin.py:190} INFO - [2025-03-17T17:17:07.594+0000] {dag.py:3239} INFO - Sync 1 DAGs
[2025-03-17T17:17:07.604+0000] {logging_mixin.py:190} INFO - [2025-03-17T17:17:07.604+0000] {dag.py:4180} INFO - Setting next_dagrun for example_dynamic_task_mapping to None, run_after=None
[2025-03-17T17:17:07.614+0000] {processor.py:208} INFO - Processing /home/airflow/.local/lib/python3.12/site-packages/airflow/example_dags/example_dynamic_task_mapping.py took 0.044 seconds
[2025-03-17T17:17:38.019+0000] {processor.py:186} INFO - Started process (PID=219) to work on /home/airflow/.local/lib/python3.12/site-packages/airflow/example_dags/example_dynamic_task_mapping.py
[2025-03-17T17:17:38.020+0000] {processor.py:914} INFO - Processing file /home/airflow/.local/lib/python3.12/site-packages/airflow/example_dags/example_dynamic_task_mapping.py for tasks to queue
[2025-03-17T17:17:38.021+0000] {logging_mixin.py:190} INFO - [2025-03-17T17:17:38.021+0000] {dagbag.py:588} INFO - Filling up the DagBag from /home/airflow/.local/lib/python3.12/site-packages/airflow/example_dags/example_dynamic_task_mapping.py
[2025-03-17T17:17:38.027+0000] {processor.py:925} INFO - DAG(s) 'example_dynamic_task_mapping' retrieved from /home/airflow/.local/lib/python3.12/site-packages/airflow/example_dags/example_dynamic_task_mapping.py
[2025-03-17T17:17:38.040+0000] {logging_mixin.py:190} INFO - [2025-03-17T17:17:38.039+0000] {dag.py:3239} INFO - Sync 1 DAGs
[2025-03-17T17:17:38.049+0000] {logging_mixin.py:190} INFO - [2025-03-17T17:17:38.048+0000] {dag.py:4180} INFO - Setting next_dagrun for example_dynamic_task_mapping to None, run_after=None
[2025-03-17T17:17:38.060+0000] {processor.py:208} INFO - Processing /home/airflow/.local/lib/python3.12/site-packages/airflow/example_dags/example_dynamic_task_mapping.py took 0.044 seconds
