[2025-03-17T17:16:33.081+0000] {processor.py:186} INFO - Started process (PID=58) to work on /home/airflow/.local/lib/python3.12/site-packages/airflow/example_dags/example_kubernetes_executor.py
[2025-03-17T17:16:33.081+0000] {processor.py:914} INFO - Processing file /home/airflow/.local/lib/python3.12/site-packages/airflow/example_dags/example_kubernetes_executor.py for tasks to queue
[2025-03-17T17:16:33.084+0000] {logging_mixin.py:190} INFO - [2025-03-17T17:16:33.083+0000] {dagbag.py:588} INFO - Filling up the DagBag from /home/airflow/.local/lib/python3.12/site-packages/airflow/example_dags/example_kubernetes_executor.py
[2025-03-17T17:16:33.097+0000] {processor.py:925} INFO - DAG(s) 'example_kubernetes_executor' retrieved from /home/airflow/.local/lib/python3.12/site-packages/airflow/example_dags/example_kubernetes_executor.py
[2025-03-17T17:16:33.269+0000] {logging_mixin.py:190} INFO - [2025-03-17T17:16:33.268+0000] {override.py:1912} INFO - Created Permission View: can edit on DAG:example_kubernetes_executor
[2025-03-17T17:16:33.275+0000] {logging_mixin.py:190} INFO - [2025-03-17T17:16:33.275+0000] {override.py:1912} INFO - Created Permission View: can read on DAG:example_kubernetes_executor
[2025-03-17T17:16:33.280+0000] {logging_mixin.py:190} INFO - [2025-03-17T17:16:33.279+0000] {override.py:1912} INFO - Created Permission View: can delete on DAG:example_kubernetes_executor
[2025-03-17T17:16:33.285+0000] {logging_mixin.py:190} INFO - [2025-03-17T17:16:33.284+0000] {override.py:1912} INFO - Created Permission View: menu access on DAG Run:example_kubernetes_executor
[2025-03-17T17:16:33.289+0000] {logging_mixin.py:190} INFO - [2025-03-17T17:16:33.289+0000] {override.py:1912} INFO - Created Permission View: can read on DAG Run:example_kubernetes_executor
[2025-03-17T17:16:33.293+0000] {logging_mixin.py:190} INFO - [2025-03-17T17:16:33.293+0000] {override.py:1912} INFO - Created Permission View: can create on DAG Run:example_kubernetes_executor
[2025-03-17T17:16:33.297+0000] {logging_mixin.py:190} INFO - [2025-03-17T17:16:33.296+0000] {override.py:1912} INFO - Created Permission View: can delete on DAG Run:example_kubernetes_executor
[2025-03-17T17:16:33.297+0000] {logging_mixin.py:190} INFO - [2025-03-17T17:16:33.297+0000] {dag.py:3239} INFO - Sync 1 DAGs
[2025-03-17T17:16:33.306+0000] {logging_mixin.py:190} INFO - [2025-03-17T17:16:33.306+0000] {dag.py:3262} INFO - Creating ORM DAG for example_kubernetes_executor
[2025-03-17T17:16:33.306+0000] {logging_mixin.py:190} INFO - [2025-03-17T17:16:33.306+0000] {dag.py:4180} INFO - Setting next_dagrun for example_kubernetes_executor to None, run_after=None
[2025-03-17T17:16:33.318+0000] {processor.py:208} INFO - Processing /home/airflow/.local/lib/python3.12/site-packages/airflow/example_dags/example_kubernetes_executor.py took 0.242 seconds
[2025-03-17T17:17:04.171+0000] {processor.py:186} INFO - Started process (PID=121) to work on /home/airflow/.local/lib/python3.12/site-packages/airflow/example_dags/example_kubernetes_executor.py
[2025-03-17T17:17:04.172+0000] {processor.py:914} INFO - Processing file /home/airflow/.local/lib/python3.12/site-packages/airflow/example_dags/example_kubernetes_executor.py for tasks to queue
[2025-03-17T17:17:04.174+0000] {logging_mixin.py:190} INFO - [2025-03-17T17:17:04.174+0000] {dagbag.py:588} INFO - Filling up the DagBag from /home/airflow/.local/lib/python3.12/site-packages/airflow/example_dags/example_kubernetes_executor.py
[2025-03-17T17:17:04.185+0000] {processor.py:925} INFO - DAG(s) 'example_kubernetes_executor' retrieved from /home/airflow/.local/lib/python3.12/site-packages/airflow/example_dags/example_kubernetes_executor.py
[2025-03-17T17:17:04.203+0000] {logging_mixin.py:190} INFO - [2025-03-17T17:17:04.202+0000] {dag.py:3239} INFO - Sync 1 DAGs
[2025-03-17T17:17:04.213+0000] {logging_mixin.py:190} INFO - [2025-03-17T17:17:04.213+0000] {dag.py:4180} INFO - Setting next_dagrun for example_kubernetes_executor to None, run_after=None
[2025-03-17T17:17:04.226+0000] {processor.py:208} INFO - Processing /home/airflow/.local/lib/python3.12/site-packages/airflow/example_dags/example_kubernetes_executor.py took 0.059 seconds
[2025-03-17T17:17:34.495+0000] {processor.py:186} INFO - Started process (PID=184) to work on /home/airflow/.local/lib/python3.12/site-packages/airflow/example_dags/example_kubernetes_executor.py
[2025-03-17T17:17:34.495+0000] {processor.py:914} INFO - Processing file /home/airflow/.local/lib/python3.12/site-packages/airflow/example_dags/example_kubernetes_executor.py for tasks to queue
[2025-03-17T17:17:34.497+0000] {logging_mixin.py:190} INFO - [2025-03-17T17:17:34.497+0000] {dagbag.py:588} INFO - Filling up the DagBag from /home/airflow/.local/lib/python3.12/site-packages/airflow/example_dags/example_kubernetes_executor.py
[2025-03-17T17:17:34.510+0000] {processor.py:925} INFO - DAG(s) 'example_kubernetes_executor' retrieved from /home/airflow/.local/lib/python3.12/site-packages/airflow/example_dags/example_kubernetes_executor.py
[2025-03-17T17:17:34.529+0000] {logging_mixin.py:190} INFO - [2025-03-17T17:17:34.528+0000] {dag.py:3239} INFO - Sync 1 DAGs
[2025-03-17T17:17:34.539+0000] {logging_mixin.py:190} INFO - [2025-03-17T17:17:34.539+0000] {dag.py:4180} INFO - Setting next_dagrun for example_kubernetes_executor to None, run_after=None
[2025-03-17T17:17:34.552+0000] {processor.py:208} INFO - Processing /home/airflow/.local/lib/python3.12/site-packages/airflow/example_dags/example_kubernetes_executor.py took 0.062 seconds
