[2025-03-17T17:16:36.349+0000] {processor.py:186} INFO - Started process (PID=81) to work on /home/airflow/.local/lib/python3.12/site-packages/airflow/example_dags/example_bash_operator.py
[2025-03-17T17:16:36.350+0000] {processor.py:914} INFO - Processing file /home/airflow/.local/lib/python3.12/site-packages/airflow/example_dags/example_bash_operator.py for tasks to queue
[2025-03-17T17:16:36.351+0000] {logging_mixin.py:190} INFO - [2025-03-17T17:16:36.351+0000] {dagbag.py:588} INFO - Filling up the DagBag from /home/airflow/.local/lib/python3.12/site-packages/airflow/example_dags/example_bash_operator.py
[2025-03-17T17:16:36.363+0000] {processor.py:925} INFO - DAG(s) 'example_bash_operator' retrieved from /home/airflow/.local/lib/python3.12/site-packages/airflow/example_dags/example_bash_operator.py
[2025-03-17T17:16:36.440+0000] {logging_mixin.py:190} INFO - [2025-03-17T17:16:36.439+0000] {override.py:1912} INFO - Created Permission View: can edit on DAG:example_bash_operator
[2025-03-17T17:16:36.447+0000] {logging_mixin.py:190} INFO - [2025-03-17T17:16:36.447+0000] {override.py:1912} INFO - Created Permission View: can read on DAG:example_bash_operator
[2025-03-17T17:16:36.452+0000] {logging_mixin.py:190} INFO - [2025-03-17T17:16:36.452+0000] {override.py:1912} INFO - Created Permission View: can delete on DAG:example_bash_operator
[2025-03-17T17:16:36.457+0000] {logging_mixin.py:190} INFO - [2025-03-17T17:16:36.457+0000] {override.py:1912} INFO - Created Permission View: menu access on DAG Run:example_bash_operator
[2025-03-17T17:16:36.461+0000] {logging_mixin.py:190} INFO - [2025-03-17T17:16:36.461+0000] {override.py:1912} INFO - Created Permission View: can read on DAG Run:example_bash_operator
[2025-03-17T17:16:36.465+0000] {logging_mixin.py:190} INFO - [2025-03-17T17:16:36.465+0000] {override.py:1912} INFO - Created Permission View: can create on DAG Run:example_bash_operator
[2025-03-17T17:16:36.470+0000] {logging_mixin.py:190} INFO - [2025-03-17T17:16:36.470+0000] {override.py:1912} INFO - Created Permission View: can delete on DAG Run:example_bash_operator
[2025-03-17T17:16:36.470+0000] {logging_mixin.py:190} INFO - [2025-03-17T17:16:36.470+0000] {dag.py:3239} INFO - Sync 1 DAGs
[2025-03-17T17:16:36.478+0000] {logging_mixin.py:190} INFO - [2025-03-17T17:16:36.478+0000] {dag.py:3262} INFO - Creating ORM DAG for example_bash_operator
[2025-03-17T17:16:36.485+0000] {logging_mixin.py:190} INFO - [2025-03-17T17:16:36.485+0000] {dag.py:4180} INFO - Setting next_dagrun for example_bash_operator to 2025-03-16 00:00:00+00:00, run_after=2025-03-17 00:00:00+00:00
[2025-03-17T17:16:36.496+0000] {processor.py:208} INFO - Processing /home/airflow/.local/lib/python3.12/site-packages/airflow/example_dags/example_bash_operator.py took 0.151 seconds
[2025-03-17T17:17:07.229+0000] {processor.py:186} INFO - Started process (PID=144) to work on /home/airflow/.local/lib/python3.12/site-packages/airflow/example_dags/example_bash_operator.py
[2025-03-17T17:17:07.230+0000] {processor.py:914} INFO - Processing file /home/airflow/.local/lib/python3.12/site-packages/airflow/example_dags/example_bash_operator.py for tasks to queue
[2025-03-17T17:17:07.231+0000] {logging_mixin.py:190} INFO - [2025-03-17T17:17:07.231+0000] {dagbag.py:588} INFO - Filling up the DagBag from /home/airflow/.local/lib/python3.12/site-packages/airflow/example_dags/example_bash_operator.py
[2025-03-17T17:17:07.240+0000] {processor.py:925} INFO - DAG(s) 'example_bash_operator' retrieved from /home/airflow/.local/lib/python3.12/site-packages/airflow/example_dags/example_bash_operator.py
[2025-03-17T17:17:07.259+0000] {logging_mixin.py:190} INFO - [2025-03-17T17:17:07.259+0000] {dag.py:3239} INFO - Sync 1 DAGs
[2025-03-17T17:17:07.276+0000] {logging_mixin.py:190} INFO - [2025-03-17T17:17:07.275+0000] {dag.py:4180} INFO - Setting next_dagrun for example_bash_operator to 2025-03-16 00:00:00+00:00, run_after=2025-03-17 00:00:00+00:00
[2025-03-17T17:17:07.288+0000] {processor.py:208} INFO - Processing /home/airflow/.local/lib/python3.12/site-packages/airflow/example_dags/example_bash_operator.py took 0.062 seconds
[2025-03-17T17:17:37.649+0000] {processor.py:186} INFO - Started process (PID=206) to work on /home/airflow/.local/lib/python3.12/site-packages/airflow/example_dags/example_bash_operator.py
[2025-03-17T17:17:37.650+0000] {processor.py:914} INFO - Processing file /home/airflow/.local/lib/python3.12/site-packages/airflow/example_dags/example_bash_operator.py for tasks to queue
[2025-03-17T17:17:37.651+0000] {logging_mixin.py:190} INFO - [2025-03-17T17:17:37.651+0000] {dagbag.py:588} INFO - Filling up the DagBag from /home/airflow/.local/lib/python3.12/site-packages/airflow/example_dags/example_bash_operator.py
[2025-03-17T17:17:37.659+0000] {processor.py:925} INFO - DAG(s) 'example_bash_operator' retrieved from /home/airflow/.local/lib/python3.12/site-packages/airflow/example_dags/example_bash_operator.py
[2025-03-17T17:17:37.675+0000] {logging_mixin.py:190} INFO - [2025-03-17T17:17:37.674+0000] {dag.py:3239} INFO - Sync 1 DAGs
[2025-03-17T17:17:37.696+0000] {logging_mixin.py:190} INFO - [2025-03-17T17:17:37.696+0000] {dag.py:4180} INFO - Setting next_dagrun for example_bash_operator to 2025-03-16 00:00:00+00:00, run_after=2025-03-17 00:00:00+00:00
[2025-03-17T17:17:37.708+0000] {processor.py:208} INFO - Processing /home/airflow/.local/lib/python3.12/site-packages/airflow/example_dags/example_bash_operator.py took 0.063 seconds
