[2025-03-17T17:16:37.215+0000] {processor.py:186} INFO - Started process (PID=90) to work on /home/airflow/.local/lib/python3.12/site-packages/airflow/example_dags/example_outlet_event_extra.py
[2025-03-17T17:16:37.215+0000] {processor.py:914} INFO - Processing file /home/airflow/.local/lib/python3.12/site-packages/airflow/example_dags/example_outlet_event_extra.py for tasks to queue
[2025-03-17T17:16:37.217+0000] {logging_mixin.py:190} INFO - [2025-03-17T17:16:37.217+0000] {dagbag.py:588} INFO - Filling up the DagBag from /home/airflow/.local/lib/python3.12/site-packages/airflow/example_dags/example_outlet_event_extra.py
[2025-03-17T17:16:37.645+0000] {processor.py:925} INFO - DAG(s) 'dataset_with_extra_from_classic_operator', 'dataset_with_extra_by_yield', 'dataset_with_extra_by_context' retrieved from /home/airflow/.local/lib/python3.12/site-packages/airflow/example_dags/example_outlet_event_extra.py
[2025-03-17T17:16:37.717+0000] {logging_mixin.py:190} INFO - [2025-03-17T17:16:37.716+0000] {override.py:1912} INFO - Created Permission View: can edit on DAG:dataset_with_extra_from_classic_operator
[2025-03-17T17:16:37.727+0000] {logging_mixin.py:190} INFO - [2025-03-17T17:16:37.727+0000] {override.py:1912} INFO - Created Permission View: can read on DAG:dataset_with_extra_from_classic_operator
[2025-03-17T17:16:37.732+0000] {logging_mixin.py:190} INFO - [2025-03-17T17:16:37.731+0000] {override.py:1912} INFO - Created Permission View: can delete on DAG:dataset_with_extra_from_classic_operator
[2025-03-17T17:16:37.737+0000] {logging_mixin.py:190} INFO - [2025-03-17T17:16:37.737+0000] {override.py:1912} INFO - Created Permission View: menu access on DAG Run:dataset_with_extra_from_classic_operator
[2025-03-17T17:16:37.742+0000] {logging_mixin.py:190} INFO - [2025-03-17T17:16:37.742+0000] {override.py:1912} INFO - Created Permission View: can read on DAG Run:dataset_with_extra_from_classic_operator
[2025-03-17T17:16:37.747+0000] {logging_mixin.py:190} INFO - [2025-03-17T17:16:37.747+0000] {override.py:1912} INFO - Created Permission View: can create on DAG Run:dataset_with_extra_from_classic_operator
[2025-03-17T17:16:37.752+0000] {logging_mixin.py:190} INFO - [2025-03-17T17:16:37.752+0000] {override.py:1912} INFO - Created Permission View: can delete on DAG Run:dataset_with_extra_from_classic_operator
[2025-03-17T17:16:37.761+0000] {logging_mixin.py:190} INFO - [2025-03-17T17:16:37.760+0000] {override.py:1912} INFO - Created Permission View: can edit on DAG:dataset_with_extra_by_yield
[2025-03-17T17:16:37.765+0000] {logging_mixin.py:190} INFO - [2025-03-17T17:16:37.765+0000] {override.py:1912} INFO - Created Permission View: can read on DAG:dataset_with_extra_by_yield
[2025-03-17T17:16:37.769+0000] {logging_mixin.py:190} INFO - [2025-03-17T17:16:37.769+0000] {override.py:1912} INFO - Created Permission View: can delete on DAG:dataset_with_extra_by_yield
[2025-03-17T17:16:37.774+0000] {logging_mixin.py:190} INFO - [2025-03-17T17:16:37.774+0000] {override.py:1912} INFO - Created Permission View: menu access on DAG Run:dataset_with_extra_by_yield
[2025-03-17T17:16:37.778+0000] {logging_mixin.py:190} INFO - [2025-03-17T17:16:37.778+0000] {override.py:1912} INFO - Created Permission View: can read on DAG Run:dataset_with_extra_by_yield
[2025-03-17T17:16:37.783+0000] {logging_mixin.py:190} INFO - [2025-03-17T17:16:37.783+0000] {override.py:1912} INFO - Created Permission View: can create on DAG Run:dataset_with_extra_by_yield
[2025-03-17T17:16:37.787+0000] {logging_mixin.py:190} INFO - [2025-03-17T17:16:37.787+0000] {override.py:1912} INFO - Created Permission View: can delete on DAG Run:dataset_with_extra_by_yield
[2025-03-17T17:16:37.795+0000] {logging_mixin.py:190} INFO - [2025-03-17T17:16:37.795+0000] {override.py:1912} INFO - Created Permission View: can edit on DAG:dataset_with_extra_by_context
[2025-03-17T17:16:37.799+0000] {logging_mixin.py:190} INFO - [2025-03-17T17:16:37.799+0000] {override.py:1912} INFO - Created Permission View: can read on DAG:dataset_with_extra_by_context
[2025-03-17T17:16:37.803+0000] {logging_mixin.py:190} INFO - [2025-03-17T17:16:37.803+0000] {override.py:1912} INFO - Created Permission View: can delete on DAG:dataset_with_extra_by_context
[2025-03-17T17:16:37.808+0000] {logging_mixin.py:190} INFO - [2025-03-17T17:16:37.807+0000] {override.py:1912} INFO - Created Permission View: menu access on DAG Run:dataset_with_extra_by_context
[2025-03-17T17:16:37.813+0000] {logging_mixin.py:190} INFO - [2025-03-17T17:16:37.812+0000] {override.py:1912} INFO - Created Permission View: can read on DAG Run:dataset_with_extra_by_context
[2025-03-17T17:16:37.817+0000] {logging_mixin.py:190} INFO - [2025-03-17T17:16:37.816+0000] {override.py:1912} INFO - Created Permission View: can create on DAG Run:dataset_with_extra_by_context
[2025-03-17T17:16:37.820+0000] {logging_mixin.py:190} INFO - [2025-03-17T17:16:37.820+0000] {override.py:1912} INFO - Created Permission View: can delete on DAG Run:dataset_with_extra_by_context
[2025-03-17T17:16:37.821+0000] {logging_mixin.py:190} INFO - [2025-03-17T17:16:37.821+0000] {dag.py:3239} INFO - Sync 3 DAGs
[2025-03-17T17:16:37.829+0000] {logging_mixin.py:190} INFO - [2025-03-17T17:16:37.828+0000] {dag.py:3262} INFO - Creating ORM DAG for dataset_with_extra_by_context
[2025-03-17T17:16:37.829+0000] {logging_mixin.py:190} INFO - [2025-03-17T17:16:37.829+0000] {dag.py:3262} INFO - Creating ORM DAG for dataset_with_extra_from_classic_operator
[2025-03-17T17:16:37.830+0000] {logging_mixin.py:190} INFO - [2025-03-17T17:16:37.830+0000] {dag.py:3262} INFO - Creating ORM DAG for dataset_with_extra_by_yield
[2025-03-17T17:16:37.836+0000] {logging_mixin.py:190} INFO - [2025-03-17T17:16:37.836+0000] {dag.py:4180} INFO - Setting next_dagrun for dataset_with_extra_by_context to 2025-03-16 00:00:00+00:00, run_after=2025-03-17 00:00:00+00:00
[2025-03-17T17:16:37.838+0000] {logging_mixin.py:190} INFO - [2025-03-17T17:16:37.838+0000] {dag.py:4180} INFO - Setting next_dagrun for dataset_with_extra_by_yield to 2025-03-16 00:00:00+00:00, run_after=2025-03-17 00:00:00+00:00
[2025-03-17T17:16:37.839+0000] {logging_mixin.py:190} INFO - [2025-03-17T17:16:37.839+0000] {dag.py:4180} INFO - Setting next_dagrun for dataset_with_extra_from_classic_operator to 2025-03-16 00:00:00+00:00, run_after=2025-03-17 00:00:00+00:00
[2025-03-17T17:16:37.854+0000] {processor.py:208} INFO - Processing /home/airflow/.local/lib/python3.12/site-packages/airflow/example_dags/example_outlet_event_extra.py took 0.644 seconds
[2025-03-17T17:17:08.829+0000] {processor.py:186} INFO - Started process (PID=161) to work on /home/airflow/.local/lib/python3.12/site-packages/airflow/example_dags/example_outlet_event_extra.py
[2025-03-17T17:17:08.829+0000] {processor.py:914} INFO - Processing file /home/airflow/.local/lib/python3.12/site-packages/airflow/example_dags/example_outlet_event_extra.py for tasks to queue
[2025-03-17T17:17:08.831+0000] {logging_mixin.py:190} INFO - [2025-03-17T17:17:08.831+0000] {dagbag.py:588} INFO - Filling up the DagBag from /home/airflow/.local/lib/python3.12/site-packages/airflow/example_dags/example_outlet_event_extra.py
[2025-03-17T17:17:09.319+0000] {processor.py:925} INFO - DAG(s) 'dataset_with_extra_from_classic_operator', 'dataset_with_extra_by_context', 'dataset_with_extra_by_yield' retrieved from /home/airflow/.local/lib/python3.12/site-packages/airflow/example_dags/example_outlet_event_extra.py
[2025-03-17T17:17:09.337+0000] {logging_mixin.py:190} INFO - [2025-03-17T17:17:09.337+0000] {dag.py:3239} INFO - Sync 3 DAGs
[2025-03-17T17:17:09.356+0000] {logging_mixin.py:190} INFO - [2025-03-17T17:17:09.355+0000] {dag.py:4180} INFO - Setting next_dagrun for dataset_with_extra_by_context to 2025-03-16 00:00:00+00:00, run_after=2025-03-17 00:00:00+00:00
[2025-03-17T17:17:09.359+0000] {logging_mixin.py:190} INFO - [2025-03-17T17:17:09.359+0000] {dag.py:4180} INFO - Setting next_dagrun for dataset_with_extra_by_yield to 2025-03-16 00:00:00+00:00, run_after=2025-03-17 00:00:00+00:00
[2025-03-17T17:17:09.361+0000] {logging_mixin.py:190} INFO - [2025-03-17T17:17:09.361+0000] {dag.py:4180} INFO - Setting next_dagrun for dataset_with_extra_from_classic_operator to 2025-03-16 00:00:00+00:00, run_after=2025-03-17 00:00:00+00:00
[2025-03-17T17:17:09.376+0000] {processor.py:208} INFO - Processing /home/airflow/.local/lib/python3.12/site-packages/airflow/example_dags/example_outlet_event_extra.py took 0.551 seconds
[2025-03-17T17:17:40.370+0000] {processor.py:186} INFO - Started process (PID=224) to work on /home/airflow/.local/lib/python3.12/site-packages/airflow/example_dags/example_outlet_event_extra.py
[2025-03-17T17:17:40.370+0000] {processor.py:914} INFO - Processing file /home/airflow/.local/lib/python3.12/site-packages/airflow/example_dags/example_outlet_event_extra.py for tasks to queue
[2025-03-17T17:17:40.372+0000] {logging_mixin.py:190} INFO - [2025-03-17T17:17:40.372+0000] {dagbag.py:588} INFO - Filling up the DagBag from /home/airflow/.local/lib/python3.12/site-packages/airflow/example_dags/example_outlet_event_extra.py
[2025-03-17T17:17:40.810+0000] {processor.py:925} INFO - DAG(s) 'dataset_with_extra_by_context', 'dataset_with_extra_by_yield', 'dataset_with_extra_from_classic_operator' retrieved from /home/airflow/.local/lib/python3.12/site-packages/airflow/example_dags/example_outlet_event_extra.py
[2025-03-17T17:17:40.827+0000] {logging_mixin.py:190} INFO - [2025-03-17T17:17:40.827+0000] {dag.py:3239} INFO - Sync 3 DAGs
[2025-03-17T17:17:40.847+0000] {logging_mixin.py:190} INFO - [2025-03-17T17:17:40.847+0000] {dag.py:4180} INFO - Setting next_dagrun for dataset_with_extra_by_context to 2025-03-16 00:00:00+00:00, run_after=2025-03-17 00:00:00+00:00
[2025-03-17T17:17:40.851+0000] {logging_mixin.py:190} INFO - [2025-03-17T17:17:40.850+0000] {dag.py:4180} INFO - Setting next_dagrun for dataset_with_extra_by_yield to 2025-03-16 00:00:00+00:00, run_after=2025-03-17 00:00:00+00:00
[2025-03-17T17:17:40.852+0000] {logging_mixin.py:190} INFO - [2025-03-17T17:17:40.852+0000] {dag.py:4180} INFO - Setting next_dagrun for dataset_with_extra_from_classic_operator to 2025-03-16 00:00:00+00:00, run_after=2025-03-17 00:00:00+00:00
[2025-03-17T17:17:40.867+0000] {processor.py:208} INFO - Processing /home/airflow/.local/lib/python3.12/site-packages/airflow/example_dags/example_outlet_event_extra.py took 0.502 seconds
