[2025-03-17T17:16:39.298+0000] {processor.py:186} INFO - Started process (PID=109) to work on /home/airflow/.local/lib/python3.12/site-packages/airflow/example_dags/example_nested_branch_dag.py
[2025-03-17T17:16:39.298+0000] {processor.py:914} INFO - Processing file /home/airflow/.local/lib/python3.12/site-packages/airflow/example_dags/example_nested_branch_dag.py for tasks to queue
[2025-03-17T17:16:39.300+0000] {logging_mixin.py:190} INFO - [2025-03-17T17:16:39.300+0000] {dagbag.py:588} INFO - Filling up the DagBag from /home/airflow/.local/lib/python3.12/site-packages/airflow/example_dags/example_nested_branch_dag.py
[2025-03-17T17:16:39.308+0000] {processor.py:925} INFO - DAG(s) 'example_nested_branch_dag' retrieved from /home/airflow/.local/lib/python3.12/site-packages/airflow/example_dags/example_nested_branch_dag.py
[2025-03-17T17:16:39.374+0000] {logging_mixin.py:190} INFO - [2025-03-17T17:16:39.374+0000] {override.py:1912} INFO - Created Permission View: can edit on DAG:example_nested_branch_dag
[2025-03-17T17:16:39.380+0000] {logging_mixin.py:190} INFO - [2025-03-17T17:16:39.380+0000] {override.py:1912} INFO - Created Permission View: can read on DAG:example_nested_branch_dag
[2025-03-17T17:16:39.384+0000] {logging_mixin.py:190} INFO - [2025-03-17T17:16:39.384+0000] {override.py:1912} INFO - Created Permission View: can delete on DAG:example_nested_branch_dag
[2025-03-17T17:16:39.388+0000] {logging_mixin.py:190} INFO - [2025-03-17T17:16:39.388+0000] {override.py:1912} INFO - Created Permission View: menu access on DAG Run:example_nested_branch_dag
[2025-03-17T17:16:39.392+0000] {logging_mixin.py:190} INFO - [2025-03-17T17:16:39.392+0000] {override.py:1912} INFO - Created Permission View: can read on DAG Run:example_nested_branch_dag
[2025-03-17T17:16:39.396+0000] {logging_mixin.py:190} INFO - [2025-03-17T17:16:39.396+0000] {override.py:1912} INFO - Created Permission View: can create on DAG Run:example_nested_branch_dag
[2025-03-17T17:16:39.400+0000] {logging_mixin.py:190} INFO - [2025-03-17T17:16:39.400+0000] {override.py:1912} INFO - Created Permission View: can delete on DAG Run:example_nested_branch_dag
[2025-03-17T17:16:39.401+0000] {logging_mixin.py:190} INFO - [2025-03-17T17:16:39.401+0000] {dag.py:3239} INFO - Sync 1 DAGs
[2025-03-17T17:16:39.409+0000] {logging_mixin.py:190} INFO - [2025-03-17T17:16:39.408+0000] {dag.py:3262} INFO - Creating ORM DAG for example_nested_branch_dag
[2025-03-17T17:16:39.415+0000] {logging_mixin.py:190} INFO - [2025-03-17T17:16:39.415+0000] {dag.py:4180} INFO - Setting next_dagrun for example_nested_branch_dag to 2025-03-16 00:00:00+00:00, run_after=2025-03-17 00:00:00+00:00
[2025-03-17T17:16:39.425+0000] {processor.py:208} INFO - Processing /home/airflow/.local/lib/python3.12/site-packages/airflow/example_dags/example_nested_branch_dag.py took 0.132 seconds
[2025-03-17T17:17:09.934+0000] {processor.py:186} INFO - Started process (PID=172) to work on /home/airflow/.local/lib/python3.12/site-packages/airflow/example_dags/example_nested_branch_dag.py
[2025-03-17T17:17:09.935+0000] {processor.py:914} INFO - Processing file /home/airflow/.local/lib/python3.12/site-packages/airflow/example_dags/example_nested_branch_dag.py for tasks to queue
[2025-03-17T17:17:09.936+0000] {logging_mixin.py:190} INFO - [2025-03-17T17:17:09.936+0000] {dagbag.py:588} INFO - Filling up the DagBag from /home/airflow/.local/lib/python3.12/site-packages/airflow/example_dags/example_nested_branch_dag.py
[2025-03-17T17:17:09.943+0000] {processor.py:925} INFO - DAG(s) 'example_nested_branch_dag' retrieved from /home/airflow/.local/lib/python3.12/site-packages/airflow/example_dags/example_nested_branch_dag.py
[2025-03-17T17:17:09.958+0000] {logging_mixin.py:190} INFO - [2025-03-17T17:17:09.957+0000] {dag.py:3239} INFO - Sync 1 DAGs
[2025-03-17T17:17:09.972+0000] {logging_mixin.py:190} INFO - [2025-03-17T17:17:09.972+0000] {dag.py:4180} INFO - Setting next_dagrun for example_nested_branch_dag to 2025-03-16 00:00:00+00:00, run_after=2025-03-17 00:00:00+00:00
[2025-03-17T17:17:09.983+0000] {processor.py:208} INFO - Processing /home/airflow/.local/lib/python3.12/site-packages/airflow/example_dags/example_nested_branch_dag.py took 0.053 seconds
[2025-03-17T17:17:41.469+0000] {processor.py:186} INFO - Started process (PID=235) to work on /home/airflow/.local/lib/python3.12/site-packages/airflow/example_dags/example_nested_branch_dag.py
[2025-03-17T17:17:41.470+0000] {processor.py:914} INFO - Processing file /home/airflow/.local/lib/python3.12/site-packages/airflow/example_dags/example_nested_branch_dag.py for tasks to queue
[2025-03-17T17:17:41.471+0000] {logging_mixin.py:190} INFO - [2025-03-17T17:17:41.471+0000] {dagbag.py:588} INFO - Filling up the DagBag from /home/airflow/.local/lib/python3.12/site-packages/airflow/example_dags/example_nested_branch_dag.py
[2025-03-17T17:17:41.478+0000] {processor.py:925} INFO - DAG(s) 'example_nested_branch_dag' retrieved from /home/airflow/.local/lib/python3.12/site-packages/airflow/example_dags/example_nested_branch_dag.py
[2025-03-17T17:17:41.492+0000] {logging_mixin.py:190} INFO - [2025-03-17T17:17:41.491+0000] {dag.py:3239} INFO - Sync 1 DAGs
[2025-03-17T17:17:41.507+0000] {logging_mixin.py:190} INFO - [2025-03-17T17:17:41.506+0000] {dag.py:4180} INFO - Setting next_dagrun for example_nested_branch_dag to 2025-03-16 00:00:00+00:00, run_after=2025-03-17 00:00:00+00:00
[2025-03-17T17:17:41.518+0000] {processor.py:208} INFO - Processing /home/airflow/.local/lib/python3.12/site-packages/airflow/example_dags/example_nested_branch_dag.py took 0.052 seconds
