[2025-03-17T17:16:39.129+0000] {processor.py:186} INFO - Started process (PID=107) to work on /home/airflow/.local/lib/python3.12/site-packages/airflow/example_dags/example_sla_dag.py
[2025-03-17T17:16:39.130+0000] {processor.py:914} INFO - Processing file /home/airflow/.local/lib/python3.12/site-packages/airflow/example_dags/example_sla_dag.py for tasks to queue
[2025-03-17T17:16:39.131+0000] {logging_mixin.py:190} INFO - [2025-03-17T17:16:39.131+0000] {dagbag.py:588} INFO - Filling up the DagBag from /home/airflow/.local/lib/python3.12/site-packages/airflow/example_dags/example_sla_dag.py
[2025-03-17T17:16:39.139+0000] {processor.py:925} INFO - DAG(s) 'example_sla_dag' retrieved from /home/airflow/.local/lib/python3.12/site-packages/airflow/example_dags/example_sla_dag.py
[2025-03-17T17:16:39.204+0000] {logging_mixin.py:190} INFO - [2025-03-17T17:16:39.204+0000] {override.py:1912} INFO - Created Permission View: can edit on DAG:example_sla_dag
[2025-03-17T17:16:39.211+0000] {logging_mixin.py:190} INFO - [2025-03-17T17:16:39.211+0000] {override.py:1912} INFO - Created Permission View: can read on DAG:example_sla_dag
[2025-03-17T17:16:39.215+0000] {logging_mixin.py:190} INFO - [2025-03-17T17:16:39.215+0000] {override.py:1912} INFO - Created Permission View: can delete on DAG:example_sla_dag
[2025-03-17T17:16:39.220+0000] {logging_mixin.py:190} INFO - [2025-03-17T17:16:39.220+0000] {override.py:1912} INFO - Created Permission View: menu access on DAG Run:example_sla_dag
[2025-03-17T17:16:39.224+0000] {logging_mixin.py:190} INFO - [2025-03-17T17:16:39.224+0000] {override.py:1912} INFO - Created Permission View: can read on DAG Run:example_sla_dag
[2025-03-17T17:16:39.228+0000] {logging_mixin.py:190} INFO - [2025-03-17T17:16:39.228+0000] {override.py:1912} INFO - Created Permission View: can create on DAG Run:example_sla_dag
[2025-03-17T17:16:39.232+0000] {logging_mixin.py:190} INFO - [2025-03-17T17:16:39.232+0000] {override.py:1912} INFO - Created Permission View: can delete on DAG Run:example_sla_dag
[2025-03-17T17:16:39.232+0000] {logging_mixin.py:190} INFO - [2025-03-17T17:16:39.232+0000] {dag.py:3239} INFO - Sync 1 DAGs
[2025-03-17T17:16:39.240+0000] {logging_mixin.py:190} INFO - [2025-03-17T17:16:39.240+0000] {dag.py:3262} INFO - Creating ORM DAG for example_sla_dag
[2025-03-17T17:16:39.248+0000] {logging_mixin.py:190} INFO - [2025-03-17T17:16:39.248+0000] {dag.py:4180} INFO - Setting next_dagrun for example_sla_dag to 2025-03-17 17:14:00+00:00, run_after=2025-03-17 17:16:00+00:00
[2025-03-17T17:16:39.257+0000] {processor.py:208} INFO - Processing /home/airflow/.local/lib/python3.12/site-packages/airflow/example_dags/example_sla_dag.py took 0.131 seconds
[2025-03-17T17:17:09.765+0000] {processor.py:186} INFO - Started process (PID=170) to work on /home/airflow/.local/lib/python3.12/site-packages/airflow/example_dags/example_sla_dag.py
[2025-03-17T17:17:09.765+0000] {processor.py:914} INFO - Processing file /home/airflow/.local/lib/python3.12/site-packages/airflow/example_dags/example_sla_dag.py for tasks to queue
[2025-03-17T17:17:09.767+0000] {logging_mixin.py:190} INFO - [2025-03-17T17:17:09.767+0000] {dagbag.py:588} INFO - Filling up the DagBag from /home/airflow/.local/lib/python3.12/site-packages/airflow/example_dags/example_sla_dag.py
[2025-03-17T17:17:09.774+0000] {processor.py:925} INFO - DAG(s) 'example_sla_dag' retrieved from /home/airflow/.local/lib/python3.12/site-packages/airflow/example_dags/example_sla_dag.py
[2025-03-17T17:17:09.787+0000] {logging_mixin.py:190} INFO - [2025-03-17T17:17:09.787+0000] {dag.py:3239} INFO - Sync 1 DAGs
[2025-03-17T17:17:09.804+0000] {logging_mixin.py:190} INFO - [2025-03-17T17:17:09.804+0000] {dag.py:4180} INFO - Setting next_dagrun for example_sla_dag to 2025-03-17 17:14:00+00:00, run_after=2025-03-17 17:16:00+00:00
[2025-03-17T17:17:09.816+0000] {processor.py:208} INFO - Processing /home/airflow/.local/lib/python3.12/site-packages/airflow/example_dags/example_sla_dag.py took 0.055 seconds
[2025-03-17T17:17:41.339+0000] {processor.py:186} INFO - Started process (PID=233) to work on /home/airflow/.local/lib/python3.12/site-packages/airflow/example_dags/example_sla_dag.py
[2025-03-17T17:17:41.339+0000] {processor.py:914} INFO - Processing file /home/airflow/.local/lib/python3.12/site-packages/airflow/example_dags/example_sla_dag.py for tasks to queue
[2025-03-17T17:17:41.341+0000] {logging_mixin.py:190} INFO - [2025-03-17T17:17:41.341+0000] {dagbag.py:588} INFO - Filling up the DagBag from /home/airflow/.local/lib/python3.12/site-packages/airflow/example_dags/example_sla_dag.py
[2025-03-17T17:17:41.347+0000] {processor.py:925} INFO - DAG(s) 'example_sla_dag' retrieved from /home/airflow/.local/lib/python3.12/site-packages/airflow/example_dags/example_sla_dag.py
[2025-03-17T17:17:41.360+0000] {logging_mixin.py:190} INFO - [2025-03-17T17:17:41.360+0000] {dag.py:3239} INFO - Sync 1 DAGs
[2025-03-17T17:17:41.377+0000] {logging_mixin.py:190} INFO - [2025-03-17T17:17:41.376+0000] {dag.py:4180} INFO - Setting next_dagrun for example_sla_dag to 2025-03-17 17:14:00+00:00, run_after=2025-03-17 17:16:00+00:00
[2025-03-17T17:17:41.387+0000] {processor.py:208} INFO - Processing /home/airflow/.local/lib/python3.12/site-packages/airflow/example_dags/example_sla_dag.py took 0.053 seconds
