[2025-03-17T17:16:38.671+0000] {processor.py:186} INFO - Started process (PID=103) to work on /home/airflow/.local/lib/python3.12/site-packages/airflow/example_dags/example_setup_teardown_taskflow.py
[2025-03-17T17:16:38.671+0000] {processor.py:914} INFO - Processing file /home/airflow/.local/lib/python3.12/site-packages/airflow/example_dags/example_setup_teardown_taskflow.py for tasks to queue
[2025-03-17T17:16:38.673+0000] {logging_mixin.py:190} INFO - [2025-03-17T17:16:38.672+0000] {dagbag.py:588} INFO - Filling up the DagBag from /home/airflow/.local/lib/python3.12/site-packages/airflow/example_dags/example_setup_teardown_taskflow.py
[2025-03-17T17:16:38.680+0000] {processor.py:925} INFO - DAG(s) 'example_setup_teardown_taskflow' retrieved from /home/airflow/.local/lib/python3.12/site-packages/airflow/example_dags/example_setup_teardown_taskflow.py
[2025-03-17T17:16:38.745+0000] {logging_mixin.py:190} INFO - [2025-03-17T17:16:38.744+0000] {override.py:1912} INFO - Created Permission View: can edit on DAG:example_setup_teardown_taskflow
[2025-03-17T17:16:38.752+0000] {logging_mixin.py:190} INFO - [2025-03-17T17:16:38.751+0000] {override.py:1912} INFO - Created Permission View: can read on DAG:example_setup_teardown_taskflow
[2025-03-17T17:16:38.756+0000] {logging_mixin.py:190} INFO - [2025-03-17T17:16:38.756+0000] {override.py:1912} INFO - Created Permission View: can delete on DAG:example_setup_teardown_taskflow
[2025-03-17T17:16:38.760+0000] {logging_mixin.py:190} INFO - [2025-03-17T17:16:38.760+0000] {override.py:1912} INFO - Created Permission View: menu access on DAG Run:example_setup_teardown_taskflow
[2025-03-17T17:16:38.764+0000] {logging_mixin.py:190} INFO - [2025-03-17T17:16:38.764+0000] {override.py:1912} INFO - Created Permission View: can read on DAG Run:example_setup_teardown_taskflow
[2025-03-17T17:16:38.768+0000] {logging_mixin.py:190} INFO - [2025-03-17T17:16:38.768+0000] {override.py:1912} INFO - Created Permission View: can create on DAG Run:example_setup_teardown_taskflow
[2025-03-17T17:16:38.772+0000] {logging_mixin.py:190} INFO - [2025-03-17T17:16:38.772+0000] {override.py:1912} INFO - Created Permission View: can delete on DAG Run:example_setup_teardown_taskflow
[2025-03-17T17:16:38.772+0000] {logging_mixin.py:190} INFO - [2025-03-17T17:16:38.772+0000] {dag.py:3239} INFO - Sync 1 DAGs
[2025-03-17T17:16:38.780+0000] {logging_mixin.py:190} INFO - [2025-03-17T17:16:38.780+0000] {dag.py:3262} INFO - Creating ORM DAG for example_setup_teardown_taskflow
[2025-03-17T17:16:38.780+0000] {logging_mixin.py:190} INFO - [2025-03-17T17:16:38.780+0000] {dag.py:4180} INFO - Setting next_dagrun for example_setup_teardown_taskflow to None, run_after=None
[2025-03-17T17:16:38.790+0000] {processor.py:208} INFO - Processing /home/airflow/.local/lib/python3.12/site-packages/airflow/example_dags/example_setup_teardown_taskflow.py took 0.123 seconds
[2025-03-17T17:17:09.474+0000] {processor.py:186} INFO - Started process (PID=165) to work on /home/airflow/.local/lib/python3.12/site-packages/airflow/example_dags/example_setup_teardown_taskflow.py
[2025-03-17T17:17:09.474+0000] {processor.py:914} INFO - Processing file /home/airflow/.local/lib/python3.12/site-packages/airflow/example_dags/example_setup_teardown_taskflow.py for tasks to queue
[2025-03-17T17:17:09.476+0000] {logging_mixin.py:190} INFO - [2025-03-17T17:17:09.476+0000] {dagbag.py:588} INFO - Filling up the DagBag from /home/airflow/.local/lib/python3.12/site-packages/airflow/example_dags/example_setup_teardown_taskflow.py
[2025-03-17T17:17:09.483+0000] {processor.py:925} INFO - DAG(s) 'example_setup_teardown_taskflow' retrieved from /home/airflow/.local/lib/python3.12/site-packages/airflow/example_dags/example_setup_teardown_taskflow.py
[2025-03-17T17:17:09.497+0000] {logging_mixin.py:190} INFO - [2025-03-17T17:17:09.497+0000] {dag.py:3239} INFO - Sync 1 DAGs
[2025-03-17T17:17:09.506+0000] {logging_mixin.py:190} INFO - [2025-03-17T17:17:09.506+0000] {dag.py:4180} INFO - Setting next_dagrun for example_setup_teardown_taskflow to None, run_after=None
[2025-03-17T17:17:09.518+0000] {processor.py:208} INFO - Processing /home/airflow/.local/lib/python3.12/site-packages/airflow/example_dags/example_setup_teardown_taskflow.py took 0.048 seconds
[2025-03-17T17:17:41.042+0000] {processor.py:186} INFO - Started process (PID=229) to work on /home/airflow/.local/lib/python3.12/site-packages/airflow/example_dags/example_setup_teardown_taskflow.py
[2025-03-17T17:17:41.043+0000] {processor.py:914} INFO - Processing file /home/airflow/.local/lib/python3.12/site-packages/airflow/example_dags/example_setup_teardown_taskflow.py for tasks to queue
[2025-03-17T17:17:41.044+0000] {logging_mixin.py:190} INFO - [2025-03-17T17:17:41.044+0000] {dagbag.py:588} INFO - Filling up the DagBag from /home/airflow/.local/lib/python3.12/site-packages/airflow/example_dags/example_setup_teardown_taskflow.py
[2025-03-17T17:17:41.051+0000] {processor.py:925} INFO - DAG(s) 'example_setup_teardown_taskflow' retrieved from /home/airflow/.local/lib/python3.12/site-packages/airflow/example_dags/example_setup_teardown_taskflow.py
[2025-03-17T17:17:41.065+0000] {logging_mixin.py:190} INFO - [2025-03-17T17:17:41.065+0000] {dag.py:3239} INFO - Sync 1 DAGs
[2025-03-17T17:17:41.074+0000] {logging_mixin.py:190} INFO - [2025-03-17T17:17:41.074+0000] {dag.py:4180} INFO - Setting next_dagrun for example_setup_teardown_taskflow to None, run_after=None
[2025-03-17T17:17:41.086+0000] {processor.py:208} INFO - Processing /home/airflow/.local/lib/python3.12/site-packages/airflow/example_dags/example_setup_teardown_taskflow.py took 0.047 seconds
