[2025-03-17T17:16:33.081+0000] {processor.py:186} INFO - Started process (PID=59) to work on /home/airflow/.local/lib/python3.12/site-packages/airflow/example_dags/example_skip_dag.py
[2025-03-17T17:16:33.081+0000] {processor.py:914} INFO - Processing file /home/airflow/.local/lib/python3.12/site-packages/airflow/example_dags/example_skip_dag.py for tasks to queue
[2025-03-17T17:16:33.084+0000] {logging_mixin.py:190} INFO - [2025-03-17T17:16:33.083+0000] {dagbag.py:588} INFO - Filling up the DagBag from /home/airflow/.local/lib/python3.12/site-packages/airflow/example_dags/example_skip_dag.py
[2025-03-17T17:16:33.096+0000] {processor.py:925} INFO - DAG(s) 'example_skip_dag' retrieved from /home/airflow/.local/lib/python3.12/site-packages/airflow/example_dags/example_skip_dag.py
[2025-03-17T17:16:33.270+0000] {logging_mixin.py:190} INFO - [2025-03-17T17:16:33.270+0000] {override.py:1912} INFO - Created Permission View: can edit on DAG:example_skip_dag
[2025-03-17T17:16:33.277+0000] {logging_mixin.py:190} INFO - [2025-03-17T17:16:33.277+0000] {override.py:1912} INFO - Created Permission View: can read on DAG:example_skip_dag
[2025-03-17T17:16:33.281+0000] {logging_mixin.py:190} INFO - [2025-03-17T17:16:33.281+0000] {override.py:1912} INFO - Created Permission View: can delete on DAG:example_skip_dag
[2025-03-17T17:16:33.286+0000] {logging_mixin.py:190} INFO - [2025-03-17T17:16:33.286+0000] {override.py:1912} INFO - Created Permission View: menu access on DAG Run:example_skip_dag
[2025-03-17T17:16:33.290+0000] {logging_mixin.py:190} INFO - [2025-03-17T17:16:33.289+0000] {override.py:1912} INFO - Created Permission View: can read on DAG Run:example_skip_dag
[2025-03-17T17:16:33.294+0000] {logging_mixin.py:190} INFO - [2025-03-17T17:16:33.293+0000] {override.py:1912} INFO - Created Permission View: can create on DAG Run:example_skip_dag
[2025-03-17T17:16:33.298+0000] {logging_mixin.py:190} INFO - [2025-03-17T17:16:33.297+0000] {override.py:1912} INFO - Created Permission View: can delete on DAG Run:example_skip_dag
[2025-03-17T17:16:33.298+0000] {logging_mixin.py:190} INFO - [2025-03-17T17:16:33.298+0000] {dag.py:3239} INFO - Sync 1 DAGs
[2025-03-17T17:16:33.307+0000] {logging_mixin.py:190} INFO - [2025-03-17T17:16:33.307+0000] {dag.py:3262} INFO - Creating ORM DAG for example_skip_dag
[2025-03-17T17:16:33.314+0000] {logging_mixin.py:190} INFO - [2025-03-17T17:16:33.314+0000] {dag.py:4180} INFO - Setting next_dagrun for example_skip_dag to 2025-03-16 00:00:00+00:00, run_after=2025-03-17 00:00:00+00:00
[2025-03-17T17:16:33.326+0000] {processor.py:208} INFO - Processing /home/airflow/.local/lib/python3.12/site-packages/airflow/example_dags/example_skip_dag.py took 0.250 seconds
[2025-03-17T17:17:04.171+0000] {processor.py:186} INFO - Started process (PID=122) to work on /home/airflow/.local/lib/python3.12/site-packages/airflow/example_dags/example_skip_dag.py
[2025-03-17T17:17:04.172+0000] {processor.py:914} INFO - Processing file /home/airflow/.local/lib/python3.12/site-packages/airflow/example_dags/example_skip_dag.py for tasks to queue
[2025-03-17T17:17:04.174+0000] {logging_mixin.py:190} INFO - [2025-03-17T17:17:04.174+0000] {dagbag.py:588} INFO - Filling up the DagBag from /home/airflow/.local/lib/python3.12/site-packages/airflow/example_dags/example_skip_dag.py
[2025-03-17T17:17:04.180+0000] {processor.py:925} INFO - DAG(s) 'example_skip_dag' retrieved from /home/airflow/.local/lib/python3.12/site-packages/airflow/example_dags/example_skip_dag.py
[2025-03-17T17:17:04.198+0000] {logging_mixin.py:190} INFO - [2025-03-17T17:17:04.197+0000] {dag.py:3239} INFO - Sync 1 DAGs
[2025-03-17T17:17:04.214+0000] {logging_mixin.py:190} INFO - [2025-03-17T17:17:04.214+0000] {dag.py:4180} INFO - Setting next_dagrun for example_skip_dag to 2025-03-16 00:00:00+00:00, run_after=2025-03-17 00:00:00+00:00
[2025-03-17T17:17:04.227+0000] {processor.py:208} INFO - Processing /home/airflow/.local/lib/python3.12/site-packages/airflow/example_dags/example_skip_dag.py took 0.060 seconds
[2025-03-17T17:17:34.495+0000] {processor.py:186} INFO - Started process (PID=185) to work on /home/airflow/.local/lib/python3.12/site-packages/airflow/example_dags/example_skip_dag.py
[2025-03-17T17:17:34.495+0000] {processor.py:914} INFO - Processing file /home/airflow/.local/lib/python3.12/site-packages/airflow/example_dags/example_skip_dag.py for tasks to queue
[2025-03-17T17:17:34.497+0000] {logging_mixin.py:190} INFO - [2025-03-17T17:17:34.497+0000] {dagbag.py:588} INFO - Filling up the DagBag from /home/airflow/.local/lib/python3.12/site-packages/airflow/example_dags/example_skip_dag.py
[2025-03-17T17:17:34.505+0000] {processor.py:925} INFO - DAG(s) 'example_skip_dag' retrieved from /home/airflow/.local/lib/python3.12/site-packages/airflow/example_dags/example_skip_dag.py
[2025-03-17T17:17:34.524+0000] {logging_mixin.py:190} INFO - [2025-03-17T17:17:34.523+0000] {dag.py:3239} INFO - Sync 1 DAGs
[2025-03-17T17:17:34.541+0000] {logging_mixin.py:190} INFO - [2025-03-17T17:17:34.541+0000] {dag.py:4180} INFO - Setting next_dagrun for example_skip_dag to 2025-03-16 00:00:00+00:00, run_after=2025-03-17 00:00:00+00:00
[2025-03-17T17:17:34.553+0000] {processor.py:208} INFO - Processing /home/airflow/.local/lib/python3.12/site-packages/airflow/example_dags/example_skip_dag.py took 0.063 seconds
