[2025-03-17T17:16:34.982+0000] {processor.py:186} INFO - Started process (PID=68) to work on /home/airflow/.local/lib/python3.12/site-packages/airflow/example_dags/example_subdag_operator.py
[2025-03-17T17:16:34.983+0000] {processor.py:914} INFO - Processing file /home/airflow/.local/lib/python3.12/site-packages/airflow/example_dags/example_subdag_operator.py for tasks to queue
[2025-03-17T17:16:34.984+0000] {logging_mixin.py:190} INFO - [2025-03-17T17:16:34.984+0000] {dagbag.py:588} INFO - Filling up the DagBag from /home/airflow/.local/lib/python3.12/site-packages/airflow/example_dags/example_subdag_operator.py
[2025-03-17T17:16:35.005+0000] {processor.py:925} INFO - DAG(s) 'example_subdag_operator.section-1', 'example_subdag_operator.section-2', 'example_subdag_operator' retrieved from /home/airflow/.local/lib/python3.12/site-packages/airflow/example_dags/example_subdag_operator.py
[2025-03-17T17:16:35.075+0000] {logging_mixin.py:190} INFO - [2025-03-17T17:16:35.075+0000] {override.py:1912} INFO - Created Permission View: can edit on DAG:example_subdag_operator
[2025-03-17T17:16:35.082+0000] {logging_mixin.py:190} INFO - [2025-03-17T17:16:35.082+0000] {override.py:1912} INFO - Created Permission View: can read on DAG:example_subdag_operator
[2025-03-17T17:16:35.087+0000] {logging_mixin.py:190} INFO - [2025-03-17T17:16:35.087+0000] {override.py:1912} INFO - Created Permission View: can delete on DAG:example_subdag_operator
[2025-03-17T17:16:35.094+0000] {logging_mixin.py:190} INFO - [2025-03-17T17:16:35.094+0000] {override.py:1912} INFO - Created Permission View: menu access on DAG Run:example_subdag_operator
[2025-03-17T17:16:35.100+0000] {logging_mixin.py:190} INFO - [2025-03-17T17:16:35.100+0000] {override.py:1912} INFO - Created Permission View: can read on DAG Run:example_subdag_operator
[2025-03-17T17:16:35.104+0000] {logging_mixin.py:190} INFO - [2025-03-17T17:16:35.104+0000] {override.py:1912} INFO - Created Permission View: can create on DAG Run:example_subdag_operator
[2025-03-17T17:16:35.109+0000] {logging_mixin.py:190} INFO - [2025-03-17T17:16:35.109+0000] {override.py:1912} INFO - Created Permission View: can delete on DAG Run:example_subdag_operator
[2025-03-17T17:16:35.109+0000] {logging_mixin.py:190} INFO - [2025-03-17T17:16:35.109+0000] {dag.py:3239} INFO - Sync 3 DAGs
[2025-03-17T17:16:35.119+0000] {logging_mixin.py:190} INFO - [2025-03-17T17:16:35.119+0000] {dag.py:3262} INFO - Creating ORM DAG for example_subdag_operator.section-2
[2025-03-17T17:16:35.119+0000] {logging_mixin.py:190} INFO - [2025-03-17T17:16:35.119+0000] {dag.py:3262} INFO - Creating ORM DAG for example_subdag_operator.section-1
[2025-03-17T17:16:35.120+0000] {logging_mixin.py:190} INFO - [2025-03-17T17:16:35.120+0000] {dag.py:3262} INFO - Creating ORM DAG for example_subdag_operator
[2025-03-17T17:16:35.126+0000] {logging_mixin.py:190} INFO - [2025-03-17T17:16:35.126+0000] {dag.py:4180} INFO - Setting next_dagrun for example_subdag_operator to 2022-01-01 00:00:00+00:00, run_after=2022-01-01 00:00:00+00:00
[2025-03-17T17:16:35.126+0000] {logging_mixin.py:190} INFO - [2025-03-17T17:16:35.126+0000] {dag.py:4180} INFO - Setting next_dagrun for example_subdag_operator.section-1 to None, run_after=None
[2025-03-17T17:16:35.127+0000] {logging_mixin.py:190} INFO - [2025-03-17T17:16:35.127+0000] {dag.py:4180} INFO - Setting next_dagrun for example_subdag_operator.section-2 to None, run_after=None
[2025-03-17T17:16:35.132+0000] {logging_mixin.py:190} INFO - [2025-03-17T17:16:35.132+0000] {dag.py:3239} INFO - Sync 2 DAGs
[2025-03-17T17:16:35.136+0000] {logging_mixin.py:190} INFO - [2025-03-17T17:16:35.136+0000] {dag.py:4180} INFO - Setting next_dagrun for example_subdag_operator.section-1 to None, run_after=None
[2025-03-17T17:16:35.138+0000] {logging_mixin.py:190} INFO - [2025-03-17T17:16:35.138+0000] {dag.py:4180} INFO - Setting next_dagrun for example_subdag_operator.section-2 to None, run_after=None
[2025-03-17T17:16:35.146+0000] {processor.py:208} INFO - Processing /home/airflow/.local/lib/python3.12/site-packages/airflow/example_dags/example_subdag_operator.py took 0.168 seconds
[2025-03-17T17:17:05.671+0000] {processor.py:186} INFO - Started process (PID=131) to work on /home/airflow/.local/lib/python3.12/site-packages/airflow/example_dags/example_subdag_operator.py
[2025-03-17T17:17:05.672+0000] {processor.py:914} INFO - Processing file /home/airflow/.local/lib/python3.12/site-packages/airflow/example_dags/example_subdag_operator.py for tasks to queue
[2025-03-17T17:17:05.673+0000] {logging_mixin.py:190} INFO - [2025-03-17T17:17:05.673+0000] {dagbag.py:588} INFO - Filling up the DagBag from /home/airflow/.local/lib/python3.12/site-packages/airflow/example_dags/example_subdag_operator.py
[2025-03-17T17:17:05.690+0000] {processor.py:925} INFO - DAG(s) 'example_subdag_operator.section-1', 'example_subdag_operator.section-2', 'example_subdag_operator' retrieved from /home/airflow/.local/lib/python3.12/site-packages/airflow/example_dags/example_subdag_operator.py
[2025-03-17T17:17:05.699+0000] {logging_mixin.py:190} INFO - [2025-03-17T17:17:05.699+0000] {dag.py:3239} INFO - Sync 3 DAGs
[2025-03-17T17:17:05.716+0000] {logging_mixin.py:190} INFO - [2025-03-17T17:17:05.716+0000] {dag.py:4180} INFO - Setting next_dagrun for example_subdag_operator to 2022-01-01 00:00:00+00:00, run_after=2022-01-01 00:00:00+00:00
[2025-03-17T17:17:05.718+0000] {logging_mixin.py:190} INFO - [2025-03-17T17:17:05.718+0000] {dag.py:4180} INFO - Setting next_dagrun for example_subdag_operator.section-1 to None, run_after=None
[2025-03-17T17:17:05.719+0000] {logging_mixin.py:190} INFO - [2025-03-17T17:17:05.719+0000] {dag.py:4180} INFO - Setting next_dagrun for example_subdag_operator.section-2 to None, run_after=None
[2025-03-17T17:17:05.723+0000] {logging_mixin.py:190} INFO - [2025-03-17T17:17:05.723+0000] {dag.py:3239} INFO - Sync 2 DAGs
[2025-03-17T17:17:05.727+0000] {logging_mixin.py:190} INFO - [2025-03-17T17:17:05.727+0000] {dag.py:4180} INFO - Setting next_dagrun for example_subdag_operator.section-1 to None, run_after=None
[2025-03-17T17:17:05.727+0000] {logging_mixin.py:190} INFO - [2025-03-17T17:17:05.727+0000] {dag.py:4180} INFO - Setting next_dagrun for example_subdag_operator.section-2 to None, run_after=None
[2025-03-17T17:17:05.734+0000] {processor.py:208} INFO - Processing /home/airflow/.local/lib/python3.12/site-packages/airflow/example_dags/example_subdag_operator.py took 0.067 seconds
[2025-03-17T17:17:36.038+0000] {processor.py:186} INFO - Started process (PID=194) to work on /home/airflow/.local/lib/python3.12/site-packages/airflow/example_dags/example_subdag_operator.py
[2025-03-17T17:17:36.039+0000] {processor.py:914} INFO - Processing file /home/airflow/.local/lib/python3.12/site-packages/airflow/example_dags/example_subdag_operator.py for tasks to queue
[2025-03-17T17:17:36.041+0000] {logging_mixin.py:190} INFO - [2025-03-17T17:17:36.041+0000] {dagbag.py:588} INFO - Filling up the DagBag from /home/airflow/.local/lib/python3.12/site-packages/airflow/example_dags/example_subdag_operator.py
[2025-03-17T17:17:36.065+0000] {processor.py:925} INFO - DAG(s) 'example_subdag_operator.section-1', 'example_subdag_operator.section-2', 'example_subdag_operator' retrieved from /home/airflow/.local/lib/python3.12/site-packages/airflow/example_dags/example_subdag_operator.py
[2025-03-17T17:17:36.077+0000] {logging_mixin.py:190} INFO - [2025-03-17T17:17:36.077+0000] {dag.py:3239} INFO - Sync 3 DAGs
[2025-03-17T17:17:36.095+0000] {logging_mixin.py:190} INFO - [2025-03-17T17:17:36.095+0000] {dag.py:4180} INFO - Setting next_dagrun for example_subdag_operator to 2022-01-01 00:00:00+00:00, run_after=2022-01-01 00:00:00+00:00
[2025-03-17T17:17:36.098+0000] {logging_mixin.py:190} INFO - [2025-03-17T17:17:36.098+0000] {dag.py:4180} INFO - Setting next_dagrun for example_subdag_operator.section-1 to None, run_after=None
[2025-03-17T17:17:36.099+0000] {logging_mixin.py:190} INFO - [2025-03-17T17:17:36.099+0000] {dag.py:4180} INFO - Setting next_dagrun for example_subdag_operator.section-2 to None, run_after=None
[2025-03-17T17:17:36.104+0000] {logging_mixin.py:190} INFO - [2025-03-17T17:17:36.104+0000] {dag.py:3239} INFO - Sync 2 DAGs
[2025-03-17T17:17:36.108+0000] {logging_mixin.py:190} INFO - [2025-03-17T17:17:36.108+0000] {dag.py:4180} INFO - Setting next_dagrun for example_subdag_operator.section-1 to None, run_after=None
[2025-03-17T17:17:36.108+0000] {logging_mixin.py:190} INFO - [2025-03-17T17:17:36.108+0000] {dag.py:4180} INFO - Setting next_dagrun for example_subdag_operator.section-2 to None, run_after=None
[2025-03-17T17:17:36.116+0000] {processor.py:208} INFO - Processing /home/airflow/.local/lib/python3.12/site-packages/airflow/example_dags/example_subdag_operator.py took 0.084 seconds
