[2025-03-17T17:16:35.946+0000] {processor.py:186} INFO - Started process (PID=78) to work on /home/airflow/.local/lib/python3.12/site-packages/airflow/example_dags/example_branch_labels.py
[2025-03-17T17:16:35.947+0000] {processor.py:914} INFO - Processing file /home/airflow/.local/lib/python3.12/site-packages/airflow/example_dags/example_branch_labels.py for tasks to queue
[2025-03-17T17:16:35.948+0000] {logging_mixin.py:190} INFO - [2025-03-17T17:16:35.948+0000] {dagbag.py:588} INFO - Filling up the DagBag from /home/airflow/.local/lib/python3.12/site-packages/airflow/example_dags/example_branch_labels.py
[2025-03-17T17:16:35.956+0000] {processor.py:925} INFO - DAG(s) 'example_branch_labels' retrieved from /home/airflow/.local/lib/python3.12/site-packages/airflow/example_dags/example_branch_labels.py
[2025-03-17T17:16:36.048+0000] {logging_mixin.py:190} INFO - [2025-03-17T17:16:36.047+0000] {override.py:1912} INFO - Created Permission View: can edit on DAG:example_branch_labels
[2025-03-17T17:16:36.055+0000] {logging_mixin.py:190} INFO - [2025-03-17T17:16:36.055+0000] {override.py:1912} INFO - Created Permission View: can read on DAG:example_branch_labels
[2025-03-17T17:16:36.059+0000] {logging_mixin.py:190} INFO - [2025-03-17T17:16:36.059+0000] {override.py:1912} INFO - Created Permission View: can delete on DAG:example_branch_labels
[2025-03-17T17:16:36.064+0000] {logging_mixin.py:190} INFO - [2025-03-17T17:16:36.064+0000] {override.py:1912} INFO - Created Permission View: menu access on DAG Run:example_branch_labels
[2025-03-17T17:16:36.069+0000] {logging_mixin.py:190} INFO - [2025-03-17T17:16:36.068+0000] {override.py:1912} INFO - Created Permission View: can read on DAG Run:example_branch_labels
[2025-03-17T17:16:36.073+0000] {logging_mixin.py:190} INFO - [2025-03-17T17:16:36.073+0000] {override.py:1912} INFO - Created Permission View: can create on DAG Run:example_branch_labels
[2025-03-17T17:16:36.077+0000] {logging_mixin.py:190} INFO - [2025-03-17T17:16:36.077+0000] {override.py:1912} INFO - Created Permission View: can delete on DAG Run:example_branch_labels
[2025-03-17T17:16:36.078+0000] {logging_mixin.py:190} INFO - [2025-03-17T17:16:36.078+0000] {dag.py:3239} INFO - Sync 1 DAGs
[2025-03-17T17:16:36.088+0000] {logging_mixin.py:190} INFO - [2025-03-17T17:16:36.087+0000] {dag.py:3262} INFO - Creating ORM DAG for example_branch_labels
[2025-03-17T17:16:36.095+0000] {logging_mixin.py:190} INFO - [2025-03-17T17:16:36.095+0000] {dag.py:4180} INFO - Setting next_dagrun for example_branch_labels to 2025-03-16 00:00:00+00:00, run_after=2025-03-17 00:00:00+00:00
[2025-03-17T17:16:36.106+0000] {processor.py:208} INFO - Processing /home/airflow/.local/lib/python3.12/site-packages/airflow/example_dags/example_branch_labels.py took 0.164 seconds
[2025-03-17T17:17:07.009+0000] {processor.py:186} INFO - Started process (PID=141) to work on /home/airflow/.local/lib/python3.12/site-packages/airflow/example_dags/example_branch_labels.py
[2025-03-17T17:17:07.009+0000] {processor.py:914} INFO - Processing file /home/airflow/.local/lib/python3.12/site-packages/airflow/example_dags/example_branch_labels.py for tasks to queue
[2025-03-17T17:17:07.011+0000] {logging_mixin.py:190} INFO - [2025-03-17T17:17:07.011+0000] {dagbag.py:588} INFO - Filling up the DagBag from /home/airflow/.local/lib/python3.12/site-packages/airflow/example_dags/example_branch_labels.py
[2025-03-17T17:17:07.017+0000] {processor.py:925} INFO - DAG(s) 'example_branch_labels' retrieved from /home/airflow/.local/lib/python3.12/site-packages/airflow/example_dags/example_branch_labels.py
[2025-03-17T17:17:07.032+0000] {logging_mixin.py:190} INFO - [2025-03-17T17:17:07.032+0000] {dag.py:3239} INFO - Sync 1 DAGs
[2025-03-17T17:17:07.047+0000] {logging_mixin.py:190} INFO - [2025-03-17T17:17:07.047+0000] {dag.py:4180} INFO - Setting next_dagrun for example_branch_labels to 2025-03-16 00:00:00+00:00, run_after=2025-03-17 00:00:00+00:00
[2025-03-17T17:17:07.059+0000] {processor.py:208} INFO - Processing /home/airflow/.local/lib/python3.12/site-packages/airflow/example_dags/example_branch_labels.py took 0.053 seconds
[2025-03-17T17:17:37.503+0000] {processor.py:186} INFO - Started process (PID=203) to work on /home/airflow/.local/lib/python3.12/site-packages/airflow/example_dags/example_branch_labels.py
[2025-03-17T17:17:37.504+0000] {processor.py:914} INFO - Processing file /home/airflow/.local/lib/python3.12/site-packages/airflow/example_dags/example_branch_labels.py for tasks to queue
[2025-03-17T17:17:37.506+0000] {logging_mixin.py:190} INFO - [2025-03-17T17:17:37.505+0000] {dagbag.py:588} INFO - Filling up the DagBag from /home/airflow/.local/lib/python3.12/site-packages/airflow/example_dags/example_branch_labels.py
[2025-03-17T17:17:37.512+0000] {processor.py:925} INFO - DAG(s) 'example_branch_labels' retrieved from /home/airflow/.local/lib/python3.12/site-packages/airflow/example_dags/example_branch_labels.py
[2025-03-17T17:17:37.524+0000] {logging_mixin.py:190} INFO - [2025-03-17T17:17:37.524+0000] {dag.py:3239} INFO - Sync 1 DAGs
[2025-03-17T17:17:37.539+0000] {logging_mixin.py:190} INFO - [2025-03-17T17:17:37.539+0000] {dag.py:4180} INFO - Setting next_dagrun for example_branch_labels to 2025-03-16 00:00:00+00:00, run_after=2025-03-17 00:00:00+00:00
[2025-03-17T17:17:37.549+0000] {processor.py:208} INFO - Processing /home/airflow/.local/lib/python3.12/site-packages/airflow/example_dags/example_branch_labels.py took 0.049 seconds
