[2025-03-17T17:16:39.601+0000] {processor.py:186} INFO - Started process (PID=112) to work on /home/airflow/.local/lib/python3.12/site-packages/airflow/example_dags/example_bash_decorator.py
[2025-03-17T17:16:39.602+0000] {processor.py:914} INFO - Processing file /home/airflow/.local/lib/python3.12/site-packages/airflow/example_dags/example_bash_decorator.py for tasks to queue
[2025-03-17T17:16:39.603+0000] {logging_mixin.py:190} INFO - [2025-03-17T17:16:39.603+0000] {dagbag.py:588} INFO - Filling up the DagBag from /home/airflow/.local/lib/python3.12/site-packages/airflow/example_dags/example_bash_decorator.py
[2025-03-17T17:16:39.614+0000] {processor.py:925} INFO - DAG(s) 'example_bash_decorator' retrieved from /home/airflow/.local/lib/python3.12/site-packages/airflow/example_dags/example_bash_decorator.py
[2025-03-17T17:16:39.683+0000] {logging_mixin.py:190} INFO - [2025-03-17T17:16:39.683+0000] {override.py:1912} INFO - Created Permission View: can edit on DAG:example_bash_decorator
[2025-03-17T17:16:39.690+0000] {logging_mixin.py:190} INFO - [2025-03-17T17:16:39.690+0000] {override.py:1912} INFO - Created Permission View: can read on DAG:example_bash_decorator
[2025-03-17T17:16:39.695+0000] {logging_mixin.py:190} INFO - [2025-03-17T17:16:39.695+0000] {override.py:1912} INFO - Created Permission View: can delete on DAG:example_bash_decorator
[2025-03-17T17:16:39.699+0000] {logging_mixin.py:190} INFO - [2025-03-17T17:16:39.699+0000] {override.py:1912} INFO - Created Permission View: menu access on DAG Run:example_bash_decorator
[2025-03-17T17:16:39.704+0000] {logging_mixin.py:190} INFO - [2025-03-17T17:16:39.704+0000] {override.py:1912} INFO - Created Permission View: can read on DAG Run:example_bash_decorator
[2025-03-17T17:16:39.708+0000] {logging_mixin.py:190} INFO - [2025-03-17T17:16:39.707+0000] {override.py:1912} INFO - Created Permission View: can create on DAG Run:example_bash_decorator
[2025-03-17T17:16:39.711+0000] {logging_mixin.py:190} INFO - [2025-03-17T17:16:39.711+0000] {override.py:1912} INFO - Created Permission View: can delete on DAG Run:example_bash_decorator
[2025-03-17T17:16:39.712+0000] {logging_mixin.py:190} INFO - [2025-03-17T17:16:39.712+0000] {dag.py:3239} INFO - Sync 1 DAGs
[2025-03-17T17:16:39.720+0000] {logging_mixin.py:190} INFO - [2025-03-17T17:16:39.720+0000] {dag.py:3262} INFO - Creating ORM DAG for example_bash_decorator
[2025-03-17T17:16:39.720+0000] {logging_mixin.py:190} INFO - [2025-03-17T17:16:39.720+0000] {dag.py:4180} INFO - Setting next_dagrun for example_bash_decorator to None, run_after=None
[2025-03-17T17:16:39.729+0000] {processor.py:208} INFO - Processing /home/airflow/.local/lib/python3.12/site-packages/airflow/example_dags/example_bash_decorator.py took 0.131 seconds
[2025-03-17T17:17:10.074+0000] {processor.py:186} INFO - Started process (PID=175) to work on /home/airflow/.local/lib/python3.12/site-packages/airflow/example_dags/example_bash_decorator.py
[2025-03-17T17:17:10.075+0000] {processor.py:914} INFO - Processing file /home/airflow/.local/lib/python3.12/site-packages/airflow/example_dags/example_bash_decorator.py for tasks to queue
[2025-03-17T17:17:10.076+0000] {logging_mixin.py:190} INFO - [2025-03-17T17:17:10.076+0000] {dagbag.py:588} INFO - Filling up the DagBag from /home/airflow/.local/lib/python3.12/site-packages/airflow/example_dags/example_bash_decorator.py
[2025-03-17T17:17:10.086+0000] {processor.py:925} INFO - DAG(s) 'example_bash_decorator' retrieved from /home/airflow/.local/lib/python3.12/site-packages/airflow/example_dags/example_bash_decorator.py
[2025-03-17T17:17:10.102+0000] {logging_mixin.py:190} INFO - [2025-03-17T17:17:10.102+0000] {dag.py:3239} INFO - Sync 1 DAGs
[2025-03-17T17:17:10.112+0000] {logging_mixin.py:190} INFO - [2025-03-17T17:17:10.111+0000] {dag.py:4180} INFO - Setting next_dagrun for example_bash_decorator to None, run_after=None
[2025-03-17T17:17:10.123+0000] {processor.py:208} INFO - Processing /home/airflow/.local/lib/python3.12/site-packages/airflow/example_dags/example_bash_decorator.py took 0.053 seconds
[2025-03-17T17:17:41.561+0000] {processor.py:186} INFO - Started process (PID=238) to work on /home/airflow/.local/lib/python3.12/site-packages/airflow/example_dags/example_bash_decorator.py
[2025-03-17T17:17:41.562+0000] {processor.py:914} INFO - Processing file /home/airflow/.local/lib/python3.12/site-packages/airflow/example_dags/example_bash_decorator.py for tasks to queue
[2025-03-17T17:17:41.563+0000] {logging_mixin.py:190} INFO - [2025-03-17T17:17:41.563+0000] {dagbag.py:588} INFO - Filling up the DagBag from /home/airflow/.local/lib/python3.12/site-packages/airflow/example_dags/example_bash_decorator.py
[2025-03-17T17:17:41.573+0000] {processor.py:925} INFO - DAG(s) 'example_bash_decorator' retrieved from /home/airflow/.local/lib/python3.12/site-packages/airflow/example_dags/example_bash_decorator.py
[2025-03-17T17:17:41.587+0000] {logging_mixin.py:190} INFO - [2025-03-17T17:17:41.587+0000] {dag.py:3239} INFO - Sync 1 DAGs
[2025-03-17T17:17:41.596+0000] {logging_mixin.py:190} INFO - [2025-03-17T17:17:41.596+0000] {dag.py:4180} INFO - Setting next_dagrun for example_bash_decorator to None, run_after=None
[2025-03-17T17:17:41.607+0000] {processor.py:208} INFO - Processing /home/airflow/.local/lib/python3.12/site-packages/airflow/example_dags/example_bash_decorator.py took 0.050 seconds
