[2025-03-17T17:16:37.788+0000] {processor.py:186} INFO - Started process (PID=99) to work on /home/airflow/.local/lib/python3.12/site-packages/airflow/example_dags/example_dataset_alias_with_no_taskflow.py
[2025-03-17T17:16:37.789+0000] {processor.py:914} INFO - Processing file /home/airflow/.local/lib/python3.12/site-packages/airflow/example_dags/example_dataset_alias_with_no_taskflow.py for tasks to queue
[2025-03-17T17:16:37.790+0000] {logging_mixin.py:190} INFO - [2025-03-17T17:16:37.790+0000] {dagbag.py:588} INFO - Filling up the DagBag from /home/airflow/.local/lib/python3.12/site-packages/airflow/example_dags/example_dataset_alias_with_no_taskflow.py
[2025-03-17T17:16:38.206+0000] {processor.py:925} INFO - DAG(s) 'dataset_s3_bucket_producer_with_no_taskflow', 'dataset_alias_example_alias_consumer_with_no_taskflow', 'dataset_alias_example_alias_producer_with_no_taskflow', 'dataset_s3_bucket_consumer_with_no_taskflow' retrieved from /home/airflow/.local/lib/python3.12/site-packages/airflow/example_dags/example_dataset_alias_with_no_taskflow.py
[2025-03-17T17:16:38.267+0000] {logging_mixin.py:190} INFO - [2025-03-17T17:16:38.267+0000] {override.py:1912} INFO - Created Permission View: can edit on DAG:dataset_s3_bucket_producer_with_no_taskflow
[2025-03-17T17:16:38.275+0000] {logging_mixin.py:190} INFO - [2025-03-17T17:16:38.274+0000] {override.py:1912} INFO - Created Permission View: can read on DAG:dataset_s3_bucket_producer_with_no_taskflow
[2025-03-17T17:16:38.279+0000] {logging_mixin.py:190} INFO - [2025-03-17T17:16:38.278+0000] {override.py:1912} INFO - Created Permission View: can delete on DAG:dataset_s3_bucket_producer_with_no_taskflow
[2025-03-17T17:16:38.284+0000] {logging_mixin.py:190} INFO - [2025-03-17T17:16:38.283+0000] {override.py:1912} INFO - Created Permission View: menu access on DAG Run:dataset_s3_bucket_producer_with_no_taskflow
[2025-03-17T17:16:38.288+0000] {logging_mixin.py:190} INFO - [2025-03-17T17:16:38.288+0000] {override.py:1912} INFO - Created Permission View: can read on DAG Run:dataset_s3_bucket_producer_with_no_taskflow
[2025-03-17T17:16:38.292+0000] {logging_mixin.py:190} INFO - [2025-03-17T17:16:38.292+0000] {override.py:1912} INFO - Created Permission View: can create on DAG Run:dataset_s3_bucket_producer_with_no_taskflow
[2025-03-17T17:16:38.296+0000] {logging_mixin.py:190} INFO - [2025-03-17T17:16:38.296+0000] {override.py:1912} INFO - Created Permission View: can delete on DAG Run:dataset_s3_bucket_producer_with_no_taskflow
[2025-03-17T17:16:38.305+0000] {logging_mixin.py:190} INFO - [2025-03-17T17:16:38.305+0000] {override.py:1912} INFO - Created Permission View: can edit on DAG:dataset_alias_example_alias_consumer_with_no_taskflow
[2025-03-17T17:16:38.309+0000] {logging_mixin.py:190} INFO - [2025-03-17T17:16:38.309+0000] {override.py:1912} INFO - Created Permission View: can read on DAG:dataset_alias_example_alias_consumer_with_no_taskflow
[2025-03-17T17:16:38.313+0000] {logging_mixin.py:190} INFO - [2025-03-17T17:16:38.313+0000] {override.py:1912} INFO - Created Permission View: can delete on DAG:dataset_alias_example_alias_consumer_with_no_taskflow
[2025-03-17T17:16:38.318+0000] {logging_mixin.py:190} INFO - [2025-03-17T17:16:38.318+0000] {override.py:1912} INFO - Created Permission View: menu access on DAG Run:dataset_alias_example_alias_consumer_with_no_taskflow
[2025-03-17T17:16:38.322+0000] {logging_mixin.py:190} INFO - [2025-03-17T17:16:38.322+0000] {override.py:1912} INFO - Created Permission View: can read on DAG Run:dataset_alias_example_alias_consumer_with_no_taskflow
[2025-03-17T17:16:38.327+0000] {logging_mixin.py:190} INFO - [2025-03-17T17:16:38.327+0000] {override.py:1912} INFO - Created Permission View: can create on DAG Run:dataset_alias_example_alias_consumer_with_no_taskflow
[2025-03-17T17:16:38.331+0000] {logging_mixin.py:190} INFO - [2025-03-17T17:16:38.331+0000] {override.py:1912} INFO - Created Permission View: can delete on DAG Run:dataset_alias_example_alias_consumer_with_no_taskflow
[2025-03-17T17:16:38.340+0000] {logging_mixin.py:190} INFO - [2025-03-17T17:16:38.340+0000] {override.py:1912} INFO - Created Permission View: can edit on DAG:dataset_alias_example_alias_producer_with_no_taskflow
[2025-03-17T17:16:38.345+0000] {logging_mixin.py:190} INFO - [2025-03-17T17:16:38.345+0000] {override.py:1912} INFO - Created Permission View: can read on DAG:dataset_alias_example_alias_producer_with_no_taskflow
[2025-03-17T17:16:38.350+0000] {logging_mixin.py:190} INFO - [2025-03-17T17:16:38.349+0000] {override.py:1912} INFO - Created Permission View: can delete on DAG:dataset_alias_example_alias_producer_with_no_taskflow
[2025-03-17T17:16:38.354+0000] {logging_mixin.py:190} INFO - [2025-03-17T17:16:38.354+0000] {override.py:1912} INFO - Created Permission View: menu access on DAG Run:dataset_alias_example_alias_producer_with_no_taskflow
[2025-03-17T17:16:38.359+0000] {logging_mixin.py:190} INFO - [2025-03-17T17:16:38.359+0000] {override.py:1912} INFO - Created Permission View: can read on DAG Run:dataset_alias_example_alias_producer_with_no_taskflow
[2025-03-17T17:16:38.364+0000] {logging_mixin.py:190} INFO - [2025-03-17T17:16:38.364+0000] {override.py:1912} INFO - Created Permission View: can create on DAG Run:dataset_alias_example_alias_producer_with_no_taskflow
[2025-03-17T17:16:38.369+0000] {logging_mixin.py:190} INFO - [2025-03-17T17:16:38.368+0000] {override.py:1912} INFO - Created Permission View: can delete on DAG Run:dataset_alias_example_alias_producer_with_no_taskflow
[2025-03-17T17:16:38.377+0000] {logging_mixin.py:190} INFO - [2025-03-17T17:16:38.377+0000] {override.py:1912} INFO - Created Permission View: can edit on DAG:dataset_s3_bucket_consumer_with_no_taskflow
[2025-03-17T17:16:38.382+0000] {logging_mixin.py:190} INFO - [2025-03-17T17:16:38.382+0000] {override.py:1912} INFO - Created Permission View: can read on DAG:dataset_s3_bucket_consumer_with_no_taskflow
[2025-03-17T17:16:38.387+0000] {logging_mixin.py:190} INFO - [2025-03-17T17:16:38.387+0000] {override.py:1912} INFO - Created Permission View: can delete on DAG:dataset_s3_bucket_consumer_with_no_taskflow
[2025-03-17T17:16:38.392+0000] {logging_mixin.py:190} INFO - [2025-03-17T17:16:38.392+0000] {override.py:1912} INFO - Created Permission View: menu access on DAG Run:dataset_s3_bucket_consumer_with_no_taskflow
[2025-03-17T17:16:38.399+0000] {logging_mixin.py:190} INFO - [2025-03-17T17:16:38.399+0000] {override.py:1912} INFO - Created Permission View: can read on DAG Run:dataset_s3_bucket_consumer_with_no_taskflow
[2025-03-17T17:16:38.404+0000] {logging_mixin.py:190} INFO - [2025-03-17T17:16:38.404+0000] {override.py:1912} INFO - Created Permission View: can create on DAG Run:dataset_s3_bucket_consumer_with_no_taskflow
[2025-03-17T17:16:38.409+0000] {logging_mixin.py:190} INFO - [2025-03-17T17:16:38.409+0000] {override.py:1912} INFO - Created Permission View: can delete on DAG Run:dataset_s3_bucket_consumer_with_no_taskflow
[2025-03-17T17:16:38.410+0000] {logging_mixin.py:190} INFO - [2025-03-17T17:16:38.410+0000] {dag.py:3239} INFO - Sync 4 DAGs
[2025-03-17T17:16:38.420+0000] {logging_mixin.py:190} INFO - [2025-03-17T17:16:38.419+0000] {dag.py:3262} INFO - Creating ORM DAG for dataset_alias_example_alias_consumer_with_no_taskflow
[2025-03-17T17:16:38.420+0000] {logging_mixin.py:190} INFO - [2025-03-17T17:16:38.420+0000] {dag.py:3262} INFO - Creating ORM DAG for dataset_s3_bucket_consumer_with_no_taskflow
[2025-03-17T17:16:38.421+0000] {logging_mixin.py:190} INFO - [2025-03-17T17:16:38.421+0000] {dag.py:3262} INFO - Creating ORM DAG for dataset_s3_bucket_producer_with_no_taskflow
[2025-03-17T17:16:38.422+0000] {logging_mixin.py:190} INFO - [2025-03-17T17:16:38.421+0000] {dag.py:3262} INFO - Creating ORM DAG for dataset_alias_example_alias_producer_with_no_taskflow
[2025-03-17T17:16:38.428+0000] {logging_mixin.py:190} INFO - [2025-03-17T17:16:38.428+0000] {dag.py:4180} INFO - Setting next_dagrun for dataset_alias_example_alias_consumer_with_no_taskflow to None, run_after=None
[2025-03-17T17:16:38.429+0000] {logging_mixin.py:190} INFO - [2025-03-17T17:16:38.429+0000] {dag.py:4180} INFO - Setting next_dagrun for dataset_alias_example_alias_producer_with_no_taskflow to None, run_after=None
[2025-03-17T17:16:38.429+0000] {logging_mixin.py:190} INFO - [2025-03-17T17:16:38.429+0000] {dag.py:4180} INFO - Setting next_dagrun for dataset_s3_bucket_consumer_with_no_taskflow to None, run_after=None
[2025-03-17T17:16:38.430+0000] {logging_mixin.py:190} INFO - [2025-03-17T17:16:38.430+0000] {dag.py:4180} INFO - Setting next_dagrun for dataset_s3_bucket_producer_with_no_taskflow to None, run_after=None
[2025-03-17T17:16:38.452+0000] {processor.py:208} INFO - Processing /home/airflow/.local/lib/python3.12/site-packages/airflow/example_dags/example_dataset_alias_with_no_taskflow.py took 0.667 seconds
[2025-03-17T17:17:08.829+0000] {processor.py:186} INFO - Started process (PID=162) to work on /home/airflow/.local/lib/python3.12/site-packages/airflow/example_dags/example_dataset_alias_with_no_taskflow.py
[2025-03-17T17:17:08.830+0000] {processor.py:914} INFO - Processing file /home/airflow/.local/lib/python3.12/site-packages/airflow/example_dags/example_dataset_alias_with_no_taskflow.py for tasks to queue
[2025-03-17T17:17:08.831+0000] {logging_mixin.py:190} INFO - [2025-03-17T17:17:08.831+0000] {dagbag.py:588} INFO - Filling up the DagBag from /home/airflow/.local/lib/python3.12/site-packages/airflow/example_dags/example_dataset_alias_with_no_taskflow.py
[2025-03-17T17:17:09.335+0000] {processor.py:925} INFO - DAG(s) 'dataset_alias_example_alias_producer_with_no_taskflow', 'dataset_s3_bucket_consumer_with_no_taskflow', 'dataset_alias_example_alias_consumer_with_no_taskflow', 'dataset_s3_bucket_producer_with_no_taskflow' retrieved from /home/airflow/.local/lib/python3.12/site-packages/airflow/example_dags/example_dataset_alias_with_no_taskflow.py
[2025-03-17T17:17:09.350+0000] {logging_mixin.py:190} INFO - [2025-03-17T17:17:09.350+0000] {dag.py:3239} INFO - Sync 4 DAGs
[2025-03-17T17:17:09.368+0000] {logging_mixin.py:190} INFO - [2025-03-17T17:17:09.368+0000] {dag.py:4180} INFO - Setting next_dagrun for dataset_alias_example_alias_consumer_with_no_taskflow to None, run_after=None
[2025-03-17T17:17:09.370+0000] {logging_mixin.py:190} INFO - [2025-03-17T17:17:09.370+0000] {dag.py:4180} INFO - Setting next_dagrun for dataset_alias_example_alias_producer_with_no_taskflow to None, run_after=None
[2025-03-17T17:17:09.371+0000] {logging_mixin.py:190} INFO - [2025-03-17T17:17:09.371+0000] {dag.py:4180} INFO - Setting next_dagrun for dataset_s3_bucket_consumer_with_no_taskflow to None, run_after=None
[2025-03-17T17:17:09.372+0000] {logging_mixin.py:190} INFO - [2025-03-17T17:17:09.372+0000] {dag.py:4180} INFO - Setting next_dagrun for dataset_s3_bucket_producer_with_no_taskflow to None, run_after=None
[2025-03-17T17:17:09.386+0000] {processor.py:208} INFO - Processing /home/airflow/.local/lib/python3.12/site-packages/airflow/example_dags/example_dataset_alias_with_no_taskflow.py took 0.560 seconds
[2025-03-17T17:17:40.370+0000] {processor.py:186} INFO - Started process (PID=225) to work on /home/airflow/.local/lib/python3.12/site-packages/airflow/example_dags/example_dataset_alias_with_no_taskflow.py
[2025-03-17T17:17:40.370+0000] {processor.py:914} INFO - Processing file /home/airflow/.local/lib/python3.12/site-packages/airflow/example_dags/example_dataset_alias_with_no_taskflow.py for tasks to queue
[2025-03-17T17:17:40.372+0000] {logging_mixin.py:190} INFO - [2025-03-17T17:17:40.372+0000] {dagbag.py:588} INFO - Filling up the DagBag from /home/airflow/.local/lib/python3.12/site-packages/airflow/example_dags/example_dataset_alias_with_no_taskflow.py
[2025-03-17T17:17:40.820+0000] {processor.py:925} INFO - DAG(s) 'dataset_alias_example_alias_producer_with_no_taskflow', 'dataset_s3_bucket_consumer_with_no_taskflow', 'dataset_alias_example_alias_consumer_with_no_taskflow', 'dataset_s3_bucket_producer_with_no_taskflow' retrieved from /home/airflow/.local/lib/python3.12/site-packages/airflow/example_dags/example_dataset_alias_with_no_taskflow.py
[2025-03-17T17:17:40.834+0000] {logging_mixin.py:190} INFO - [2025-03-17T17:17:40.834+0000] {dag.py:3239} INFO - Sync 4 DAGs
[2025-03-17T17:17:40.854+0000] {logging_mixin.py:190} INFO - [2025-03-17T17:17:40.854+0000] {dag.py:4180} INFO - Setting next_dagrun for dataset_alias_example_alias_consumer_with_no_taskflow to None, run_after=None
[2025-03-17T17:17:40.856+0000] {logging_mixin.py:190} INFO - [2025-03-17T17:17:40.856+0000] {dag.py:4180} INFO - Setting next_dagrun for dataset_alias_example_alias_producer_with_no_taskflow to None, run_after=None
[2025-03-17T17:17:40.857+0000] {logging_mixin.py:190} INFO - [2025-03-17T17:17:40.857+0000] {dag.py:4180} INFO - Setting next_dagrun for dataset_s3_bucket_consumer_with_no_taskflow to None, run_after=None
[2025-03-17T17:17:40.858+0000] {logging_mixin.py:190} INFO - [2025-03-17T17:17:40.858+0000] {dag.py:4180} INFO - Setting next_dagrun for dataset_s3_bucket_producer_with_no_taskflow to None, run_after=None
[2025-03-17T17:17:40.873+0000] {processor.py:208} INFO - Processing /home/airflow/.local/lib/python3.12/site-packages/airflow/example_dags/example_dataset_alias_with_no_taskflow.py took 0.507 seconds
