[2025-03-17T17:16:35.511+0000] {processor.py:186} INFO - Started process (PID=74) to work on /home/airflow/.local/lib/python3.12/site-packages/airflow/example_dags/example_complex.py
[2025-03-17T17:16:35.512+0000] {processor.py:914} INFO - Processing file /home/airflow/.local/lib/python3.12/site-packages/airflow/example_dags/example_complex.py for tasks to queue
[2025-03-17T17:16:35.513+0000] {logging_mixin.py:190} INFO - [2025-03-17T17:16:35.513+0000] {dagbag.py:588} INFO - Filling up the DagBag from /home/airflow/.local/lib/python3.12/site-packages/airflow/example_dags/example_complex.py
[2025-03-17T17:16:35.523+0000] {processor.py:925} INFO - DAG(s) 'example_complex' retrieved from /home/airflow/.local/lib/python3.12/site-packages/airflow/example_dags/example_complex.py
[2025-03-17T17:16:35.606+0000] {logging_mixin.py:190} INFO - [2025-03-17T17:16:35.606+0000] {override.py:1912} INFO - Created Permission View: can edit on DAG:example_complex
[2025-03-17T17:16:35.615+0000] {logging_mixin.py:190} INFO - [2025-03-17T17:16:35.614+0000] {override.py:1912} INFO - Created Permission View: can read on DAG:example_complex
[2025-03-17T17:16:35.619+0000] {logging_mixin.py:190} INFO - [2025-03-17T17:16:35.618+0000] {override.py:1912} INFO - Created Permission View: can delete on DAG:example_complex
[2025-03-17T17:16:35.623+0000] {logging_mixin.py:190} INFO - [2025-03-17T17:16:35.623+0000] {override.py:1912} INFO - Created Permission View: menu access on DAG Run:example_complex
[2025-03-17T17:16:35.628+0000] {logging_mixin.py:190} INFO - [2025-03-17T17:16:35.628+0000] {override.py:1912} INFO - Created Permission View: can read on DAG Run:example_complex
[2025-03-17T17:16:35.632+0000] {logging_mixin.py:190} INFO - [2025-03-17T17:16:35.632+0000] {override.py:1912} INFO - Created Permission View: can create on DAG Run:example_complex
[2025-03-17T17:16:35.636+0000] {logging_mixin.py:190} INFO - [2025-03-17T17:16:35.636+0000] {override.py:1912} INFO - Created Permission View: can delete on DAG Run:example_complex
[2025-03-17T17:16:35.636+0000] {logging_mixin.py:190} INFO - [2025-03-17T17:16:35.636+0000] {dag.py:3239} INFO - Sync 1 DAGs
[2025-03-17T17:16:35.645+0000] {logging_mixin.py:190} INFO - [2025-03-17T17:16:35.644+0000] {dag.py:3262} INFO - Creating ORM DAG for example_complex
[2025-03-17T17:16:35.645+0000] {logging_mixin.py:190} INFO - [2025-03-17T17:16:35.645+0000] {dag.py:4180} INFO - Setting next_dagrun for example_complex to None, run_after=None
[2025-03-17T17:16:35.658+0000] {processor.py:208} INFO - Processing /home/airflow/.local/lib/python3.12/site-packages/airflow/example_dags/example_complex.py took 0.150 seconds
[2025-03-17T17:17:05.896+0000] {processor.py:186} INFO - Started process (PID=137) to work on /home/airflow/.local/lib/python3.12/site-packages/airflow/example_dags/example_complex.py
[2025-03-17T17:17:05.896+0000] {processor.py:914} INFO - Processing file /home/airflow/.local/lib/python3.12/site-packages/airflow/example_dags/example_complex.py for tasks to queue
[2025-03-17T17:17:05.897+0000] {logging_mixin.py:190} INFO - [2025-03-17T17:17:05.897+0000] {dagbag.py:588} INFO - Filling up the DagBag from /home/airflow/.local/lib/python3.12/site-packages/airflow/example_dags/example_complex.py
[2025-03-17T17:17:05.906+0000] {processor.py:925} INFO - DAG(s) 'example_complex' retrieved from /home/airflow/.local/lib/python3.12/site-packages/airflow/example_dags/example_complex.py
[2025-03-17T17:17:05.929+0000] {logging_mixin.py:190} INFO - [2025-03-17T17:17:05.928+0000] {dag.py:3239} INFO - Sync 1 DAGs
[2025-03-17T17:17:05.938+0000] {logging_mixin.py:190} INFO - [2025-03-17T17:17:05.938+0000] {dag.py:4180} INFO - Setting next_dagrun for example_complex to None, run_after=None
[2025-03-17T17:17:05.950+0000] {processor.py:208} INFO - Processing /home/airflow/.local/lib/python3.12/site-packages/airflow/example_dags/example_complex.py took 0.058 seconds
[2025-03-17T17:17:36.388+0000] {processor.py:186} INFO - Started process (PID=200) to work on /home/airflow/.local/lib/python3.12/site-packages/airflow/example_dags/example_complex.py
[2025-03-17T17:17:36.388+0000] {processor.py:914} INFO - Processing file /home/airflow/.local/lib/python3.12/site-packages/airflow/example_dags/example_complex.py for tasks to queue
[2025-03-17T17:17:36.389+0000] {logging_mixin.py:190} INFO - [2025-03-17T17:17:36.389+0000] {dagbag.py:588} INFO - Filling up the DagBag from /home/airflow/.local/lib/python3.12/site-packages/airflow/example_dags/example_complex.py
[2025-03-17T17:17:36.397+0000] {processor.py:925} INFO - DAG(s) 'example_complex' retrieved from /home/airflow/.local/lib/python3.12/site-packages/airflow/example_dags/example_complex.py
[2025-03-17T17:17:36.418+0000] {logging_mixin.py:190} INFO - [2025-03-17T17:17:36.418+0000] {dag.py:3239} INFO - Sync 1 DAGs
[2025-03-17T17:17:36.428+0000] {logging_mixin.py:190} INFO - [2025-03-17T17:17:36.428+0000] {dag.py:4180} INFO - Setting next_dagrun for example_complex to None, run_after=None
[2025-03-17T17:17:36.439+0000] {processor.py:208} INFO - Processing /home/airflow/.local/lib/python3.12/site-packages/airflow/example_dags/example_complex.py took 0.055 seconds
