[2025-03-17T17:16:37.012+0000] {processor.py:186} INFO - Started process (PID=88) to work on /home/airflow/.local/lib/python3.12/site-packages/airflow/example_dags/example_dag_decorator.py
[2025-03-17T17:16:37.013+0000] {processor.py:914} INFO - Processing file /home/airflow/.local/lib/python3.12/site-packages/airflow/example_dags/example_dag_decorator.py for tasks to queue
[2025-03-17T17:16:37.015+0000] {logging_mixin.py:190} INFO - [2025-03-17T17:16:37.014+0000] {dagbag.py:588} INFO - Filling up the DagBag from /home/airflow/.local/lib/python3.12/site-packages/airflow/example_dags/example_dag_decorator.py
[2025-03-17T17:16:37.274+0000] {processor.py:925} INFO - DAG(s) 'example_dag_decorator' retrieved from /home/airflow/.local/lib/python3.12/site-packages/airflow/example_dags/example_dag_decorator.py
[2025-03-17T17:16:37.350+0000] {logging_mixin.py:190} INFO - [2025-03-17T17:16:37.350+0000] {override.py:1912} INFO - Created Permission View: can edit on DAG:example_dag_decorator
[2025-03-17T17:16:37.357+0000] {logging_mixin.py:190} INFO - [2025-03-17T17:16:37.357+0000] {override.py:1912} INFO - Created Permission View: can read on DAG:example_dag_decorator
[2025-03-17T17:16:37.361+0000] {logging_mixin.py:190} INFO - [2025-03-17T17:16:37.361+0000] {override.py:1912} INFO - Created Permission View: can delete on DAG:example_dag_decorator
[2025-03-17T17:16:37.366+0000] {logging_mixin.py:190} INFO - [2025-03-17T17:16:37.366+0000] {override.py:1912} INFO - Created Permission View: menu access on DAG Run:example_dag_decorator
[2025-03-17T17:16:37.370+0000] {logging_mixin.py:190} INFO - [2025-03-17T17:16:37.370+0000] {override.py:1912} INFO - Created Permission View: can read on DAG Run:example_dag_decorator
[2025-03-17T17:16:37.374+0000] {logging_mixin.py:190} INFO - [2025-03-17T17:16:37.374+0000] {override.py:1912} INFO - Created Permission View: can create on DAG Run:example_dag_decorator
[2025-03-17T17:16:37.378+0000] {logging_mixin.py:190} INFO - [2025-03-17T17:16:37.378+0000] {override.py:1912} INFO - Created Permission View: can delete on DAG Run:example_dag_decorator
[2025-03-17T17:16:37.379+0000] {logging_mixin.py:190} INFO - [2025-03-17T17:16:37.378+0000] {dag.py:3239} INFO - Sync 1 DAGs
[2025-03-17T17:16:37.388+0000] {logging_mixin.py:190} INFO - [2025-03-17T17:16:37.388+0000] {dag.py:3262} INFO - Creating ORM DAG for example_dag_decorator
[2025-03-17T17:16:37.388+0000] {logging_mixin.py:190} INFO - [2025-03-17T17:16:37.388+0000] {dag.py:4180} INFO - Setting next_dagrun for example_dag_decorator to None, run_after=None
[2025-03-17T17:16:37.399+0000] {processor.py:208} INFO - Processing /home/airflow/.local/lib/python3.12/site-packages/airflow/example_dags/example_dag_decorator.py took 0.391 seconds
[2025-03-17T17:17:07.623+0000] {processor.py:186} INFO - Started process (PID=151) to work on /home/airflow/.local/lib/python3.12/site-packages/airflow/example_dags/example_dag_decorator.py
[2025-03-17T17:17:07.625+0000] {processor.py:914} INFO - Processing file /home/airflow/.local/lib/python3.12/site-packages/airflow/example_dags/example_dag_decorator.py for tasks to queue
[2025-03-17T17:17:07.627+0000] {logging_mixin.py:190} INFO - [2025-03-17T17:17:07.627+0000] {dagbag.py:588} INFO - Filling up the DagBag from /home/airflow/.local/lib/python3.12/site-packages/airflow/example_dags/example_dag_decorator.py
[2025-03-17T17:17:07.699+0000] {processor.py:925} INFO - DAG(s) 'example_dag_decorator' retrieved from /home/airflow/.local/lib/python3.12/site-packages/airflow/example_dags/example_dag_decorator.py
[2025-03-17T17:17:07.770+0000] {logging_mixin.py:190} INFO - [2025-03-17T17:17:07.770+0000] {dag.py:3239} INFO - Sync 1 DAGs
[2025-03-17T17:17:07.780+0000] {logging_mixin.py:190} INFO - [2025-03-17T17:17:07.780+0000] {dag.py:4180} INFO - Setting next_dagrun for example_dag_decorator to None, run_after=None
[2025-03-17T17:17:07.792+0000] {processor.py:208} INFO - Processing /home/airflow/.local/lib/python3.12/site-packages/airflow/example_dags/example_dag_decorator.py took 0.176 seconds
[2025-03-17T17:17:38.223+0000] {processor.py:186} INFO - Started process (PID=222) to work on /home/airflow/.local/lib/python3.12/site-packages/airflow/example_dags/example_dag_decorator.py
[2025-03-17T17:17:38.224+0000] {processor.py:914} INFO - Processing file /home/airflow/.local/lib/python3.12/site-packages/airflow/example_dags/example_dag_decorator.py for tasks to queue
[2025-03-17T17:17:38.225+0000] {logging_mixin.py:190} INFO - [2025-03-17T17:17:38.225+0000] {dagbag.py:588} INFO - Filling up the DagBag from /home/airflow/.local/lib/python3.12/site-packages/airflow/example_dags/example_dag_decorator.py
[2025-03-17T17:17:38.287+0000] {processor.py:925} INFO - DAG(s) 'example_dag_decorator' retrieved from /home/airflow/.local/lib/python3.12/site-packages/airflow/example_dags/example_dag_decorator.py
[2025-03-17T17:17:38.354+0000] {logging_mixin.py:190} INFO - [2025-03-17T17:17:38.354+0000] {dag.py:3239} INFO - Sync 1 DAGs
[2025-03-17T17:17:38.362+0000] {logging_mixin.py:190} INFO - [2025-03-17T17:17:38.362+0000] {dag.py:4180} INFO - Setting next_dagrun for example_dag_decorator to None, run_after=None
[2025-03-17T17:17:38.373+0000] {processor.py:208} INFO - Processing /home/airflow/.local/lib/python3.12/site-packages/airflow/example_dags/example_dag_decorator.py took 0.154 seconds
