[2025-03-17T17:16:36.308+0000] {processor.py:186} INFO - Started process (PID=80) to work on /home/airflow/.local/lib/python3.12/site-packages/airflow/example_dags/example_branch_datetime_operator.py
[2025-03-17T17:16:36.308+0000] {processor.py:914} INFO - Processing file /home/airflow/.local/lib/python3.12/site-packages/airflow/example_dags/example_branch_datetime_operator.py for tasks to queue
[2025-03-17T17:16:36.310+0000] {logging_mixin.py:190} INFO - [2025-03-17T17:16:36.310+0000] {dagbag.py:588} INFO - Filling up the DagBag from /home/airflow/.local/lib/python3.12/site-packages/airflow/example_dags/example_branch_datetime_operator.py
[2025-03-17T17:16:36.319+0000] {processor.py:925} INFO - DAG(s) 'example_branch_datetime_operator_2', 'example_branch_datetime_operator_3', 'example_branch_datetime_operator' retrieved from /home/airflow/.local/lib/python3.12/site-packages/airflow/example_dags/example_branch_datetime_operator.py
[2025-03-17T17:16:36.392+0000] {logging_mixin.py:190} INFO - [2025-03-17T17:16:36.391+0000] {override.py:1912} INFO - Created Permission View: can edit on DAG:example_branch_datetime_operator_2
[2025-03-17T17:16:36.399+0000] {logging_mixin.py:190} INFO - [2025-03-17T17:16:36.399+0000] {override.py:1912} INFO - Created Permission View: can read on DAG:example_branch_datetime_operator_2
[2025-03-17T17:16:36.403+0000] {logging_mixin.py:190} INFO - [2025-03-17T17:16:36.403+0000] {override.py:1912} INFO - Created Permission View: can delete on DAG:example_branch_datetime_operator_2
[2025-03-17T17:16:36.408+0000] {logging_mixin.py:190} INFO - [2025-03-17T17:16:36.408+0000] {override.py:1912} INFO - Created Permission View: menu access on DAG Run:example_branch_datetime_operator_2
[2025-03-17T17:16:36.414+0000] {logging_mixin.py:190} INFO - [2025-03-17T17:16:36.414+0000] {override.py:1912} INFO - Created Permission View: can read on DAG Run:example_branch_datetime_operator_2
[2025-03-17T17:16:36.418+0000] {logging_mixin.py:190} INFO - [2025-03-17T17:16:36.418+0000] {override.py:1912} INFO - Created Permission View: can create on DAG Run:example_branch_datetime_operator_2
[2025-03-17T17:16:36.422+0000] {logging_mixin.py:190} INFO - [2025-03-17T17:16:36.422+0000] {override.py:1912} INFO - Created Permission View: can delete on DAG Run:example_branch_datetime_operator_2
[2025-03-17T17:16:36.431+0000] {logging_mixin.py:190} INFO - [2025-03-17T17:16:36.430+0000] {override.py:1912} INFO - Created Permission View: can edit on DAG:example_branch_datetime_operator_3
[2025-03-17T17:16:36.435+0000] {logging_mixin.py:190} INFO - [2025-03-17T17:16:36.434+0000] {override.py:1912} INFO - Created Permission View: can read on DAG:example_branch_datetime_operator_3
[2025-03-17T17:16:36.439+0000] {logging_mixin.py:190} INFO - [2025-03-17T17:16:36.439+0000] {override.py:1912} INFO - Created Permission View: can delete on DAG:example_branch_datetime_operator_3
[2025-03-17T17:16:36.444+0000] {logging_mixin.py:190} INFO - [2025-03-17T17:16:36.444+0000] {override.py:1912} INFO - Created Permission View: menu access on DAG Run:example_branch_datetime_operator_3
[2025-03-17T17:16:36.448+0000] {logging_mixin.py:190} INFO - [2025-03-17T17:16:36.448+0000] {override.py:1912} INFO - Created Permission View: can read on DAG Run:example_branch_datetime_operator_3
[2025-03-17T17:16:36.452+0000] {logging_mixin.py:190} INFO - [2025-03-17T17:16:36.452+0000] {override.py:1912} INFO - Created Permission View: can create on DAG Run:example_branch_datetime_operator_3
[2025-03-17T17:16:36.456+0000] {logging_mixin.py:190} INFO - [2025-03-17T17:16:36.456+0000] {override.py:1912} INFO - Created Permission View: can delete on DAG Run:example_branch_datetime_operator_3
[2025-03-17T17:16:36.465+0000] {logging_mixin.py:190} INFO - [2025-03-17T17:16:36.465+0000] {override.py:1912} INFO - Created Permission View: can edit on DAG:example_branch_datetime_operator
[2025-03-17T17:16:36.469+0000] {logging_mixin.py:190} INFO - [2025-03-17T17:16:36.469+0000] {override.py:1912} INFO - Created Permission View: can read on DAG:example_branch_datetime_operator
[2025-03-17T17:16:36.473+0000] {logging_mixin.py:190} INFO - [2025-03-17T17:16:36.473+0000] {override.py:1912} INFO - Created Permission View: can delete on DAG:example_branch_datetime_operator
[2025-03-17T17:16:36.478+0000] {logging_mixin.py:190} INFO - [2025-03-17T17:16:36.478+0000] {override.py:1912} INFO - Created Permission View: menu access on DAG Run:example_branch_datetime_operator
[2025-03-17T17:16:36.482+0000] {logging_mixin.py:190} INFO - [2025-03-17T17:16:36.482+0000] {override.py:1912} INFO - Created Permission View: can read on DAG Run:example_branch_datetime_operator
[2025-03-17T17:16:36.486+0000] {logging_mixin.py:190} INFO - [2025-03-17T17:16:36.486+0000] {override.py:1912} INFO - Created Permission View: can create on DAG Run:example_branch_datetime_operator
[2025-03-17T17:16:36.491+0000] {logging_mixin.py:190} INFO - [2025-03-17T17:16:36.490+0000] {override.py:1912} INFO - Created Permission View: can delete on DAG Run:example_branch_datetime_operator
[2025-03-17T17:16:36.491+0000] {logging_mixin.py:190} INFO - [2025-03-17T17:16:36.491+0000] {dag.py:3239} INFO - Sync 3 DAGs
[2025-03-17T17:16:36.500+0000] {logging_mixin.py:190} INFO - [2025-03-17T17:16:36.500+0000] {dag.py:3262} INFO - Creating ORM DAG for example_branch_datetime_operator_3
[2025-03-17T17:16:36.501+0000] {logging_mixin.py:190} INFO - [2025-03-17T17:16:36.500+0000] {dag.py:3262} INFO - Creating ORM DAG for example_branch_datetime_operator_2
[2025-03-17T17:16:36.501+0000] {logging_mixin.py:190} INFO - [2025-03-17T17:16:36.501+0000] {dag.py:3262} INFO - Creating ORM DAG for example_branch_datetime_operator
[2025-03-17T17:16:36.509+0000] {logging_mixin.py:190} INFO - [2025-03-17T17:16:36.509+0000] {dag.py:4180} INFO - Setting next_dagrun for example_branch_datetime_operator to 2025-03-16 00:00:00+00:00, run_after=2025-03-17 00:00:00+00:00
[2025-03-17T17:16:36.510+0000] {logging_mixin.py:190} INFO - [2025-03-17T17:16:36.510+0000] {dag.py:4180} INFO - Setting next_dagrun for example_branch_datetime_operator_2 to 2025-03-16 00:00:00+00:00, run_after=2025-03-17 00:00:00+00:00
[2025-03-17T17:16:36.511+0000] {logging_mixin.py:190} INFO - [2025-03-17T17:16:36.511+0000] {dag.py:4180} INFO - Setting next_dagrun for example_branch_datetime_operator_3 to 2025-03-16 00:00:00+00:00, run_after=2025-03-17 00:00:00+00:00
[2025-03-17T17:16:36.525+0000] {processor.py:208} INFO - Processing /home/airflow/.local/lib/python3.12/site-packages/airflow/example_dags/example_branch_datetime_operator.py took 0.221 seconds
[2025-03-17T17:17:07.148+0000] {processor.py:186} INFO - Started process (PID=143) to work on /home/airflow/.local/lib/python3.12/site-packages/airflow/example_dags/example_branch_datetime_operator.py
[2025-03-17T17:17:07.148+0000] {processor.py:914} INFO - Processing file /home/airflow/.local/lib/python3.12/site-packages/airflow/example_dags/example_branch_datetime_operator.py for tasks to queue
[2025-03-17T17:17:07.150+0000] {logging_mixin.py:190} INFO - [2025-03-17T17:17:07.150+0000] {dagbag.py:588} INFO - Filling up the DagBag from /home/airflow/.local/lib/python3.12/site-packages/airflow/example_dags/example_branch_datetime_operator.py
[2025-03-17T17:17:07.158+0000] {processor.py:925} INFO - DAG(s) 'example_branch_datetime_operator_3', 'example_branch_datetime_operator', 'example_branch_datetime_operator_2' retrieved from /home/airflow/.local/lib/python3.12/site-packages/airflow/example_dags/example_branch_datetime_operator.py
[2025-03-17T17:17:07.175+0000] {logging_mixin.py:190} INFO - [2025-03-17T17:17:07.175+0000] {dag.py:3239} INFO - Sync 3 DAGs
[2025-03-17T17:17:07.191+0000] {logging_mixin.py:190} INFO - [2025-03-17T17:17:07.191+0000] {dag.py:4180} INFO - Setting next_dagrun for example_branch_datetime_operator to 2025-03-16 00:00:00+00:00, run_after=2025-03-17 00:00:00+00:00
[2025-03-17T17:17:07.194+0000] {logging_mixin.py:190} INFO - [2025-03-17T17:17:07.194+0000] {dag.py:4180} INFO - Setting next_dagrun for example_branch_datetime_operator_2 to 2025-03-16 00:00:00+00:00, run_after=2025-03-17 00:00:00+00:00
[2025-03-17T17:17:07.196+0000] {logging_mixin.py:190} INFO - [2025-03-17T17:17:07.196+0000] {dag.py:4180} INFO - Setting next_dagrun for example_branch_datetime_operator_3 to 2025-03-16 00:00:00+00:00, run_after=2025-03-17 00:00:00+00:00
[2025-03-17T17:17:07.206+0000] {processor.py:208} INFO - Processing /home/airflow/.local/lib/python3.12/site-packages/airflow/example_dags/example_branch_datetime_operator.py took 0.062 seconds
[2025-03-17T17:17:37.569+0000] {processor.py:186} INFO - Started process (PID=205) to work on /home/airflow/.local/lib/python3.12/site-packages/airflow/example_dags/example_branch_datetime_operator.py
[2025-03-17T17:17:37.570+0000] {processor.py:914} INFO - Processing file /home/airflow/.local/lib/python3.12/site-packages/airflow/example_dags/example_branch_datetime_operator.py for tasks to queue
[2025-03-17T17:17:37.571+0000] {logging_mixin.py:190} INFO - [2025-03-17T17:17:37.571+0000] {dagbag.py:588} INFO - Filling up the DagBag from /home/airflow/.local/lib/python3.12/site-packages/airflow/example_dags/example_branch_datetime_operator.py
[2025-03-17T17:17:37.578+0000] {processor.py:925} INFO - DAG(s) 'example_branch_datetime_operator_3', 'example_branch_datetime_operator_2', 'example_branch_datetime_operator' retrieved from /home/airflow/.local/lib/python3.12/site-packages/airflow/example_dags/example_branch_datetime_operator.py
[2025-03-17T17:17:37.594+0000] {logging_mixin.py:190} INFO - [2025-03-17T17:17:37.594+0000] {dag.py:3239} INFO - Sync 3 DAGs
[2025-03-17T17:17:37.609+0000] {logging_mixin.py:190} INFO - [2025-03-17T17:17:37.609+0000] {dag.py:4180} INFO - Setting next_dagrun for example_branch_datetime_operator to 2025-03-16 00:00:00+00:00, run_after=2025-03-17 00:00:00+00:00
[2025-03-17T17:17:37.612+0000] {logging_mixin.py:190} INFO - [2025-03-17T17:17:37.612+0000] {dag.py:4180} INFO - Setting next_dagrun for example_branch_datetime_operator_2 to 2025-03-16 00:00:00+00:00, run_after=2025-03-17 00:00:00+00:00
[2025-03-17T17:17:37.614+0000] {logging_mixin.py:190} INFO - [2025-03-17T17:17:37.614+0000] {dag.py:4180} INFO - Setting next_dagrun for example_branch_datetime_operator_3 to 2025-03-16 00:00:00+00:00, run_after=2025-03-17 00:00:00+00:00
[2025-03-17T17:17:37.624+0000] {processor.py:208} INFO - Processing /home/airflow/.local/lib/python3.12/site-packages/airflow/example_dags/example_branch_datetime_operator.py took 0.058 seconds
