[2025-03-17T17:16:35.446+0000] {processor.py:186} INFO - Started process (PID=73) to work on /home/airflow/.local/lib/python3.12/site-packages/airflow/example_dags/example_time_delta_sensor_async.py
[2025-03-17T17:16:35.447+0000] {processor.py:914} INFO - Processing file /home/airflow/.local/lib/python3.12/site-packages/airflow/example_dags/example_time_delta_sensor_async.py for tasks to queue
[2025-03-17T17:16:35.448+0000] {logging_mixin.py:190} INFO - [2025-03-17T17:16:35.448+0000] {dagbag.py:588} INFO - Filling up the DagBag from /home/airflow/.local/lib/python3.12/site-packages/airflow/example_dags/example_time_delta_sensor_async.py
[2025-03-17T17:16:35.454+0000] {processor.py:925} INFO - DAG(s) 'example_time_delta_sensor_async' retrieved from /home/airflow/.local/lib/python3.12/site-packages/airflow/example_dags/example_time_delta_sensor_async.py
[2025-03-17T17:16:35.533+0000] {logging_mixin.py:190} INFO - [2025-03-17T17:16:35.533+0000] {override.py:1912} INFO - Created Permission View: can edit on DAG:example_time_delta_sensor_async
[2025-03-17T17:16:35.539+0000] {logging_mixin.py:190} INFO - [2025-03-17T17:16:35.539+0000] {override.py:1912} INFO - Created Permission View: can read on DAG:example_time_delta_sensor_async
[2025-03-17T17:16:35.543+0000] {logging_mixin.py:190} INFO - [2025-03-17T17:16:35.543+0000] {override.py:1912} INFO - Created Permission View: can delete on DAG:example_time_delta_sensor_async
[2025-03-17T17:16:35.548+0000] {logging_mixin.py:190} INFO - [2025-03-17T17:16:35.548+0000] {override.py:1912} INFO - Created Permission View: menu access on DAG Run:example_time_delta_sensor_async
[2025-03-17T17:16:35.552+0000] {logging_mixin.py:190} INFO - [2025-03-17T17:16:35.552+0000] {override.py:1912} INFO - Created Permission View: can read on DAG Run:example_time_delta_sensor_async
[2025-03-17T17:16:35.557+0000] {logging_mixin.py:190} INFO - [2025-03-17T17:16:35.556+0000] {override.py:1912} INFO - Created Permission View: can create on DAG Run:example_time_delta_sensor_async
[2025-03-17T17:16:35.560+0000] {logging_mixin.py:190} INFO - [2025-03-17T17:16:35.560+0000] {override.py:1912} INFO - Created Permission View: can delete on DAG Run:example_time_delta_sensor_async
[2025-03-17T17:16:35.561+0000] {logging_mixin.py:190} INFO - [2025-03-17T17:16:35.561+0000] {dag.py:3239} INFO - Sync 1 DAGs
[2025-03-17T17:16:35.572+0000] {logging_mixin.py:190} INFO - [2025-03-17T17:16:35.572+0000] {dag.py:3262} INFO - Creating ORM DAG for example_time_delta_sensor_async
[2025-03-17T17:16:35.573+0000] {logging_mixin.py:190} INFO - [2025-03-17T17:16:35.573+0000] {dag.py:4180} INFO - Setting next_dagrun for example_time_delta_sensor_async to None, run_after=None
[2025-03-17T17:16:35.584+0000] {processor.py:208} INFO - Processing /home/airflow/.local/lib/python3.12/site-packages/airflow/example_dags/example_time_delta_sensor_async.py took 0.143 seconds
[2025-03-17T17:17:05.867+0000] {processor.py:186} INFO - Started process (PID=136) to work on /home/airflow/.local/lib/python3.12/site-packages/airflow/example_dags/example_time_delta_sensor_async.py
[2025-03-17T17:17:05.868+0000] {processor.py:914} INFO - Processing file /home/airflow/.local/lib/python3.12/site-packages/airflow/example_dags/example_time_delta_sensor_async.py for tasks to queue
[2025-03-17T17:17:05.869+0000] {logging_mixin.py:190} INFO - [2025-03-17T17:17:05.869+0000] {dagbag.py:588} INFO - Filling up the DagBag from /home/airflow/.local/lib/python3.12/site-packages/airflow/example_dags/example_time_delta_sensor_async.py
[2025-03-17T17:17:05.874+0000] {processor.py:925} INFO - DAG(s) 'example_time_delta_sensor_async' retrieved from /home/airflow/.local/lib/python3.12/site-packages/airflow/example_dags/example_time_delta_sensor_async.py
[2025-03-17T17:17:05.888+0000] {logging_mixin.py:190} INFO - [2025-03-17T17:17:05.888+0000] {dag.py:3239} INFO - Sync 1 DAGs
[2025-03-17T17:17:05.898+0000] {logging_mixin.py:190} INFO - [2025-03-17T17:17:05.898+0000] {dag.py:4180} INFO - Setting next_dagrun for example_time_delta_sensor_async to None, run_after=None
[2025-03-17T17:17:05.910+0000] {processor.py:208} INFO - Processing /home/airflow/.local/lib/python3.12/site-packages/airflow/example_dags/example_time_delta_sensor_async.py took 0.046 seconds
[2025-03-17T17:17:36.368+0000] {processor.py:186} INFO - Started process (PID=199) to work on /home/airflow/.local/lib/python3.12/site-packages/airflow/example_dags/example_time_delta_sensor_async.py
[2025-03-17T17:17:36.369+0000] {processor.py:914} INFO - Processing file /home/airflow/.local/lib/python3.12/site-packages/airflow/example_dags/example_time_delta_sensor_async.py for tasks to queue
[2025-03-17T17:17:36.370+0000] {logging_mixin.py:190} INFO - [2025-03-17T17:17:36.370+0000] {dagbag.py:588} INFO - Filling up the DagBag from /home/airflow/.local/lib/python3.12/site-packages/airflow/example_dags/example_time_delta_sensor_async.py
[2025-03-17T17:17:36.374+0000] {processor.py:925} INFO - DAG(s) 'example_time_delta_sensor_async' retrieved from /home/airflow/.local/lib/python3.12/site-packages/airflow/example_dags/example_time_delta_sensor_async.py
[2025-03-17T17:17:36.386+0000] {logging_mixin.py:190} INFO - [2025-03-17T17:17:36.386+0000] {dag.py:3239} INFO - Sync 1 DAGs
[2025-03-17T17:17:36.396+0000] {logging_mixin.py:190} INFO - [2025-03-17T17:17:36.396+0000] {dag.py:4180} INFO - Setting next_dagrun for example_time_delta_sensor_async to None, run_after=None
[2025-03-17T17:17:36.407+0000] {processor.py:208} INFO - Processing /home/airflow/.local/lib/python3.12/site-packages/airflow/example_dags/example_time_delta_sensor_async.py took 0.043 seconds
