[2025-03-17T17:16:35.612+0000] {processor.py:186} INFO - Started process (PID=75) to work on /home/airflow/.local/lib/python3.12/site-packages/airflow/example_dags/example_setup_teardown.py
[2025-03-17T17:16:35.612+0000] {processor.py:914} INFO - Processing file /home/airflow/.local/lib/python3.12/site-packages/airflow/example_dags/example_setup_teardown.py for tasks to queue
[2025-03-17T17:16:35.614+0000] {logging_mixin.py:190} INFO - [2025-03-17T17:16:35.614+0000] {dagbag.py:588} INFO - Filling up the DagBag from /home/airflow/.local/lib/python3.12/site-packages/airflow/example_dags/example_setup_teardown.py
[2025-03-17T17:16:35.621+0000] {processor.py:925} INFO - DAG(s) 'example_setup_teardown' retrieved from /home/airflow/.local/lib/python3.12/site-packages/airflow/example_dags/example_setup_teardown.py
[2025-03-17T17:16:35.700+0000] {logging_mixin.py:190} INFO - [2025-03-17T17:16:35.699+0000] {override.py:1912} INFO - Created Permission View: can edit on DAG:example_setup_teardown
[2025-03-17T17:16:35.707+0000] {logging_mixin.py:190} INFO - [2025-03-17T17:16:35.707+0000] {override.py:1912} INFO - Created Permission View: can read on DAG:example_setup_teardown
[2025-03-17T17:16:35.712+0000] {logging_mixin.py:190} INFO - [2025-03-17T17:16:35.711+0000] {override.py:1912} INFO - Created Permission View: can delete on DAG:example_setup_teardown
[2025-03-17T17:16:35.717+0000] {logging_mixin.py:190} INFO - [2025-03-17T17:16:35.717+0000] {override.py:1912} INFO - Created Permission View: menu access on DAG Run:example_setup_teardown
[2025-03-17T17:16:35.721+0000] {logging_mixin.py:190} INFO - [2025-03-17T17:16:35.721+0000] {override.py:1912} INFO - Created Permission View: can read on DAG Run:example_setup_teardown
[2025-03-17T17:16:35.726+0000] {logging_mixin.py:190} INFO - [2025-03-17T17:16:35.726+0000] {override.py:1912} INFO - Created Permission View: can create on DAG Run:example_setup_teardown
[2025-03-17T17:16:35.731+0000] {logging_mixin.py:190} INFO - [2025-03-17T17:16:35.730+0000] {override.py:1912} INFO - Created Permission View: can delete on DAG Run:example_setup_teardown
[2025-03-17T17:16:35.731+0000] {logging_mixin.py:190} INFO - [2025-03-17T17:16:35.731+0000] {dag.py:3239} INFO - Sync 1 DAGs
[2025-03-17T17:16:35.740+0000] {logging_mixin.py:190} INFO - [2025-03-17T17:16:35.739+0000] {dag.py:3262} INFO - Creating ORM DAG for example_setup_teardown
[2025-03-17T17:16:35.740+0000] {logging_mixin.py:190} INFO - [2025-03-17T17:16:35.740+0000] {dag.py:4180} INFO - Setting next_dagrun for example_setup_teardown to None, run_after=None
[2025-03-17T17:16:35.750+0000] {processor.py:208} INFO - Processing /home/airflow/.local/lib/python3.12/site-packages/airflow/example_dags/example_setup_teardown.py took 0.142 seconds
[2025-03-17T17:17:05.934+0000] {processor.py:186} INFO - Started process (PID=138) to work on /home/airflow/.local/lib/python3.12/site-packages/airflow/example_dags/example_setup_teardown.py
[2025-03-17T17:17:05.934+0000] {processor.py:914} INFO - Processing file /home/airflow/.local/lib/python3.12/site-packages/airflow/example_dags/example_setup_teardown.py for tasks to queue
[2025-03-17T17:17:05.936+0000] {logging_mixin.py:190} INFO - [2025-03-17T17:17:05.936+0000] {dagbag.py:588} INFO - Filling up the DagBag from /home/airflow/.local/lib/python3.12/site-packages/airflow/example_dags/example_setup_teardown.py
[2025-03-17T17:17:05.941+0000] {processor.py:925} INFO - DAG(s) 'example_setup_teardown' retrieved from /home/airflow/.local/lib/python3.12/site-packages/airflow/example_dags/example_setup_teardown.py
[2025-03-17T17:17:05.954+0000] {logging_mixin.py:190} INFO - [2025-03-17T17:17:05.954+0000] {dag.py:3239} INFO - Sync 1 DAGs
[2025-03-17T17:17:05.964+0000] {logging_mixin.py:190} INFO - [2025-03-17T17:17:05.963+0000] {dag.py:4180} INFO - Setting next_dagrun for example_setup_teardown to None, run_after=None
[2025-03-17T17:17:05.975+0000] {processor.py:208} INFO - Processing /home/airflow/.local/lib/python3.12/site-packages/airflow/example_dags/example_setup_teardown.py took 0.045 seconds
[2025-03-17T17:17:36.429+0000] {processor.py:186} INFO - Started process (PID=201) to work on /home/airflow/.local/lib/python3.12/site-packages/airflow/example_dags/example_setup_teardown.py
[2025-03-17T17:17:36.430+0000] {processor.py:914} INFO - Processing file /home/airflow/.local/lib/python3.12/site-packages/airflow/example_dags/example_setup_teardown.py for tasks to queue
[2025-03-17T17:17:36.431+0000] {logging_mixin.py:190} INFO - [2025-03-17T17:17:36.431+0000] {dagbag.py:588} INFO - Filling up the DagBag from /home/airflow/.local/lib/python3.12/site-packages/airflow/example_dags/example_setup_teardown.py
[2025-03-17T17:17:36.436+0000] {processor.py:925} INFO - DAG(s) 'example_setup_teardown' retrieved from /home/airflow/.local/lib/python3.12/site-packages/airflow/example_dags/example_setup_teardown.py
[2025-03-17T17:17:36.449+0000] {logging_mixin.py:190} INFO - [2025-03-17T17:17:36.449+0000] {dag.py:3239} INFO - Sync 1 DAGs
[2025-03-17T17:17:36.459+0000] {logging_mixin.py:190} INFO - [2025-03-17T17:17:36.459+0000] {dag.py:4180} INFO - Setting next_dagrun for example_setup_teardown to None, run_after=None
[2025-03-17T17:17:36.470+0000] {processor.py:208} INFO - Processing /home/airflow/.local/lib/python3.12/site-packages/airflow/example_dags/example_setup_teardown.py took 0.044 seconds
