[2025-03-17T17:16:37.886+0000] {processor.py:186} INFO - Started process (PID=100) to work on /home/airflow/.local/lib/python3.12/site-packages/airflow/example_dags/example_local_kubernetes_executor.py
[2025-03-17T17:16:37.889+0000] {processor.py:914} INFO - Processing file /home/airflow/.local/lib/python3.12/site-packages/airflow/example_dags/example_local_kubernetes_executor.py for tasks to queue
[2025-03-17T17:16:37.892+0000] {logging_mixin.py:190} INFO - [2025-03-17T17:16:37.892+0000] {dagbag.py:588} INFO - Filling up the DagBag from /home/airflow/.local/lib/python3.12/site-packages/airflow/example_dags/example_local_kubernetes_executor.py
[2025-03-17T17:16:37.901+0000] {processor.py:925} INFO - DAG(s) 'example_local_kubernetes_executor' retrieved from /home/airflow/.local/lib/python3.12/site-packages/airflow/example_dags/example_local_kubernetes_executor.py
[2025-03-17T17:16:37.979+0000] {logging_mixin.py:190} INFO - [2025-03-17T17:16:37.979+0000] {override.py:1912} INFO - Created Permission View: can edit on DAG:example_local_kubernetes_executor
[2025-03-17T17:16:37.988+0000] {logging_mixin.py:190} INFO - [2025-03-17T17:16:37.987+0000] {override.py:1912} INFO - Created Permission View: can read on DAG:example_local_kubernetes_executor
[2025-03-17T17:16:37.992+0000] {logging_mixin.py:190} INFO - [2025-03-17T17:16:37.992+0000] {override.py:1912} INFO - Created Permission View: can delete on DAG:example_local_kubernetes_executor
[2025-03-17T17:16:37.997+0000] {logging_mixin.py:190} INFO - [2025-03-17T17:16:37.997+0000] {override.py:1912} INFO - Created Permission View: menu access on DAG Run:example_local_kubernetes_executor
[2025-03-17T17:16:38.001+0000] {logging_mixin.py:190} INFO - [2025-03-17T17:16:38.001+0000] {override.py:1912} INFO - Created Permission View: can read on DAG Run:example_local_kubernetes_executor
[2025-03-17T17:16:38.006+0000] {logging_mixin.py:190} INFO - [2025-03-17T17:16:38.006+0000] {override.py:1912} INFO - Created Permission View: can create on DAG Run:example_local_kubernetes_executor
[2025-03-17T17:16:38.010+0000] {logging_mixin.py:190} INFO - [2025-03-17T17:16:38.010+0000] {override.py:1912} INFO - Created Permission View: can delete on DAG Run:example_local_kubernetes_executor
[2025-03-17T17:16:38.011+0000] {logging_mixin.py:190} INFO - [2025-03-17T17:16:38.011+0000] {dag.py:3239} INFO - Sync 1 DAGs
[2025-03-17T17:16:38.020+0000] {logging_mixin.py:190} INFO - [2025-03-17T17:16:38.020+0000] {dag.py:3262} INFO - Creating ORM DAG for example_local_kubernetes_executor
[2025-03-17T17:16:38.021+0000] {logging_mixin.py:190} INFO - [2025-03-17T17:16:38.020+0000] {dag.py:4180} INFO - Setting next_dagrun for example_local_kubernetes_executor to None, run_after=None
[2025-03-17T17:16:38.031+0000] {processor.py:208} INFO - Processing /home/airflow/.local/lib/python3.12/site-packages/airflow/example_dags/example_local_kubernetes_executor.py took 0.149 seconds
[2025-03-17T17:17:09.407+0000] {processor.py:186} INFO - Started process (PID=163) to work on /home/airflow/.local/lib/python3.12/site-packages/airflow/example_dags/example_local_kubernetes_executor.py
[2025-03-17T17:17:09.408+0000] {processor.py:914} INFO - Processing file /home/airflow/.local/lib/python3.12/site-packages/airflow/example_dags/example_local_kubernetes_executor.py for tasks to queue
[2025-03-17T17:17:09.409+0000] {logging_mixin.py:190} INFO - [2025-03-17T17:17:09.409+0000] {dagbag.py:588} INFO - Filling up the DagBag from /home/airflow/.local/lib/python3.12/site-packages/airflow/example_dags/example_local_kubernetes_executor.py
[2025-03-17T17:17:09.415+0000] {processor.py:925} INFO - DAG(s) 'example_local_kubernetes_executor' retrieved from /home/airflow/.local/lib/python3.12/site-packages/airflow/example_dags/example_local_kubernetes_executor.py
[2025-03-17T17:17:09.428+0000] {logging_mixin.py:190} INFO - [2025-03-17T17:17:09.428+0000] {dag.py:3239} INFO - Sync 1 DAGs
[2025-03-17T17:17:09.438+0000] {logging_mixin.py:190} INFO - [2025-03-17T17:17:09.438+0000] {dag.py:4180} INFO - Setting next_dagrun for example_local_kubernetes_executor to None, run_after=None
[2025-03-17T17:17:09.450+0000] {processor.py:208} INFO - Processing /home/airflow/.local/lib/python3.12/site-packages/airflow/example_dags/example_local_kubernetes_executor.py took 0.047 seconds
[2025-03-17T17:17:40.904+0000] {processor.py:186} INFO - Started process (PID=226) to work on /home/airflow/.local/lib/python3.12/site-packages/airflow/example_dags/example_local_kubernetes_executor.py
[2025-03-17T17:17:40.904+0000] {processor.py:914} INFO - Processing file /home/airflow/.local/lib/python3.12/site-packages/airflow/example_dags/example_local_kubernetes_executor.py for tasks to queue
[2025-03-17T17:17:40.906+0000] {logging_mixin.py:190} INFO - [2025-03-17T17:17:40.906+0000] {dagbag.py:588} INFO - Filling up the DagBag from /home/airflow/.local/lib/python3.12/site-packages/airflow/example_dags/example_local_kubernetes_executor.py
[2025-03-17T17:17:40.912+0000] {processor.py:925} INFO - DAG(s) 'example_local_kubernetes_executor' retrieved from /home/airflow/.local/lib/python3.12/site-packages/airflow/example_dags/example_local_kubernetes_executor.py
[2025-03-17T17:17:40.926+0000] {logging_mixin.py:190} INFO - [2025-03-17T17:17:40.926+0000] {dag.py:3239} INFO - Sync 1 DAGs
[2025-03-17T17:17:40.936+0000] {logging_mixin.py:190} INFO - [2025-03-17T17:17:40.936+0000] {dag.py:4180} INFO - Setting next_dagrun for example_local_kubernetes_executor to None, run_after=None
[2025-03-17T17:17:40.947+0000] {processor.py:208} INFO - Processing /home/airflow/.local/lib/python3.12/site-packages/airflow/example_dags/example_local_kubernetes_executor.py took 0.047 seconds
