[2025-03-17T17:16:38.061+0000] {processor.py:186} INFO - Started process (PID=101) to work on /home/airflow/.local/lib/python3.12/site-packages/airflow/example_dags/example_datasets.py
[2025-03-17T17:16:38.062+0000] {processor.py:914} INFO - Processing file /home/airflow/.local/lib/python3.12/site-packages/airflow/example_dags/example_datasets.py for tasks to queue
[2025-03-17T17:16:38.064+0000] {logging_mixin.py:190} INFO - [2025-03-17T17:16:38.063+0000] {dagbag.py:588} INFO - Filling up the DagBag from /home/airflow/.local/lib/python3.12/site-packages/airflow/example_dags/example_datasets.py
[2025-03-17T17:16:38.503+0000] {processor.py:925} INFO - DAG(s) 'consume_1_or_both_2_and_3_with_dataset_expressions', 'dataset_consumes_unknown_never_scheduled', 'dataset_produces_2', 'consume_1_and_2_with_dataset_expressions', 'conditional_dataset_and_time_based_timetable', 'dataset_consumes_1_never_scheduled', 'dataset_produces_1', 'dataset_consumes_1_and_2', 'dataset_consumes_1', 'consume_1_or_2_with_dataset_expressions' retrieved from /home/airflow/.local/lib/python3.12/site-packages/airflow/example_dags/example_datasets.py
[2025-03-17T17:16:38.570+0000] {logging_mixin.py:190} INFO - [2025-03-17T17:16:38.569+0000] {override.py:1912} INFO - Created Permission View: can edit on DAG:consume_1_or_both_2_and_3_with_dataset_expressions
[2025-03-17T17:16:38.577+0000] {logging_mixin.py:190} INFO - [2025-03-17T17:16:38.577+0000] {override.py:1912} INFO - Created Permission View: can read on DAG:consume_1_or_both_2_and_3_with_dataset_expressions
[2025-03-17T17:16:38.581+0000] {logging_mixin.py:190} INFO - [2025-03-17T17:16:38.581+0000] {override.py:1912} INFO - Created Permission View: can delete on DAG:consume_1_or_both_2_and_3_with_dataset_expressions
[2025-03-17T17:16:38.586+0000] {logging_mixin.py:190} INFO - [2025-03-17T17:16:38.586+0000] {override.py:1912} INFO - Created Permission View: menu access on DAG Run:consume_1_or_both_2_and_3_with_dataset_expressions
[2025-03-17T17:16:38.590+0000] {logging_mixin.py:190} INFO - [2025-03-17T17:16:38.590+0000] {override.py:1912} INFO - Created Permission View: can read on DAG Run:consume_1_or_both_2_and_3_with_dataset_expressions
[2025-03-17T17:16:38.594+0000] {logging_mixin.py:190} INFO - [2025-03-17T17:16:38.594+0000] {override.py:1912} INFO - Created Permission View: can create on DAG Run:consume_1_or_both_2_and_3_with_dataset_expressions
[2025-03-17T17:16:38.598+0000] {logging_mixin.py:190} INFO - [2025-03-17T17:16:38.598+0000] {override.py:1912} INFO - Created Permission View: can delete on DAG Run:consume_1_or_both_2_and_3_with_dataset_expressions
[2025-03-17T17:16:38.606+0000] {logging_mixin.py:190} INFO - [2025-03-17T17:16:38.606+0000] {override.py:1912} INFO - Created Permission View: can edit on DAG:dataset_consumes_unknown_never_scheduled
[2025-03-17T17:16:38.611+0000] {logging_mixin.py:190} INFO - [2025-03-17T17:16:38.611+0000] {override.py:1912} INFO - Created Permission View: can read on DAG:dataset_consumes_unknown_never_scheduled
[2025-03-17T17:16:38.615+0000] {logging_mixin.py:190} INFO - [2025-03-17T17:16:38.615+0000] {override.py:1912} INFO - Created Permission View: can delete on DAG:dataset_consumes_unknown_never_scheduled
[2025-03-17T17:16:38.620+0000] {logging_mixin.py:190} INFO - [2025-03-17T17:16:38.620+0000] {override.py:1912} INFO - Created Permission View: menu access on DAG Run:dataset_consumes_unknown_never_scheduled
[2025-03-17T17:16:38.624+0000] {logging_mixin.py:190} INFO - [2025-03-17T17:16:38.624+0000] {override.py:1912} INFO - Created Permission View: can read on DAG Run:dataset_consumes_unknown_never_scheduled
[2025-03-17T17:16:38.628+0000] {logging_mixin.py:190} INFO - [2025-03-17T17:16:38.628+0000] {override.py:1912} INFO - Created Permission View: can create on DAG Run:dataset_consumes_unknown_never_scheduled
[2025-03-17T17:16:38.632+0000] {logging_mixin.py:190} INFO - [2025-03-17T17:16:38.632+0000] {override.py:1912} INFO - Created Permission View: can delete on DAG Run:dataset_consumes_unknown_never_scheduled
[2025-03-17T17:16:38.640+0000] {logging_mixin.py:190} INFO - [2025-03-17T17:16:38.640+0000] {override.py:1912} INFO - Created Permission View: can edit on DAG:dataset_produces_2
[2025-03-17T17:16:38.644+0000] {logging_mixin.py:190} INFO - [2025-03-17T17:16:38.644+0000] {override.py:1912} INFO - Created Permission View: can read on DAG:dataset_produces_2
[2025-03-17T17:16:38.648+0000] {logging_mixin.py:190} INFO - [2025-03-17T17:16:38.648+0000] {override.py:1912} INFO - Created Permission View: can delete on DAG:dataset_produces_2
[2025-03-17T17:16:38.652+0000] {logging_mixin.py:190} INFO - [2025-03-17T17:16:38.652+0000] {override.py:1912} INFO - Created Permission View: menu access on DAG Run:dataset_produces_2
[2025-03-17T17:16:38.657+0000] {logging_mixin.py:190} INFO - [2025-03-17T17:16:38.657+0000] {override.py:1912} INFO - Created Permission View: can read on DAG Run:dataset_produces_2
[2025-03-17T17:16:38.662+0000] {logging_mixin.py:190} INFO - [2025-03-17T17:16:38.661+0000] {override.py:1912} INFO - Created Permission View: can create on DAG Run:dataset_produces_2
[2025-03-17T17:16:38.666+0000] {logging_mixin.py:190} INFO - [2025-03-17T17:16:38.666+0000] {override.py:1912} INFO - Created Permission View: can delete on DAG Run:dataset_produces_2
[2025-03-17T17:16:38.674+0000] {logging_mixin.py:190} INFO - [2025-03-17T17:16:38.674+0000] {override.py:1912} INFO - Created Permission View: can edit on DAG:consume_1_and_2_with_dataset_expressions
[2025-03-17T17:16:38.678+0000] {logging_mixin.py:190} INFO - [2025-03-17T17:16:38.678+0000] {override.py:1912} INFO - Created Permission View: can read on DAG:consume_1_and_2_with_dataset_expressions
[2025-03-17T17:16:38.682+0000] {logging_mixin.py:190} INFO - [2025-03-17T17:16:38.681+0000] {override.py:1912} INFO - Created Permission View: can delete on DAG:consume_1_and_2_with_dataset_expressions
[2025-03-17T17:16:38.686+0000] {logging_mixin.py:190} INFO - [2025-03-17T17:16:38.686+0000] {override.py:1912} INFO - Created Permission View: menu access on DAG Run:consume_1_and_2_with_dataset_expressions
[2025-03-17T17:16:38.691+0000] {logging_mixin.py:190} INFO - [2025-03-17T17:16:38.690+0000] {override.py:1912} INFO - Created Permission View: can read on DAG Run:consume_1_and_2_with_dataset_expressions
[2025-03-17T17:16:38.695+0000] {logging_mixin.py:190} INFO - [2025-03-17T17:16:38.694+0000] {override.py:1912} INFO - Created Permission View: can create on DAG Run:consume_1_and_2_with_dataset_expressions
[2025-03-17T17:16:38.699+0000] {logging_mixin.py:190} INFO - [2025-03-17T17:16:38.698+0000] {override.py:1912} INFO - Created Permission View: can delete on DAG Run:consume_1_and_2_with_dataset_expressions
[2025-03-17T17:16:38.707+0000] {logging_mixin.py:190} INFO - [2025-03-17T17:16:38.706+0000] {override.py:1912} INFO - Created Permission View: can edit on DAG:conditional_dataset_and_time_based_timetable
[2025-03-17T17:16:38.711+0000] {logging_mixin.py:190} INFO - [2025-03-17T17:16:38.710+0000] {override.py:1912} INFO - Created Permission View: can read on DAG:conditional_dataset_and_time_based_timetable
[2025-03-17T17:16:38.714+0000] {logging_mixin.py:190} INFO - [2025-03-17T17:16:38.714+0000] {override.py:1912} INFO - Created Permission View: can delete on DAG:conditional_dataset_and_time_based_timetable
[2025-03-17T17:16:38.719+0000] {logging_mixin.py:190} INFO - [2025-03-17T17:16:38.719+0000] {override.py:1912} INFO - Created Permission View: menu access on DAG Run:conditional_dataset_and_time_based_timetable
[2025-03-17T17:16:38.723+0000] {logging_mixin.py:190} INFO - [2025-03-17T17:16:38.722+0000] {override.py:1912} INFO - Created Permission View: can read on DAG Run:conditional_dataset_and_time_based_timetable
[2025-03-17T17:16:38.726+0000] {logging_mixin.py:190} INFO - [2025-03-17T17:16:38.726+0000] {override.py:1912} INFO - Created Permission View: can create on DAG Run:conditional_dataset_and_time_based_timetable
[2025-03-17T17:16:38.730+0000] {logging_mixin.py:190} INFO - [2025-03-17T17:16:38.730+0000] {override.py:1912} INFO - Created Permission View: can delete on DAG Run:conditional_dataset_and_time_based_timetable
[2025-03-17T17:16:38.738+0000] {logging_mixin.py:190} INFO - [2025-03-17T17:16:38.738+0000] {override.py:1912} INFO - Created Permission View: can edit on DAG:dataset_consumes_1_never_scheduled
[2025-03-17T17:16:38.743+0000] {logging_mixin.py:190} INFO - [2025-03-17T17:16:38.742+0000] {override.py:1912} INFO - Created Permission View: can read on DAG:dataset_consumes_1_never_scheduled
[2025-03-17T17:16:38.747+0000] {logging_mixin.py:190} INFO - [2025-03-17T17:16:38.746+0000] {override.py:1912} INFO - Created Permission View: can delete on DAG:dataset_consumes_1_never_scheduled
[2025-03-17T17:16:38.751+0000] {logging_mixin.py:190} INFO - [2025-03-17T17:16:38.751+0000] {override.py:1912} INFO - Created Permission View: menu access on DAG Run:dataset_consumes_1_never_scheduled
[2025-03-17T17:16:38.755+0000] {logging_mixin.py:190} INFO - [2025-03-17T17:16:38.755+0000] {override.py:1912} INFO - Created Permission View: can read on DAG Run:dataset_consumes_1_never_scheduled
[2025-03-17T17:16:38.759+0000] {logging_mixin.py:190} INFO - [2025-03-17T17:16:38.759+0000] {override.py:1912} INFO - Created Permission View: can create on DAG Run:dataset_consumes_1_never_scheduled
[2025-03-17T17:16:38.764+0000] {logging_mixin.py:190} INFO - [2025-03-17T17:16:38.763+0000] {override.py:1912} INFO - Created Permission View: can delete on DAG Run:dataset_consumes_1_never_scheduled
[2025-03-17T17:16:38.771+0000] {logging_mixin.py:190} INFO - [2025-03-17T17:16:38.771+0000] {override.py:1912} INFO - Created Permission View: can edit on DAG:dataset_produces_1
[2025-03-17T17:16:38.775+0000] {logging_mixin.py:190} INFO - [2025-03-17T17:16:38.775+0000] {override.py:1912} INFO - Created Permission View: can read on DAG:dataset_produces_1
[2025-03-17T17:16:38.779+0000] {logging_mixin.py:190} INFO - [2025-03-17T17:16:38.779+0000] {override.py:1912} INFO - Created Permission View: can delete on DAG:dataset_produces_1
[2025-03-17T17:16:38.784+0000] {logging_mixin.py:190} INFO - [2025-03-17T17:16:38.784+0000] {override.py:1912} INFO - Created Permission View: menu access on DAG Run:dataset_produces_1
[2025-03-17T17:16:38.788+0000] {logging_mixin.py:190} INFO - [2025-03-17T17:16:38.788+0000] {override.py:1912} INFO - Created Permission View: can read on DAG Run:dataset_produces_1
[2025-03-17T17:16:38.792+0000] {logging_mixin.py:190} INFO - [2025-03-17T17:16:38.792+0000] {override.py:1912} INFO - Created Permission View: can create on DAG Run:dataset_produces_1
[2025-03-17T17:16:38.796+0000] {logging_mixin.py:190} INFO - [2025-03-17T17:16:38.796+0000] {override.py:1912} INFO - Created Permission View: can delete on DAG Run:dataset_produces_1
[2025-03-17T17:16:38.804+0000] {logging_mixin.py:190} INFO - [2025-03-17T17:16:38.804+0000] {override.py:1912} INFO - Created Permission View: can edit on DAG:dataset_consumes_1_and_2
[2025-03-17T17:16:38.808+0000] {logging_mixin.py:190} INFO - [2025-03-17T17:16:38.808+0000] {override.py:1912} INFO - Created Permission View: can read on DAG:dataset_consumes_1_and_2
[2025-03-17T17:16:38.813+0000] {logging_mixin.py:190} INFO - [2025-03-17T17:16:38.812+0000] {override.py:1912} INFO - Created Permission View: can delete on DAG:dataset_consumes_1_and_2
[2025-03-17T17:16:38.818+0000] {logging_mixin.py:190} INFO - [2025-03-17T17:16:38.817+0000] {override.py:1912} INFO - Created Permission View: menu access on DAG Run:dataset_consumes_1_and_2
[2025-03-17T17:16:38.822+0000] {logging_mixin.py:190} INFO - [2025-03-17T17:16:38.821+0000] {override.py:1912} INFO - Created Permission View: can read on DAG Run:dataset_consumes_1_and_2
[2025-03-17T17:16:38.826+0000] {logging_mixin.py:190} INFO - [2025-03-17T17:16:38.825+0000] {override.py:1912} INFO - Created Permission View: can create on DAG Run:dataset_consumes_1_and_2
[2025-03-17T17:16:38.829+0000] {logging_mixin.py:190} INFO - [2025-03-17T17:16:38.829+0000] {override.py:1912} INFO - Created Permission View: can delete on DAG Run:dataset_consumes_1_and_2
[2025-03-17T17:16:38.837+0000] {logging_mixin.py:190} INFO - [2025-03-17T17:16:38.837+0000] {override.py:1912} INFO - Created Permission View: can edit on DAG:dataset_consumes_1
[2025-03-17T17:16:38.841+0000] {logging_mixin.py:190} INFO - [2025-03-17T17:16:38.841+0000] {override.py:1912} INFO - Created Permission View: can read on DAG:dataset_consumes_1
[2025-03-17T17:16:38.845+0000] {logging_mixin.py:190} INFO - [2025-03-17T17:16:38.845+0000] {override.py:1912} INFO - Created Permission View: can delete on DAG:dataset_consumes_1
[2025-03-17T17:16:38.850+0000] {logging_mixin.py:190} INFO - [2025-03-17T17:16:38.849+0000] {override.py:1912} INFO - Created Permission View: menu access on DAG Run:dataset_consumes_1
[2025-03-17T17:16:38.854+0000] {logging_mixin.py:190} INFO - [2025-03-17T17:16:38.853+0000] {override.py:1912} INFO - Created Permission View: can read on DAG Run:dataset_consumes_1
[2025-03-17T17:16:38.858+0000] {logging_mixin.py:190} INFO - [2025-03-17T17:16:38.858+0000] {override.py:1912} INFO - Created Permission View: can create on DAG Run:dataset_consumes_1
[2025-03-17T17:16:38.862+0000] {logging_mixin.py:190} INFO - [2025-03-17T17:16:38.862+0000] {override.py:1912} INFO - Created Permission View: can delete on DAG Run:dataset_consumes_1
[2025-03-17T17:16:38.869+0000] {logging_mixin.py:190} INFO - [2025-03-17T17:16:38.869+0000] {override.py:1912} INFO - Created Permission View: can edit on DAG:consume_1_or_2_with_dataset_expressions
[2025-03-17T17:16:38.873+0000] {logging_mixin.py:190} INFO - [2025-03-17T17:16:38.873+0000] {override.py:1912} INFO - Created Permission View: can read on DAG:consume_1_or_2_with_dataset_expressions
[2025-03-17T17:16:38.877+0000] {logging_mixin.py:190} INFO - [2025-03-17T17:16:38.877+0000] {override.py:1912} INFO - Created Permission View: can delete on DAG:consume_1_or_2_with_dataset_expressions
[2025-03-17T17:16:38.881+0000] {logging_mixin.py:190} INFO - [2025-03-17T17:16:38.881+0000] {override.py:1912} INFO - Created Permission View: menu access on DAG Run:consume_1_or_2_with_dataset_expressions
[2025-03-17T17:16:38.885+0000] {logging_mixin.py:190} INFO - [2025-03-17T17:16:38.885+0000] {override.py:1912} INFO - Created Permission View: can read on DAG Run:consume_1_or_2_with_dataset_expressions
[2025-03-17T17:16:38.889+0000] {logging_mixin.py:190} INFO - [2025-03-17T17:16:38.889+0000] {override.py:1912} INFO - Created Permission View: can create on DAG Run:consume_1_or_2_with_dataset_expressions
[2025-03-17T17:16:38.893+0000] {logging_mixin.py:190} INFO - [2025-03-17T17:16:38.893+0000] {override.py:1912} INFO - Created Permission View: can delete on DAG Run:consume_1_or_2_with_dataset_expressions
[2025-03-17T17:16:38.894+0000] {logging_mixin.py:190} INFO - [2025-03-17T17:16:38.894+0000] {dag.py:3239} INFO - Sync 10 DAGs
[2025-03-17T17:16:38.901+0000] {logging_mixin.py:190} INFO - [2025-03-17T17:16:38.901+0000] {dag.py:3262} INFO - Creating ORM DAG for dataset_consumes_1
[2025-03-17T17:16:38.902+0000] {logging_mixin.py:190} INFO - [2025-03-17T17:16:38.902+0000] {dag.py:3262} INFO - Creating ORM DAG for dataset_consumes_unknown_never_scheduled
[2025-03-17T17:16:38.902+0000] {logging_mixin.py:190} INFO - [2025-03-17T17:16:38.902+0000] {dag.py:3262} INFO - Creating ORM DAG for consume_1_and_2_with_dataset_expressions
[2025-03-17T17:16:38.903+0000] {logging_mixin.py:190} INFO - [2025-03-17T17:16:38.903+0000] {dag.py:3262} INFO - Creating ORM DAG for consume_1_or_2_with_dataset_expressions
[2025-03-17T17:16:38.904+0000] {logging_mixin.py:190} INFO - [2025-03-17T17:16:38.903+0000] {dag.py:3262} INFO - Creating ORM DAG for dataset_produces_2
[2025-03-17T17:16:38.904+0000] {logging_mixin.py:190} INFO - [2025-03-17T17:16:38.904+0000] {dag.py:3262} INFO - Creating ORM DAG for dataset_produces_1
[2025-03-17T17:16:38.905+0000] {logging_mixin.py:190} INFO - [2025-03-17T17:16:38.904+0000] {dag.py:3262} INFO - Creating ORM DAG for conditional_dataset_and_time_based_timetable
[2025-03-17T17:16:38.905+0000] {logging_mixin.py:190} INFO - [2025-03-17T17:16:38.905+0000] {dag.py:3262} INFO - Creating ORM DAG for consume_1_or_both_2_and_3_with_dataset_expressions
[2025-03-17T17:16:38.905+0000] {logging_mixin.py:190} INFO - [2025-03-17T17:16:38.905+0000] {dag.py:3262} INFO - Creating ORM DAG for dataset_consumes_1_never_scheduled
[2025-03-17T17:16:38.906+0000] {logging_mixin.py:190} INFO - [2025-03-17T17:16:38.906+0000] {dag.py:3262} INFO - Creating ORM DAG for dataset_consumes_1_and_2
[2025-03-17T17:16:38.913+0000] {logging_mixin.py:190} INFO - [2025-03-17T17:16:38.913+0000] {dag.py:4180} INFO - Setting next_dagrun for conditional_dataset_and_time_based_timetable to 2025-03-12 01:00:00+00:00, run_after=2025-03-12 01:00:00+00:00
[2025-03-17T17:16:38.914+0000] {logging_mixin.py:190} INFO - [2025-03-17T17:16:38.913+0000] {dag.py:4180} INFO - Setting next_dagrun for consume_1_and_2_with_dataset_expressions to None, run_after=None
[2025-03-17T17:16:38.914+0000] {logging_mixin.py:190} INFO - [2025-03-17T17:16:38.914+0000] {dag.py:4180} INFO - Setting next_dagrun for consume_1_or_2_with_dataset_expressions to None, run_after=None
[2025-03-17T17:16:38.914+0000] {logging_mixin.py:190} INFO - [2025-03-17T17:16:38.914+0000] {dag.py:4180} INFO - Setting next_dagrun for consume_1_or_both_2_and_3_with_dataset_expressions to None, run_after=None
[2025-03-17T17:16:38.915+0000] {logging_mixin.py:190} INFO - [2025-03-17T17:16:38.915+0000] {dag.py:4180} INFO - Setting next_dagrun for dataset_consumes_1 to None, run_after=None
[2025-03-17T17:16:38.915+0000] {logging_mixin.py:190} INFO - [2025-03-17T17:16:38.915+0000] {dag.py:4180} INFO - Setting next_dagrun for dataset_consumes_1_and_2 to None, run_after=None
[2025-03-17T17:16:38.916+0000] {logging_mixin.py:190} INFO - [2025-03-17T17:16:38.916+0000] {dag.py:4180} INFO - Setting next_dagrun for dataset_consumes_1_never_scheduled to None, run_after=None
[2025-03-17T17:16:38.916+0000] {logging_mixin.py:190} INFO - [2025-03-17T17:16:38.916+0000] {dag.py:4180} INFO - Setting next_dagrun for dataset_consumes_unknown_never_scheduled to None, run_after=None
[2025-03-17T17:16:38.917+0000] {logging_mixin.py:190} INFO - [2025-03-17T17:16:38.917+0000] {dag.py:4180} INFO - Setting next_dagrun for dataset_produces_1 to 2025-03-16 00:00:00+00:00, run_after=2025-03-17 00:00:00+00:00
[2025-03-17T17:16:38.918+0000] {logging_mixin.py:190} INFO - [2025-03-17T17:16:38.918+0000] {dag.py:4180} INFO - Setting next_dagrun for dataset_produces_2 to None, run_after=None
[2025-03-17T17:16:38.946+0000] {processor.py:208} INFO - Processing /home/airflow/.local/lib/python3.12/site-packages/airflow/example_dags/example_datasets.py took 0.890 seconds
[2025-03-17T17:17:09.488+0000] {processor.py:186} INFO - Started process (PID=166) to work on /home/airflow/.local/lib/python3.12/site-packages/airflow/example_dags/example_datasets.py
[2025-03-17T17:17:09.488+0000] {processor.py:914} INFO - Processing file /home/airflow/.local/lib/python3.12/site-packages/airflow/example_dags/example_datasets.py for tasks to queue
[2025-03-17T17:17:09.490+0000] {logging_mixin.py:190} INFO - [2025-03-17T17:17:09.490+0000] {dagbag.py:588} INFO - Filling up the DagBag from /home/airflow/.local/lib/python3.12/site-packages/airflow/example_dags/example_datasets.py
[2025-03-17T17:17:09.907+0000] {processor.py:925} INFO - DAG(s) 'dataset_consumes_1_never_scheduled', 'consume_1_or_2_with_dataset_expressions', 'consume_1_and_2_with_dataset_expressions', 'conditional_dataset_and_time_based_timetable', 'consume_1_or_both_2_and_3_with_dataset_expressions', 'dataset_produces_2', 'dataset_consumes_1', 'dataset_consumes_unknown_never_scheduled', 'dataset_produces_1', 'dataset_consumes_1_and_2' retrieved from /home/airflow/.local/lib/python3.12/site-packages/airflow/example_dags/example_datasets.py
[2025-03-17T17:17:09.937+0000] {logging_mixin.py:190} INFO - [2025-03-17T17:17:09.937+0000] {dag.py:3239} INFO - Sync 10 DAGs
[2025-03-17T17:17:09.955+0000] {logging_mixin.py:190} INFO - [2025-03-17T17:17:09.955+0000] {dag.py:4180} INFO - Setting next_dagrun for conditional_dataset_and_time_based_timetable to 2025-03-12 01:00:00+00:00, run_after=2025-03-12 01:00:00+00:00
[2025-03-17T17:17:09.958+0000] {logging_mixin.py:190} INFO - [2025-03-17T17:17:09.957+0000] {dag.py:4180} INFO - Setting next_dagrun for consume_1_and_2_with_dataset_expressions to None, run_after=None
[2025-03-17T17:17:09.959+0000] {logging_mixin.py:190} INFO - [2025-03-17T17:17:09.959+0000] {dag.py:4180} INFO - Setting next_dagrun for consume_1_or_2_with_dataset_expressions to None, run_after=None
[2025-03-17T17:17:09.960+0000] {logging_mixin.py:190} INFO - [2025-03-17T17:17:09.960+0000] {dag.py:4180} INFO - Setting next_dagrun for consume_1_or_both_2_and_3_with_dataset_expressions to None, run_after=None
[2025-03-17T17:17:09.961+0000] {logging_mixin.py:190} INFO - [2025-03-17T17:17:09.961+0000] {dag.py:4180} INFO - Setting next_dagrun for dataset_consumes_1 to None, run_after=None
[2025-03-17T17:17:09.962+0000] {logging_mixin.py:190} INFO - [2025-03-17T17:17:09.962+0000] {dag.py:4180} INFO - Setting next_dagrun for dataset_consumes_1_and_2 to None, run_after=None
[2025-03-17T17:17:09.962+0000] {logging_mixin.py:190} INFO - [2025-03-17T17:17:09.962+0000] {dag.py:4180} INFO - Setting next_dagrun for dataset_consumes_1_never_scheduled to None, run_after=None
[2025-03-17T17:17:09.963+0000] {logging_mixin.py:190} INFO - [2025-03-17T17:17:09.963+0000] {dag.py:4180} INFO - Setting next_dagrun for dataset_consumes_unknown_never_scheduled to None, run_after=None
[2025-03-17T17:17:09.965+0000] {logging_mixin.py:190} INFO - [2025-03-17T17:17:09.965+0000] {dag.py:4180} INFO - Setting next_dagrun for dataset_produces_1 to 2025-03-16 00:00:00+00:00, run_after=2025-03-17 00:00:00+00:00
[2025-03-17T17:17:09.966+0000] {logging_mixin.py:190} INFO - [2025-03-17T17:17:09.966+0000] {dag.py:4180} INFO - Setting next_dagrun for dataset_produces_2 to None, run_after=None
[2025-03-17T17:17:09.987+0000] {processor.py:208} INFO - Processing /home/airflow/.local/lib/python3.12/site-packages/airflow/example_dags/example_datasets.py took 0.503 seconds
[2025-03-17T17:17:40.975+0000] {processor.py:186} INFO - Started process (PID=227) to work on /home/airflow/.local/lib/python3.12/site-packages/airflow/example_dags/example_datasets.py
[2025-03-17T17:17:40.975+0000] {processor.py:914} INFO - Processing file /home/airflow/.local/lib/python3.12/site-packages/airflow/example_dags/example_datasets.py for tasks to queue
[2025-03-17T17:17:40.977+0000] {logging_mixin.py:190} INFO - [2025-03-17T17:17:40.976+0000] {dagbag.py:588} INFO - Filling up the DagBag from /home/airflow/.local/lib/python3.12/site-packages/airflow/example_dags/example_datasets.py
[2025-03-17T17:17:41.366+0000] {processor.py:925} INFO - DAG(s) 'consume_1_or_2_with_dataset_expressions', 'consume_1_and_2_with_dataset_expressions', 'conditional_dataset_and_time_based_timetable', 'dataset_consumes_unknown_never_scheduled', 'dataset_consumes_1_and_2', 'dataset_consumes_1', 'dataset_consumes_1_never_scheduled', 'dataset_produces_1', 'consume_1_or_both_2_and_3_with_dataset_expressions', 'dataset_produces_2' retrieved from /home/airflow/.local/lib/python3.12/site-packages/airflow/example_dags/example_datasets.py
[2025-03-17T17:17:41.395+0000] {logging_mixin.py:190} INFO - [2025-03-17T17:17:41.395+0000] {dag.py:3239} INFO - Sync 10 DAGs
[2025-03-17T17:17:41.412+0000] {logging_mixin.py:190} INFO - [2025-03-17T17:17:41.412+0000] {dag.py:4180} INFO - Setting next_dagrun for conditional_dataset_and_time_based_timetable to 2025-03-12 01:00:00+00:00, run_after=2025-03-12 01:00:00+00:00
[2025-03-17T17:17:41.414+0000] {logging_mixin.py:190} INFO - [2025-03-17T17:17:41.414+0000] {dag.py:4180} INFO - Setting next_dagrun for consume_1_and_2_with_dataset_expressions to None, run_after=None
[2025-03-17T17:17:41.415+0000] {logging_mixin.py:190} INFO - [2025-03-17T17:17:41.415+0000] {dag.py:4180} INFO - Setting next_dagrun for consume_1_or_2_with_dataset_expressions to None, run_after=None
[2025-03-17T17:17:41.416+0000] {logging_mixin.py:190} INFO - [2025-03-17T17:17:41.416+0000] {dag.py:4180} INFO - Setting next_dagrun for consume_1_or_both_2_and_3_with_dataset_expressions to None, run_after=None
[2025-03-17T17:17:41.417+0000] {logging_mixin.py:190} INFO - [2025-03-17T17:17:41.416+0000] {dag.py:4180} INFO - Setting next_dagrun for dataset_consumes_1 to None, run_after=None
[2025-03-17T17:17:41.417+0000] {logging_mixin.py:190} INFO - [2025-03-17T17:17:41.417+0000] {dag.py:4180} INFO - Setting next_dagrun for dataset_consumes_1_and_2 to None, run_after=None
[2025-03-17T17:17:41.418+0000] {logging_mixin.py:190} INFO - [2025-03-17T17:17:41.418+0000] {dag.py:4180} INFO - Setting next_dagrun for dataset_consumes_1_never_scheduled to None, run_after=None
[2025-03-17T17:17:41.419+0000] {logging_mixin.py:190} INFO - [2025-03-17T17:17:41.419+0000] {dag.py:4180} INFO - Setting next_dagrun for dataset_consumes_unknown_never_scheduled to None, run_after=None
[2025-03-17T17:17:41.421+0000] {logging_mixin.py:190} INFO - [2025-03-17T17:17:41.421+0000] {dag.py:4180} INFO - Setting next_dagrun for dataset_produces_1 to 2025-03-16 00:00:00+00:00, run_after=2025-03-17 00:00:00+00:00
[2025-03-17T17:17:41.422+0000] {logging_mixin.py:190} INFO - [2025-03-17T17:17:41.422+0000] {dag.py:4180} INFO - Setting next_dagrun for dataset_produces_2 to None, run_after=None
[2025-03-17T17:17:41.441+0000] {processor.py:208} INFO - Processing /home/airflow/.local/lib/python3.12/site-packages/airflow/example_dags/example_datasets.py took 0.470 seconds
