[2025-03-17T17:16:39.756+0000] {processor.py:186} INFO - Started process (PID=114) to work on /home/airflow/.local/lib/python3.12/site-packages/airflow/example_dags/example_short_circuit_decorator.py
[2025-03-17T17:16:39.757+0000] {processor.py:914} INFO - Processing file /home/airflow/.local/lib/python3.12/site-packages/airflow/example_dags/example_short_circuit_decorator.py for tasks to queue
[2025-03-17T17:16:39.759+0000] {logging_mixin.py:190} INFO - [2025-03-17T17:16:39.759+0000] {dagbag.py:588} INFO - Filling up the DagBag from /home/airflow/.local/lib/python3.12/site-packages/airflow/example_dags/example_short_circuit_decorator.py
[2025-03-17T17:16:39.766+0000] {processor.py:925} INFO - DAG(s) 'example_short_circuit_decorator' retrieved from /home/airflow/.local/lib/python3.12/site-packages/airflow/example_dags/example_short_circuit_decorator.py
[2025-03-17T17:16:39.839+0000] {logging_mixin.py:190} INFO - [2025-03-17T17:16:39.839+0000] {override.py:1912} INFO - Created Permission View: can edit on DAG:example_short_circuit_decorator
[2025-03-17T17:16:39.846+0000] {logging_mixin.py:190} INFO - [2025-03-17T17:16:39.846+0000] {override.py:1912} INFO - Created Permission View: can read on DAG:example_short_circuit_decorator
[2025-03-17T17:16:39.850+0000] {logging_mixin.py:190} INFO - [2025-03-17T17:16:39.850+0000] {override.py:1912} INFO - Created Permission View: can delete on DAG:example_short_circuit_decorator
[2025-03-17T17:16:39.855+0000] {logging_mixin.py:190} INFO - [2025-03-17T17:16:39.855+0000] {override.py:1912} INFO - Created Permission View: menu access on DAG Run:example_short_circuit_decorator
[2025-03-17T17:16:39.859+0000] {logging_mixin.py:190} INFO - [2025-03-17T17:16:39.859+0000] {override.py:1912} INFO - Created Permission View: can read on DAG Run:example_short_circuit_decorator
[2025-03-17T17:16:39.863+0000] {logging_mixin.py:190} INFO - [2025-03-17T17:16:39.863+0000] {override.py:1912} INFO - Created Permission View: can create on DAG Run:example_short_circuit_decorator
[2025-03-17T17:16:39.867+0000] {logging_mixin.py:190} INFO - [2025-03-17T17:16:39.867+0000] {override.py:1912} INFO - Created Permission View: can delete on DAG Run:example_short_circuit_decorator
[2025-03-17T17:16:39.867+0000] {logging_mixin.py:190} INFO - [2025-03-17T17:16:39.867+0000] {dag.py:3239} INFO - Sync 1 DAGs
[2025-03-17T17:16:39.878+0000] {logging_mixin.py:190} INFO - [2025-03-17T17:16:39.878+0000] {dag.py:3262} INFO - Creating ORM DAG for example_short_circuit_decorator
[2025-03-17T17:16:39.878+0000] {logging_mixin.py:190} INFO - [2025-03-17T17:16:39.878+0000] {dag.py:4180} INFO - Setting next_dagrun for example_short_circuit_decorator to None, run_after=None
[2025-03-17T17:16:39.889+0000] {processor.py:208} INFO - Processing /home/airflow/.local/lib/python3.12/site-packages/airflow/example_dags/example_short_circuit_decorator.py took 0.137 seconds
[2025-03-17T17:17:10.152+0000] {processor.py:186} INFO - Started process (PID=177) to work on /home/airflow/.local/lib/python3.12/site-packages/airflow/example_dags/example_short_circuit_decorator.py
[2025-03-17T17:17:10.153+0000] {processor.py:914} INFO - Processing file /home/airflow/.local/lib/python3.12/site-packages/airflow/example_dags/example_short_circuit_decorator.py for tasks to queue
[2025-03-17T17:17:10.155+0000] {logging_mixin.py:190} INFO - [2025-03-17T17:17:10.154+0000] {dagbag.py:588} INFO - Filling up the DagBag from /home/airflow/.local/lib/python3.12/site-packages/airflow/example_dags/example_short_circuit_decorator.py
[2025-03-17T17:17:10.161+0000] {processor.py:925} INFO - DAG(s) 'example_short_circuit_decorator' retrieved from /home/airflow/.local/lib/python3.12/site-packages/airflow/example_dags/example_short_circuit_decorator.py
[2025-03-17T17:17:10.177+0000] {logging_mixin.py:190} INFO - [2025-03-17T17:17:10.177+0000] {dag.py:3239} INFO - Sync 1 DAGs
[2025-03-17T17:17:10.187+0000] {logging_mixin.py:190} INFO - [2025-03-17T17:17:10.187+0000] {dag.py:4180} INFO - Setting next_dagrun for example_short_circuit_decorator to None, run_after=None
[2025-03-17T17:17:10.199+0000] {processor.py:208} INFO - Processing /home/airflow/.local/lib/python3.12/site-packages/airflow/example_dags/example_short_circuit_decorator.py took 0.050 seconds
[2025-03-17T17:17:41.631+0000] {processor.py:186} INFO - Started process (PID=240) to work on /home/airflow/.local/lib/python3.12/site-packages/airflow/example_dags/example_short_circuit_decorator.py
[2025-03-17T17:17:41.632+0000] {processor.py:914} INFO - Processing file /home/airflow/.local/lib/python3.12/site-packages/airflow/example_dags/example_short_circuit_decorator.py for tasks to queue
[2025-03-17T17:17:41.633+0000] {logging_mixin.py:190} INFO - [2025-03-17T17:17:41.633+0000] {dagbag.py:588} INFO - Filling up the DagBag from /home/airflow/.local/lib/python3.12/site-packages/airflow/example_dags/example_short_circuit_decorator.py
[2025-03-17T17:17:41.640+0000] {processor.py:925} INFO - DAG(s) 'example_short_circuit_decorator' retrieved from /home/airflow/.local/lib/python3.12/site-packages/airflow/example_dags/example_short_circuit_decorator.py
[2025-03-17T17:17:41.654+0000] {logging_mixin.py:190} INFO - [2025-03-17T17:17:41.654+0000] {dag.py:3239} INFO - Sync 1 DAGs
[2025-03-17T17:17:41.664+0000] {logging_mixin.py:190} INFO - [2025-03-17T17:17:41.663+0000] {dag.py:4180} INFO - Setting next_dagrun for example_short_circuit_decorator to None, run_after=None
[2025-03-17T17:17:41.675+0000] {processor.py:208} INFO - Processing /home/airflow/.local/lib/python3.12/site-packages/airflow/example_dags/example_short_circuit_decorator.py took 0.047 seconds
