[2025-03-17T17:16:38.818+0000] {processor.py:186} INFO - Started process (PID=104) to work on /home/airflow/.local/lib/python3.12/site-packages/airflow/example_dags/example_sensors.py
[2025-03-17T17:16:38.818+0000] {processor.py:914} INFO - Processing file /home/airflow/.local/lib/python3.12/site-packages/airflow/example_dags/example_sensors.py for tasks to queue
[2025-03-17T17:16:38.819+0000] {logging_mixin.py:190} INFO - [2025-03-17T17:16:38.819+0000] {dagbag.py:588} INFO - Filling up the DagBag from /home/airflow/.local/lib/python3.12/site-packages/airflow/example_dags/example_sensors.py
[2025-03-17T17:16:38.828+0000] {processor.py:925} INFO - DAG(s) 'example_sensors' retrieved from /home/airflow/.local/lib/python3.12/site-packages/airflow/example_dags/example_sensors.py
[2025-03-17T17:16:38.898+0000] {logging_mixin.py:190} INFO - [2025-03-17T17:16:38.898+0000] {override.py:1912} INFO - Created Permission View: can edit on DAG:example_sensors
[2025-03-17T17:16:38.905+0000] {logging_mixin.py:190} INFO - [2025-03-17T17:16:38.905+0000] {override.py:1912} INFO - Created Permission View: can read on DAG:example_sensors
[2025-03-17T17:16:38.909+0000] {logging_mixin.py:190} INFO - [2025-03-17T17:16:38.908+0000] {override.py:1912} INFO - Created Permission View: can delete on DAG:example_sensors
[2025-03-17T17:16:38.913+0000] {logging_mixin.py:190} INFO - [2025-03-17T17:16:38.913+0000] {override.py:1912} INFO - Created Permission View: menu access on DAG Run:example_sensors
[2025-03-17T17:16:38.917+0000] {logging_mixin.py:190} INFO - [2025-03-17T17:16:38.917+0000] {override.py:1912} INFO - Created Permission View: can read on DAG Run:example_sensors
[2025-03-17T17:16:38.921+0000] {logging_mixin.py:190} INFO - [2025-03-17T17:16:38.921+0000] {override.py:1912} INFO - Created Permission View: can create on DAG Run:example_sensors
[2025-03-17T17:16:38.925+0000] {logging_mixin.py:190} INFO - [2025-03-17T17:16:38.925+0000] {override.py:1912} INFO - Created Permission View: can delete on DAG Run:example_sensors
[2025-03-17T17:16:38.925+0000] {logging_mixin.py:190} INFO - [2025-03-17T17:16:38.925+0000] {dag.py:3239} INFO - Sync 1 DAGs
[2025-03-17T17:16:38.933+0000] {logging_mixin.py:190} INFO - [2025-03-17T17:16:38.933+0000] {dag.py:3262} INFO - Creating ORM DAG for example_sensors
[2025-03-17T17:16:38.933+0000] {logging_mixin.py:190} INFO - [2025-03-17T17:16:38.933+0000] {dag.py:4180} INFO - Setting next_dagrun for example_sensors to None, run_after=None
[2025-03-17T17:16:38.944+0000] {processor.py:208} INFO - Processing /home/airflow/.local/lib/python3.12/site-packages/airflow/example_dags/example_sensors.py took 0.130 seconds
[2025-03-17T17:17:09.543+0000] {processor.py:186} INFO - Started process (PID=167) to work on /home/airflow/.local/lib/python3.12/site-packages/airflow/example_dags/example_sensors.py
[2025-03-17T17:17:09.544+0000] {processor.py:914} INFO - Processing file /home/airflow/.local/lib/python3.12/site-packages/airflow/example_dags/example_sensors.py for tasks to queue
[2025-03-17T17:17:09.545+0000] {logging_mixin.py:190} INFO - [2025-03-17T17:17:09.545+0000] {dagbag.py:588} INFO - Filling up the DagBag from /home/airflow/.local/lib/python3.12/site-packages/airflow/example_dags/example_sensors.py
[2025-03-17T17:17:09.553+0000] {processor.py:925} INFO - DAG(s) 'example_sensors' retrieved from /home/airflow/.local/lib/python3.12/site-packages/airflow/example_dags/example_sensors.py
[2025-03-17T17:17:09.570+0000] {logging_mixin.py:190} INFO - [2025-03-17T17:17:09.570+0000] {dag.py:3239} INFO - Sync 1 DAGs
[2025-03-17T17:17:09.579+0000] {logging_mixin.py:190} INFO - [2025-03-17T17:17:09.579+0000] {dag.py:4180} INFO - Setting next_dagrun for example_sensors to None, run_after=None
[2025-03-17T17:17:09.590+0000] {processor.py:208} INFO - Processing /home/airflow/.local/lib/python3.12/site-packages/airflow/example_dags/example_sensors.py took 0.051 seconds
[2025-03-17T17:17:41.110+0000] {processor.py:186} INFO - Started process (PID=230) to work on /home/airflow/.local/lib/python3.12/site-packages/airflow/example_dags/example_sensors.py
[2025-03-17T17:17:41.110+0000] {processor.py:914} INFO - Processing file /home/airflow/.local/lib/python3.12/site-packages/airflow/example_dags/example_sensors.py for tasks to queue
[2025-03-17T17:17:41.112+0000] {logging_mixin.py:190} INFO - [2025-03-17T17:17:41.112+0000] {dagbag.py:588} INFO - Filling up the DagBag from /home/airflow/.local/lib/python3.12/site-packages/airflow/example_dags/example_sensors.py
[2025-03-17T17:17:41.119+0000] {processor.py:925} INFO - DAG(s) 'example_sensors' retrieved from /home/airflow/.local/lib/python3.12/site-packages/airflow/example_dags/example_sensors.py
[2025-03-17T17:17:41.136+0000] {logging_mixin.py:190} INFO - [2025-03-17T17:17:41.136+0000] {dag.py:3239} INFO - Sync 1 DAGs
[2025-03-17T17:17:41.145+0000] {logging_mixin.py:190} INFO - [2025-03-17T17:17:41.145+0000] {dag.py:4180} INFO - Setting next_dagrun for example_sensors to None, run_after=None
[2025-03-17T17:17:41.157+0000] {processor.py:208} INFO - Processing /home/airflow/.local/lib/python3.12/site-packages/airflow/example_dags/example_sensors.py took 0.051 seconds
