[2025-03-17T17:16:34.927+0000] {processor.py:186} INFO - Started process (PID=67) to work on /home/airflow/.local/lib/python3.12/site-packages/airflow/example_dags/example_short_circuit_operator.py
[2025-03-17T17:16:34.927+0000] {processor.py:914} INFO - Processing file /home/airflow/.local/lib/python3.12/site-packages/airflow/example_dags/example_short_circuit_operator.py for tasks to queue
[2025-03-17T17:16:34.929+0000] {logging_mixin.py:190} INFO - [2025-03-17T17:16:34.929+0000] {dagbag.py:588} INFO - Filling up the DagBag from /home/airflow/.local/lib/python3.12/site-packages/airflow/example_dags/example_short_circuit_operator.py
[2025-03-17T17:16:34.935+0000] {processor.py:925} INFO - DAG(s) 'example_short_circuit_operator' retrieved from /home/airflow/.local/lib/python3.12/site-packages/airflow/example_dags/example_short_circuit_operator.py
[2025-03-17T17:16:35.010+0000] {logging_mixin.py:190} INFO - [2025-03-17T17:16:35.009+0000] {override.py:1912} INFO - Created Permission View: can edit on DAG:example_short_circuit_operator
[2025-03-17T17:16:35.016+0000] {logging_mixin.py:190} INFO - [2025-03-17T17:16:35.016+0000] {override.py:1912} INFO - Created Permission View: can read on DAG:example_short_circuit_operator
[2025-03-17T17:16:35.021+0000] {logging_mixin.py:190} INFO - [2025-03-17T17:16:35.020+0000] {override.py:1912} INFO - Created Permission View: can delete on DAG:example_short_circuit_operator
[2025-03-17T17:16:35.025+0000] {logging_mixin.py:190} INFO - [2025-03-17T17:16:35.025+0000] {override.py:1912} INFO - Created Permission View: menu access on DAG Run:example_short_circuit_operator
[2025-03-17T17:16:35.029+0000] {logging_mixin.py:190} INFO - [2025-03-17T17:16:35.029+0000] {override.py:1912} INFO - Created Permission View: can read on DAG Run:example_short_circuit_operator
[2025-03-17T17:16:35.034+0000] {logging_mixin.py:190} INFO - [2025-03-17T17:16:35.033+0000] {override.py:1912} INFO - Created Permission View: can create on DAG Run:example_short_circuit_operator
[2025-03-17T17:16:35.038+0000] {logging_mixin.py:190} INFO - [2025-03-17T17:16:35.037+0000] {override.py:1912} INFO - Created Permission View: can delete on DAG Run:example_short_circuit_operator
[2025-03-17T17:16:35.038+0000] {logging_mixin.py:190} INFO - [2025-03-17T17:16:35.038+0000] {dag.py:3239} INFO - Sync 1 DAGs
[2025-03-17T17:16:35.047+0000] {logging_mixin.py:190} INFO - [2025-03-17T17:16:35.047+0000] {dag.py:3262} INFO - Creating ORM DAG for example_short_circuit_operator
[2025-03-17T17:16:35.047+0000] {logging_mixin.py:190} INFO - [2025-03-17T17:16:35.047+0000] {dag.py:4180} INFO - Setting next_dagrun for example_short_circuit_operator to None, run_after=None
[2025-03-17T17:16:35.057+0000] {processor.py:208} INFO - Processing /home/airflow/.local/lib/python3.12/site-packages/airflow/example_dags/example_short_circuit_operator.py took 0.134 seconds
[2025-03-17T17:17:05.652+0000] {processor.py:186} INFO - Started process (PID=130) to work on /home/airflow/.local/lib/python3.12/site-packages/airflow/example_dags/example_short_circuit_operator.py
[2025-03-17T17:17:05.652+0000] {processor.py:914} INFO - Processing file /home/airflow/.local/lib/python3.12/site-packages/airflow/example_dags/example_short_circuit_operator.py for tasks to queue
[2025-03-17T17:17:05.654+0000] {logging_mixin.py:190} INFO - [2025-03-17T17:17:05.654+0000] {dagbag.py:588} INFO - Filling up the DagBag from /home/airflow/.local/lib/python3.12/site-packages/airflow/example_dags/example_short_circuit_operator.py
[2025-03-17T17:17:05.659+0000] {processor.py:925} INFO - DAG(s) 'example_short_circuit_operator' retrieved from /home/airflow/.local/lib/python3.12/site-packages/airflow/example_dags/example_short_circuit_operator.py
[2025-03-17T17:17:05.674+0000] {logging_mixin.py:190} INFO - [2025-03-17T17:17:05.674+0000] {dag.py:3239} INFO - Sync 1 DAGs
[2025-03-17T17:17:05.682+0000] {logging_mixin.py:190} INFO - [2025-03-17T17:17:05.682+0000] {dag.py:4180} INFO - Setting next_dagrun for example_short_circuit_operator to None, run_after=None
[2025-03-17T17:17:05.694+0000] {processor.py:208} INFO - Processing /home/airflow/.local/lib/python3.12/site-packages/airflow/example_dags/example_short_circuit_operator.py took 0.046 seconds
[2025-03-17T17:17:35.964+0000] {processor.py:186} INFO - Started process (PID=193) to work on /home/airflow/.local/lib/python3.12/site-packages/airflow/example_dags/example_short_circuit_operator.py
[2025-03-17T17:17:35.965+0000] {processor.py:914} INFO - Processing file /home/airflow/.local/lib/python3.12/site-packages/airflow/example_dags/example_short_circuit_operator.py for tasks to queue
[2025-03-17T17:17:35.967+0000] {logging_mixin.py:190} INFO - [2025-03-17T17:17:35.966+0000] {dagbag.py:588} INFO - Filling up the DagBag from /home/airflow/.local/lib/python3.12/site-packages/airflow/example_dags/example_short_circuit_operator.py
[2025-03-17T17:17:35.972+0000] {processor.py:925} INFO - DAG(s) 'example_short_circuit_operator' retrieved from /home/airflow/.local/lib/python3.12/site-packages/airflow/example_dags/example_short_circuit_operator.py
[2025-03-17T17:17:35.988+0000] {logging_mixin.py:190} INFO - [2025-03-17T17:17:35.987+0000] {dag.py:3239} INFO - Sync 1 DAGs
[2025-03-17T17:17:35.998+0000] {logging_mixin.py:190} INFO - [2025-03-17T17:17:35.998+0000] {dag.py:4180} INFO - Setting next_dagrun for example_short_circuit_operator to None, run_after=None
[2025-03-17T17:17:36.013+0000] {processor.py:208} INFO - Processing /home/airflow/.local/lib/python3.12/site-packages/airflow/example_dags/example_short_circuit_operator.py took 0.052 seconds
