[2025-03-17T17:16:34.635+0000] {processor.py:186} INFO - Started process (PID=64) to work on /home/airflow/.local/lib/python3.12/site-packages/airflow/example_dags/example_params_ui_tutorial.py
[2025-03-17T17:16:34.636+0000] {processor.py:914} INFO - Processing file /home/airflow/.local/lib/python3.12/site-packages/airflow/example_dags/example_params_ui_tutorial.py for tasks to queue
[2025-03-17T17:16:34.637+0000] {logging_mixin.py:190} INFO - [2025-03-17T17:16:34.637+0000] {dagbag.py:588} INFO - Filling up the DagBag from /home/airflow/.local/lib/python3.12/site-packages/airflow/example_dags/example_params_ui_tutorial.py
[2025-03-17T17:16:34.646+0000] {processor.py:925} INFO - DAG(s) 'example_params_ui_tutorial' retrieved from /home/airflow/.local/lib/python3.12/site-packages/airflow/example_dags/example_params_ui_tutorial.py
[2025-03-17T17:16:34.731+0000] {logging_mixin.py:190} INFO - [2025-03-17T17:16:34.731+0000] {override.py:1912} INFO - Created Permission View: can edit on DAG:example_params_ui_tutorial
[2025-03-17T17:16:34.738+0000] {logging_mixin.py:190} INFO - [2025-03-17T17:16:34.738+0000] {override.py:1912} INFO - Created Permission View: can read on DAG:example_params_ui_tutorial
[2025-03-17T17:16:34.742+0000] {logging_mixin.py:190} INFO - [2025-03-17T17:16:34.742+0000] {override.py:1912} INFO - Created Permission View: can delete on DAG:example_params_ui_tutorial
[2025-03-17T17:16:34.747+0000] {logging_mixin.py:190} INFO - [2025-03-17T17:16:34.747+0000] {override.py:1912} INFO - Created Permission View: menu access on DAG Run:example_params_ui_tutorial
[2025-03-17T17:16:34.751+0000] {logging_mixin.py:190} INFO - [2025-03-17T17:16:34.750+0000] {override.py:1912} INFO - Created Permission View: can read on DAG Run:example_params_ui_tutorial
[2025-03-17T17:16:34.755+0000] {logging_mixin.py:190} INFO - [2025-03-17T17:16:34.755+0000] {override.py:1912} INFO - Created Permission View: can create on DAG Run:example_params_ui_tutorial
[2025-03-17T17:16:34.759+0000] {logging_mixin.py:190} INFO - [2025-03-17T17:16:34.759+0000] {override.py:1912} INFO - Created Permission View: can delete on DAG Run:example_params_ui_tutorial
[2025-03-17T17:16:34.760+0000] {logging_mixin.py:190} INFO - [2025-03-17T17:16:34.759+0000] {dag.py:3239} INFO - Sync 1 DAGs
[2025-03-17T17:16:34.767+0000] {logging_mixin.py:190} INFO - [2025-03-17T17:16:34.767+0000] {dag.py:3262} INFO - Creating ORM DAG for example_params_ui_tutorial
[2025-03-17T17:16:34.768+0000] {logging_mixin.py:190} INFO - [2025-03-17T17:16:34.768+0000] {dag.py:4180} INFO - Setting next_dagrun for example_params_ui_tutorial to None, run_after=None
[2025-03-17T17:16:34.780+0000] {processor.py:208} INFO - Processing /home/airflow/.local/lib/python3.12/site-packages/airflow/example_dags/example_params_ui_tutorial.py took 0.148 seconds
[2025-03-17T17:17:05.411+0000] {processor.py:186} INFO - Started process (PID=127) to work on /home/airflow/.local/lib/python3.12/site-packages/airflow/example_dags/example_params_ui_tutorial.py
[2025-03-17T17:17:05.412+0000] {processor.py:914} INFO - Processing file /home/airflow/.local/lib/python3.12/site-packages/airflow/example_dags/example_params_ui_tutorial.py for tasks to queue
[2025-03-17T17:17:05.413+0000] {logging_mixin.py:190} INFO - [2025-03-17T17:17:05.413+0000] {dagbag.py:588} INFO - Filling up the DagBag from /home/airflow/.local/lib/python3.12/site-packages/airflow/example_dags/example_params_ui_tutorial.py
[2025-03-17T17:17:05.420+0000] {processor.py:925} INFO - DAG(s) 'example_params_ui_tutorial' retrieved from /home/airflow/.local/lib/python3.12/site-packages/airflow/example_dags/example_params_ui_tutorial.py
[2025-03-17T17:17:05.451+0000] {logging_mixin.py:190} INFO - [2025-03-17T17:17:05.451+0000] {dag.py:3239} INFO - Sync 1 DAGs
[2025-03-17T17:17:05.461+0000] {logging_mixin.py:190} INFO - [2025-03-17T17:17:05.461+0000] {dag.py:4180} INFO - Setting next_dagrun for example_params_ui_tutorial to None, run_after=None
[2025-03-17T17:17:05.474+0000] {processor.py:208} INFO - Processing /home/airflow/.local/lib/python3.12/site-packages/airflow/example_dags/example_params_ui_tutorial.py took 0.066 seconds
[2025-03-17T17:17:35.686+0000] {processor.py:186} INFO - Started process (PID=189) to work on /home/airflow/.local/lib/python3.12/site-packages/airflow/example_dags/example_params_ui_tutorial.py
[2025-03-17T17:17:35.687+0000] {processor.py:914} INFO - Processing file /home/airflow/.local/lib/python3.12/site-packages/airflow/example_dags/example_params_ui_tutorial.py for tasks to queue
[2025-03-17T17:17:35.689+0000] {logging_mixin.py:190} INFO - [2025-03-17T17:17:35.689+0000] {dagbag.py:588} INFO - Filling up the DagBag from /home/airflow/.local/lib/python3.12/site-packages/airflow/example_dags/example_params_ui_tutorial.py
[2025-03-17T17:17:35.695+0000] {processor.py:925} INFO - DAG(s) 'example_params_ui_tutorial' retrieved from /home/airflow/.local/lib/python3.12/site-packages/airflow/example_dags/example_params_ui_tutorial.py
[2025-03-17T17:17:35.727+0000] {logging_mixin.py:190} INFO - [2025-03-17T17:17:35.726+0000] {dag.py:3239} INFO - Sync 1 DAGs
[2025-03-17T17:17:35.737+0000] {logging_mixin.py:190} INFO - [2025-03-17T17:17:35.737+0000] {dag.py:4180} INFO - Setting next_dagrun for example_params_ui_tutorial to None, run_after=None
[2025-03-17T17:17:35.750+0000] {processor.py:208} INFO - Processing /home/airflow/.local/lib/python3.12/site-packages/airflow/example_dags/example_params_ui_tutorial.py took 0.067 seconds
