[2025-03-17T17:16:35.085+0000] {processor.py:186} INFO - Started process (PID=69) to work on /home/airflow/.local/lib/python3.12/site-packages/airflow/example_dags/example_params_trigger_ui.py
[2025-03-17T17:16:35.086+0000] {processor.py:914} INFO - Processing file /home/airflow/.local/lib/python3.12/site-packages/airflow/example_dags/example_params_trigger_ui.py for tasks to queue
[2025-03-17T17:16:35.088+0000] {logging_mixin.py:190} INFO - [2025-03-17T17:16:35.088+0000] {dagbag.py:588} INFO - Filling up the DagBag from /home/airflow/.local/lib/python3.12/site-packages/airflow/example_dags/example_params_trigger_ui.py
[2025-03-17T17:16:35.100+0000] {processor.py:925} INFO - DAG(s) 'example_params_trigger_ui' retrieved from /home/airflow/.local/lib/python3.12/site-packages/airflow/example_dags/example_params_trigger_ui.py
[2025-03-17T17:16:35.195+0000] {logging_mixin.py:190} INFO - [2025-03-17T17:16:35.195+0000] {override.py:1912} INFO - Created Permission View: can edit on DAG:example_params_trigger_ui
[2025-03-17T17:16:35.202+0000] {logging_mixin.py:190} INFO - [2025-03-17T17:16:35.202+0000] {override.py:1912} INFO - Created Permission View: can read on DAG:example_params_trigger_ui
[2025-03-17T17:16:35.207+0000] {logging_mixin.py:190} INFO - [2025-03-17T17:16:35.207+0000] {override.py:1912} INFO - Created Permission View: can delete on DAG:example_params_trigger_ui
[2025-03-17T17:16:35.211+0000] {logging_mixin.py:190} INFO - [2025-03-17T17:16:35.211+0000] {override.py:1912} INFO - Created Permission View: menu access on DAG Run:example_params_trigger_ui
[2025-03-17T17:16:35.216+0000] {logging_mixin.py:190} INFO - [2025-03-17T17:16:35.215+0000] {override.py:1912} INFO - Created Permission View: can read on DAG Run:example_params_trigger_ui
[2025-03-17T17:16:35.219+0000] {logging_mixin.py:190} INFO - [2025-03-17T17:16:35.219+0000] {override.py:1912} INFO - Created Permission View: can create on DAG Run:example_params_trigger_ui
[2025-03-17T17:16:35.223+0000] {logging_mixin.py:190} INFO - [2025-03-17T17:16:35.223+0000] {override.py:1912} INFO - Created Permission View: can delete on DAG Run:example_params_trigger_ui
[2025-03-17T17:16:35.224+0000] {logging_mixin.py:190} INFO - [2025-03-17T17:16:35.224+0000] {dag.py:3239} INFO - Sync 1 DAGs
[2025-03-17T17:16:35.234+0000] {logging_mixin.py:190} INFO - [2025-03-17T17:16:35.234+0000] {dag.py:3262} INFO - Creating ORM DAG for example_params_trigger_ui
[2025-03-17T17:16:35.235+0000] {logging_mixin.py:190} INFO - [2025-03-17T17:16:35.234+0000] {dag.py:4180} INFO - Setting next_dagrun for example_params_trigger_ui to None, run_after=None
[2025-03-17T17:16:35.246+0000] {processor.py:208} INFO - Processing /home/airflow/.local/lib/python3.12/site-packages/airflow/example_dags/example_params_trigger_ui.py took 0.165 seconds
[2025-03-17T17:17:05.720+0000] {processor.py:186} INFO - Started process (PID=132) to work on /home/airflow/.local/lib/python3.12/site-packages/airflow/example_dags/example_params_trigger_ui.py
[2025-03-17T17:17:05.720+0000] {processor.py:914} INFO - Processing file /home/airflow/.local/lib/python3.12/site-packages/airflow/example_dags/example_params_trigger_ui.py for tasks to queue
[2025-03-17T17:17:05.722+0000] {logging_mixin.py:190} INFO - [2025-03-17T17:17:05.721+0000] {dagbag.py:588} INFO - Filling up the DagBag from /home/airflow/.local/lib/python3.12/site-packages/airflow/example_dags/example_params_trigger_ui.py
[2025-03-17T17:17:05.728+0000] {processor.py:925} INFO - DAG(s) 'example_params_trigger_ui' retrieved from /home/airflow/.local/lib/python3.12/site-packages/airflow/example_dags/example_params_trigger_ui.py
[2025-03-17T17:17:05.756+0000] {logging_mixin.py:190} INFO - [2025-03-17T17:17:05.756+0000] {dag.py:3239} INFO - Sync 1 DAGs
[2025-03-17T17:17:05.766+0000] {logging_mixin.py:190} INFO - [2025-03-17T17:17:05.766+0000] {dag.py:4180} INFO - Setting next_dagrun for example_params_trigger_ui to None, run_after=None
[2025-03-17T17:17:05.778+0000] {processor.py:208} INFO - Processing /home/airflow/.local/lib/python3.12/site-packages/airflow/example_dags/example_params_trigger_ui.py took 0.062 seconds
[2025-03-17T17:17:36.143+0000] {processor.py:186} INFO - Started process (PID=195) to work on /home/airflow/.local/lib/python3.12/site-packages/airflow/example_dags/example_params_trigger_ui.py
[2025-03-17T17:17:36.143+0000] {processor.py:914} INFO - Processing file /home/airflow/.local/lib/python3.12/site-packages/airflow/example_dags/example_params_trigger_ui.py for tasks to queue
[2025-03-17T17:17:36.145+0000] {logging_mixin.py:190} INFO - [2025-03-17T17:17:36.145+0000] {dagbag.py:588} INFO - Filling up the DagBag from /home/airflow/.local/lib/python3.12/site-packages/airflow/example_dags/example_params_trigger_ui.py
[2025-03-17T17:17:36.153+0000] {processor.py:925} INFO - DAG(s) 'example_params_trigger_ui' retrieved from /home/airflow/.local/lib/python3.12/site-packages/airflow/example_dags/example_params_trigger_ui.py
[2025-03-17T17:17:36.182+0000] {logging_mixin.py:190} INFO - [2025-03-17T17:17:36.182+0000] {dag.py:3239} INFO - Sync 1 DAGs
[2025-03-17T17:17:36.193+0000] {logging_mixin.py:190} INFO - [2025-03-17T17:17:36.193+0000] {dag.py:4180} INFO - Setting next_dagrun for example_params_trigger_ui to None, run_after=None
[2025-03-17T17:17:36.207+0000] {processor.py:208} INFO - Processing /home/airflow/.local/lib/python3.12/site-packages/airflow/example_dags/example_params_trigger_ui.py took 0.068 seconds
