[2025-03-17T17:16:38.488+0000] {processor.py:186} INFO - Started process (PID=102) to work on /home/airflow/.local/lib/python3.12/site-packages/airflow/example_dags/example_external_task_marker_dag.py
[2025-03-17T17:16:38.488+0000] {processor.py:914} INFO - Processing file /home/airflow/.local/lib/python3.12/site-packages/airflow/example_dags/example_external_task_marker_dag.py for tasks to queue
[2025-03-17T17:16:38.490+0000] {logging_mixin.py:190} INFO - [2025-03-17T17:16:38.490+0000] {dagbag.py:588} INFO - Filling up the DagBag from /home/airflow/.local/lib/python3.12/site-packages/airflow/example_dags/example_external_task_marker_dag.py
[2025-03-17T17:16:38.496+0000] {processor.py:925} INFO - DAG(s) 'example_external_task_marker_parent', 'example_external_task_marker_child' retrieved from /home/airflow/.local/lib/python3.12/site-packages/airflow/example_dags/example_external_task_marker_dag.py
[2025-03-17T17:16:38.563+0000] {logging_mixin.py:190} INFO - [2025-03-17T17:16:38.563+0000] {override.py:1912} INFO - Created Permission View: can edit on DAG:example_external_task_marker_parent
[2025-03-17T17:16:38.570+0000] {logging_mixin.py:190} INFO - [2025-03-17T17:16:38.570+0000] {override.py:1912} INFO - Created Permission View: can read on DAG:example_external_task_marker_parent
[2025-03-17T17:16:38.574+0000] {logging_mixin.py:190} INFO - [2025-03-17T17:16:38.573+0000] {override.py:1912} INFO - Created Permission View: can delete on DAG:example_external_task_marker_parent
[2025-03-17T17:16:38.578+0000] {logging_mixin.py:190} INFO - [2025-03-17T17:16:38.578+0000] {override.py:1912} INFO - Created Permission View: menu access on DAG Run:example_external_task_marker_parent
[2025-03-17T17:16:38.582+0000] {logging_mixin.py:190} INFO - [2025-03-17T17:16:38.582+0000] {override.py:1912} INFO - Created Permission View: can read on DAG Run:example_external_task_marker_parent
[2025-03-17T17:16:38.586+0000] {logging_mixin.py:190} INFO - [2025-03-17T17:16:38.586+0000] {override.py:1912} INFO - Created Permission View: can create on DAG Run:example_external_task_marker_parent
[2025-03-17T17:16:38.590+0000] {logging_mixin.py:190} INFO - [2025-03-17T17:16:38.590+0000] {override.py:1912} INFO - Created Permission View: can delete on DAG Run:example_external_task_marker_parent
[2025-03-17T17:16:38.599+0000] {logging_mixin.py:190} INFO - [2025-03-17T17:16:38.599+0000] {override.py:1912} INFO - Created Permission View: can edit on DAG:example_external_task_marker_child
[2025-03-17T17:16:38.604+0000] {logging_mixin.py:190} INFO - [2025-03-17T17:16:38.603+0000] {override.py:1912} INFO - Created Permission View: can read on DAG:example_external_task_marker_child
[2025-03-17T17:16:38.607+0000] {logging_mixin.py:190} INFO - [2025-03-17T17:16:38.607+0000] {override.py:1912} INFO - Created Permission View: can delete on DAG:example_external_task_marker_child
[2025-03-17T17:16:38.612+0000] {logging_mixin.py:190} INFO - [2025-03-17T17:16:38.612+0000] {override.py:1912} INFO - Created Permission View: menu access on DAG Run:example_external_task_marker_child
[2025-03-17T17:16:38.616+0000] {logging_mixin.py:190} INFO - [2025-03-17T17:16:38.616+0000] {override.py:1912} INFO - Created Permission View: can read on DAG Run:example_external_task_marker_child
[2025-03-17T17:16:38.620+0000] {logging_mixin.py:190} INFO - [2025-03-17T17:16:38.620+0000] {override.py:1912} INFO - Created Permission View: can create on DAG Run:example_external_task_marker_child
[2025-03-17T17:16:38.625+0000] {logging_mixin.py:190} INFO - [2025-03-17T17:16:38.625+0000] {override.py:1912} INFO - Created Permission View: can delete on DAG Run:example_external_task_marker_child
[2025-03-17T17:16:38.625+0000] {logging_mixin.py:190} INFO - [2025-03-17T17:16:38.625+0000] {dag.py:3239} INFO - Sync 2 DAGs
[2025-03-17T17:16:38.633+0000] {logging_mixin.py:190} INFO - [2025-03-17T17:16:38.632+0000] {dag.py:3262} INFO - Creating ORM DAG for example_external_task_marker_parent
[2025-03-17T17:16:38.633+0000] {logging_mixin.py:190} INFO - [2025-03-17T17:16:38.633+0000] {dag.py:3262} INFO - Creating ORM DAG for example_external_task_marker_child
[2025-03-17T17:16:38.634+0000] {logging_mixin.py:190} INFO - [2025-03-17T17:16:38.633+0000] {dag.py:4180} INFO - Setting next_dagrun for example_external_task_marker_child to None, run_after=None
[2025-03-17T17:16:38.634+0000] {logging_mixin.py:190} INFO - [2025-03-17T17:16:38.634+0000] {dag.py:4180} INFO - Setting next_dagrun for example_external_task_marker_parent to None, run_after=None
[2025-03-17T17:16:38.645+0000] {processor.py:208} INFO - Processing /home/airflow/.local/lib/python3.12/site-packages/airflow/example_dags/example_external_task_marker_dag.py took 0.162 seconds
[2025-03-17T17:17:09.416+0000] {processor.py:186} INFO - Started process (PID=164) to work on /home/airflow/.local/lib/python3.12/site-packages/airflow/example_dags/example_external_task_marker_dag.py
[2025-03-17T17:17:09.417+0000] {processor.py:914} INFO - Processing file /home/airflow/.local/lib/python3.12/site-packages/airflow/example_dags/example_external_task_marker_dag.py for tasks to queue
[2025-03-17T17:17:09.418+0000] {logging_mixin.py:190} INFO - [2025-03-17T17:17:09.418+0000] {dagbag.py:588} INFO - Filling up the DagBag from /home/airflow/.local/lib/python3.12/site-packages/airflow/example_dags/example_external_task_marker_dag.py
[2025-03-17T17:17:09.424+0000] {processor.py:925} INFO - DAG(s) 'example_external_task_marker_parent', 'example_external_task_marker_child' retrieved from /home/airflow/.local/lib/python3.12/site-packages/airflow/example_dags/example_external_task_marker_dag.py
[2025-03-17T17:17:09.439+0000] {logging_mixin.py:190} INFO - [2025-03-17T17:17:09.439+0000] {dag.py:3239} INFO - Sync 2 DAGs
[2025-03-17T17:17:09.450+0000] {logging_mixin.py:190} INFO - [2025-03-17T17:17:09.449+0000] {dag.py:4180} INFO - Setting next_dagrun for example_external_task_marker_child to None, run_after=None
[2025-03-17T17:17:09.452+0000] {logging_mixin.py:190} INFO - [2025-03-17T17:17:09.452+0000] {dag.py:4180} INFO - Setting next_dagrun for example_external_task_marker_parent to None, run_after=None
[2025-03-17T17:17:09.462+0000] {processor.py:208} INFO - Processing /home/airflow/.local/lib/python3.12/site-packages/airflow/example_dags/example_external_task_marker_dag.py took 0.049 seconds
[2025-03-17T17:17:40.975+0000] {processor.py:186} INFO - Started process (PID=228) to work on /home/airflow/.local/lib/python3.12/site-packages/airflow/example_dags/example_external_task_marker_dag.py
[2025-03-17T17:17:40.975+0000] {processor.py:914} INFO - Processing file /home/airflow/.local/lib/python3.12/site-packages/airflow/example_dags/example_external_task_marker_dag.py for tasks to queue
[2025-03-17T17:17:40.977+0000] {logging_mixin.py:190} INFO - [2025-03-17T17:17:40.976+0000] {dagbag.py:588} INFO - Filling up the DagBag from /home/airflow/.local/lib/python3.12/site-packages/airflow/example_dags/example_external_task_marker_dag.py
[2025-03-17T17:17:40.982+0000] {processor.py:925} INFO - DAG(s) 'example_external_task_marker_parent', 'example_external_task_marker_child' retrieved from /home/airflow/.local/lib/python3.12/site-packages/airflow/example_dags/example_external_task_marker_dag.py
[2025-03-17T17:17:40.998+0000] {logging_mixin.py:190} INFO - [2025-03-17T17:17:40.997+0000] {dag.py:3239} INFO - Sync 2 DAGs
[2025-03-17T17:17:41.007+0000] {logging_mixin.py:190} INFO - [2025-03-17T17:17:41.007+0000] {dag.py:4180} INFO - Setting next_dagrun for example_external_task_marker_child to None, run_after=None
[2025-03-17T17:17:41.010+0000] {logging_mixin.py:190} INFO - [2025-03-17T17:17:41.009+0000] {dag.py:4180} INFO - Setting next_dagrun for example_external_task_marker_parent to None, run_after=None
[2025-03-17T17:17:41.019+0000] {processor.py:208} INFO - Processing /home/airflow/.local/lib/python3.12/site-packages/airflow/example_dags/example_external_task_marker_dag.py took 0.048 seconds
