[2025-03-17T17:16:37.042+0000] {processor.py:186} INFO - Started process (PID=89) to work on /home/airflow/.local/lib/python3.12/site-packages/airflow/example_dags/example_latest_only_with_trigger.py
[2025-03-17T17:16:37.043+0000] {processor.py:914} INFO - Processing file /home/airflow/.local/lib/python3.12/site-packages/airflow/example_dags/example_latest_only_with_trigger.py for tasks to queue
[2025-03-17T17:16:37.045+0000] {logging_mixin.py:190} INFO - [2025-03-17T17:16:37.045+0000] {dagbag.py:588} INFO - Filling up the DagBag from /home/airflow/.local/lib/python3.12/site-packages/airflow/example_dags/example_latest_only_with_trigger.py
[2025-03-17T17:16:37.051+0000] {processor.py:925} INFO - DAG(s) 'latest_only_with_trigger' retrieved from /home/airflow/.local/lib/python3.12/site-packages/airflow/example_dags/example_latest_only_with_trigger.py
[2025-03-17T17:16:37.124+0000] {logging_mixin.py:190} INFO - [2025-03-17T17:16:37.123+0000] {override.py:1912} INFO - Created Permission View: can edit on DAG:latest_only_with_trigger
[2025-03-17T17:16:37.131+0000] {logging_mixin.py:190} INFO - [2025-03-17T17:16:37.131+0000] {override.py:1912} INFO - Created Permission View: can read on DAG:latest_only_with_trigger
[2025-03-17T17:16:37.136+0000] {logging_mixin.py:190} INFO - [2025-03-17T17:16:37.135+0000] {override.py:1912} INFO - Created Permission View: can delete on DAG:latest_only_with_trigger
[2025-03-17T17:16:37.141+0000] {logging_mixin.py:190} INFO - [2025-03-17T17:16:37.140+0000] {override.py:1912} INFO - Created Permission View: menu access on DAG Run:latest_only_with_trigger
[2025-03-17T17:16:37.145+0000] {logging_mixin.py:190} INFO - [2025-03-17T17:16:37.145+0000] {override.py:1912} INFO - Created Permission View: can read on DAG Run:latest_only_with_trigger
[2025-03-17T17:16:37.149+0000] {logging_mixin.py:190} INFO - [2025-03-17T17:16:37.149+0000] {override.py:1912} INFO - Created Permission View: can create on DAG Run:latest_only_with_trigger
[2025-03-17T17:16:37.153+0000] {logging_mixin.py:190} INFO - [2025-03-17T17:16:37.153+0000] {override.py:1912} INFO - Created Permission View: can delete on DAG Run:latest_only_with_trigger
[2025-03-17T17:16:37.154+0000] {logging_mixin.py:190} INFO - [2025-03-17T17:16:37.154+0000] {dag.py:3239} INFO - Sync 1 DAGs
[2025-03-17T17:16:37.163+0000] {logging_mixin.py:190} INFO - [2025-03-17T17:16:37.163+0000] {dag.py:3262} INFO - Creating ORM DAG for latest_only_with_trigger
[2025-03-17T17:16:37.172+0000] {logging_mixin.py:190} INFO - [2025-03-17T17:16:37.172+0000] {dag.py:4180} INFO - Setting next_dagrun for latest_only_with_trigger to 2025-03-17 12:00:00+00:00, run_after=2025-03-17 16:00:00+00:00
[2025-03-17T17:16:37.186+0000] {processor.py:208} INFO - Processing /home/airflow/.local/lib/python3.12/site-packages/airflow/example_dags/example_latest_only_with_trigger.py took 0.147 seconds
[2025-03-17T17:17:07.645+0000] {processor.py:186} INFO - Started process (PID=158) to work on /home/airflow/.local/lib/python3.12/site-packages/airflow/example_dags/example_latest_only_with_trigger.py
[2025-03-17T17:17:07.645+0000] {processor.py:914} INFO - Processing file /home/airflow/.local/lib/python3.12/site-packages/airflow/example_dags/example_latest_only_with_trigger.py for tasks to queue
[2025-03-17T17:17:07.648+0000] {logging_mixin.py:190} INFO - [2025-03-17T17:17:07.648+0000] {dagbag.py:588} INFO - Filling up the DagBag from /home/airflow/.local/lib/python3.12/site-packages/airflow/example_dags/example_latest_only_with_trigger.py
[2025-03-17T17:17:07.653+0000] {processor.py:925} INFO - DAG(s) 'latest_only_with_trigger' retrieved from /home/airflow/.local/lib/python3.12/site-packages/airflow/example_dags/example_latest_only_with_trigger.py
[2025-03-17T17:17:07.666+0000] {logging_mixin.py:190} INFO - [2025-03-17T17:17:07.666+0000] {dag.py:3239} INFO - Sync 1 DAGs
[2025-03-17T17:17:07.680+0000] {logging_mixin.py:190} INFO - [2025-03-17T17:17:07.680+0000] {dag.py:4180} INFO - Setting next_dagrun for latest_only_with_trigger to 2025-03-17 12:00:00+00:00, run_after=2025-03-17 16:00:00+00:00
[2025-03-17T17:17:07.692+0000] {processor.py:208} INFO - Processing /home/airflow/.local/lib/python3.12/site-packages/airflow/example_dags/example_latest_only_with_trigger.py took 0.052 seconds
[2025-03-17T17:17:38.082+0000] {processor.py:186} INFO - Started process (PID=220) to work on /home/airflow/.local/lib/python3.12/site-packages/airflow/example_dags/example_latest_only_with_trigger.py
[2025-03-17T17:17:38.082+0000] {processor.py:914} INFO - Processing file /home/airflow/.local/lib/python3.12/site-packages/airflow/example_dags/example_latest_only_with_trigger.py for tasks to queue
[2025-03-17T17:17:38.084+0000] {logging_mixin.py:190} INFO - [2025-03-17T17:17:38.084+0000] {dagbag.py:588} INFO - Filling up the DagBag from /home/airflow/.local/lib/python3.12/site-packages/airflow/example_dags/example_latest_only_with_trigger.py
[2025-03-17T17:17:38.088+0000] {processor.py:925} INFO - DAG(s) 'latest_only_with_trigger' retrieved from /home/airflow/.local/lib/python3.12/site-packages/airflow/example_dags/example_latest_only_with_trigger.py
[2025-03-17T17:17:38.101+0000] {logging_mixin.py:190} INFO - [2025-03-17T17:17:38.101+0000] {dag.py:3239} INFO - Sync 1 DAGs
[2025-03-17T17:17:38.115+0000] {logging_mixin.py:190} INFO - [2025-03-17T17:17:38.115+0000] {dag.py:4180} INFO - Setting next_dagrun for latest_only_with_trigger to 2025-03-17 12:00:00+00:00, run_after=2025-03-17 16:00:00+00:00
[2025-03-17T17:17:38.126+0000] {processor.py:208} INFO - Processing /home/airflow/.local/lib/python3.12/site-packages/airflow/example_dags/example_latest_only_with_trigger.py took 0.048 seconds
