[2025-03-17T17:16:35.340+0000] {processor.py:186} INFO - Started process (PID=72) to work on /home/airflow/.local/lib/python3.12/site-packages/airflow/example_dags/example_python_operator.py
[2025-03-17T17:16:35.341+0000] {processor.py:914} INFO - Processing file /home/airflow/.local/lib/python3.12/site-packages/airflow/example_dags/example_python_operator.py for tasks to queue
[2025-03-17T17:16:35.343+0000] {logging_mixin.py:190} INFO - [2025-03-17T17:16:35.342+0000] {dagbag.py:588} INFO - Filling up the DagBag from /home/airflow/.local/lib/python3.12/site-packages/airflow/example_dags/example_python_operator.py
[2025-03-17T17:16:35.352+0000] {processor.py:925} INFO - DAG(s) 'example_python_operator' retrieved from /home/airflow/.local/lib/python3.12/site-packages/airflow/example_dags/example_python_operator.py
[2025-03-17T17:16:35.432+0000] {logging_mixin.py:190} INFO - [2025-03-17T17:16:35.432+0000] {override.py:1912} INFO - Created Permission View: can edit on DAG:example_python_operator
[2025-03-17T17:16:35.439+0000] {logging_mixin.py:190} INFO - [2025-03-17T17:16:35.439+0000] {override.py:1912} INFO - Created Permission View: can read on DAG:example_python_operator
[2025-03-17T17:16:35.443+0000] {logging_mixin.py:190} INFO - [2025-03-17T17:16:35.443+0000] {override.py:1912} INFO - Created Permission View: can delete on DAG:example_python_operator
[2025-03-17T17:16:35.448+0000] {logging_mixin.py:190} INFO - [2025-03-17T17:16:35.448+0000] {override.py:1912} INFO - Created Permission View: menu access on DAG Run:example_python_operator
[2025-03-17T17:16:35.452+0000] {logging_mixin.py:190} INFO - [2025-03-17T17:16:35.452+0000] {override.py:1912} INFO - Created Permission View: can read on DAG Run:example_python_operator
[2025-03-17T17:16:35.456+0000] {logging_mixin.py:190} INFO - [2025-03-17T17:16:35.456+0000] {override.py:1912} INFO - Created Permission View: can create on DAG Run:example_python_operator
[2025-03-17T17:16:35.460+0000] {logging_mixin.py:190} INFO - [2025-03-17T17:16:35.460+0000] {override.py:1912} INFO - Created Permission View: can delete on DAG Run:example_python_operator
[2025-03-17T17:16:35.461+0000] {logging_mixin.py:190} INFO - [2025-03-17T17:16:35.461+0000] {dag.py:3239} INFO - Sync 1 DAGs
[2025-03-17T17:16:35.471+0000] {logging_mixin.py:190} INFO - [2025-03-17T17:16:35.471+0000] {dag.py:3262} INFO - Creating ORM DAG for example_python_operator
[2025-03-17T17:16:35.472+0000] {logging_mixin.py:190} INFO - [2025-03-17T17:16:35.472+0000] {dag.py:4180} INFO - Setting next_dagrun for example_python_operator to None, run_after=None
[2025-03-17T17:16:35.483+0000] {processor.py:208} INFO - Processing /home/airflow/.local/lib/python3.12/site-packages/airflow/example_dags/example_python_operator.py took 0.147 seconds
[2025-03-17T17:17:05.823+0000] {processor.py:186} INFO - Started process (PID=135) to work on /home/airflow/.local/lib/python3.12/site-packages/airflow/example_dags/example_python_operator.py
[2025-03-17T17:17:05.823+0000] {processor.py:914} INFO - Processing file /home/airflow/.local/lib/python3.12/site-packages/airflow/example_dags/example_python_operator.py for tasks to queue
[2025-03-17T17:17:05.824+0000] {logging_mixin.py:190} INFO - [2025-03-17T17:17:05.824+0000] {dagbag.py:588} INFO - Filling up the DagBag from /home/airflow/.local/lib/python3.12/site-packages/airflow/example_dags/example_python_operator.py
[2025-03-17T17:17:05.832+0000] {processor.py:925} INFO - DAG(s) 'example_python_operator' retrieved from /home/airflow/.local/lib/python3.12/site-packages/airflow/example_dags/example_python_operator.py
[2025-03-17T17:17:05.846+0000] {logging_mixin.py:190} INFO - [2025-03-17T17:17:05.846+0000] {dag.py:3239} INFO - Sync 1 DAGs
[2025-03-17T17:17:05.855+0000] {logging_mixin.py:190} INFO - [2025-03-17T17:17:05.855+0000] {dag.py:4180} INFO - Setting next_dagrun for example_python_operator to None, run_after=None
[2025-03-17T17:17:05.866+0000] {processor.py:208} INFO - Processing /home/airflow/.local/lib/python3.12/site-packages/airflow/example_dags/example_python_operator.py took 0.047 seconds
[2025-03-17T17:17:36.317+0000] {processor.py:186} INFO - Started process (PID=198) to work on /home/airflow/.local/lib/python3.12/site-packages/airflow/example_dags/example_python_operator.py
[2025-03-17T17:17:36.318+0000] {processor.py:914} INFO - Processing file /home/airflow/.local/lib/python3.12/site-packages/airflow/example_dags/example_python_operator.py for tasks to queue
[2025-03-17T17:17:36.319+0000] {logging_mixin.py:190} INFO - [2025-03-17T17:17:36.319+0000] {dagbag.py:588} INFO - Filling up the DagBag from /home/airflow/.local/lib/python3.12/site-packages/airflow/example_dags/example_python_operator.py
[2025-03-17T17:17:36.326+0000] {processor.py:925} INFO - DAG(s) 'example_python_operator' retrieved from /home/airflow/.local/lib/python3.12/site-packages/airflow/example_dags/example_python_operator.py
[2025-03-17T17:17:36.341+0000] {logging_mixin.py:190} INFO - [2025-03-17T17:17:36.341+0000] {dag.py:3239} INFO - Sync 1 DAGs
[2025-03-17T17:17:36.351+0000] {logging_mixin.py:190} INFO - [2025-03-17T17:17:36.350+0000] {dag.py:4180} INFO - Setting next_dagrun for example_python_operator to None, run_after=None
[2025-03-17T17:17:36.362+0000] {processor.py:208} INFO - Processing /home/airflow/.local/lib/python3.12/site-packages/airflow/example_dags/example_python_operator.py took 0.049 seconds
