[2025-03-17T17:16:36.131+0000] {processor.py:186} INFO - Started process (PID=79) to work on /home/airflow/.local/lib/python3.12/site-packages/airflow/example_dags/tutorial_objectstorage.py
[2025-03-17T17:16:36.132+0000] {processor.py:914} INFO - Processing file /home/airflow/.local/lib/python3.12/site-packages/airflow/example_dags/tutorial_objectstorage.py for tasks to queue
[2025-03-17T17:16:36.133+0000] {logging_mixin.py:190} INFO - [2025-03-17T17:16:36.133+0000] {dagbag.py:588} INFO - Filling up the DagBag from /home/airflow/.local/lib/python3.12/site-packages/airflow/example_dags/tutorial_objectstorage.py
[2025-03-17T17:16:36.141+0000] {processor.py:925} INFO - DAG(s) 'tutorial_objectstorage' retrieved from /home/airflow/.local/lib/python3.12/site-packages/airflow/example_dags/tutorial_objectstorage.py
[2025-03-17T17:16:36.227+0000] {logging_mixin.py:190} INFO - [2025-03-17T17:16:36.227+0000] {override.py:1912} INFO - Created Permission View: can edit on DAG:tutorial_objectstorage
[2025-03-17T17:16:36.234+0000] {logging_mixin.py:190} INFO - [2025-03-17T17:16:36.233+0000] {override.py:1912} INFO - Created Permission View: can read on DAG:tutorial_objectstorage
[2025-03-17T17:16:36.238+0000] {logging_mixin.py:190} INFO - [2025-03-17T17:16:36.238+0000] {override.py:1912} INFO - Created Permission View: can delete on DAG:tutorial_objectstorage
[2025-03-17T17:16:36.242+0000] {logging_mixin.py:190} INFO - [2025-03-17T17:16:36.242+0000] {override.py:1912} INFO - Created Permission View: menu access on DAG Run:tutorial_objectstorage
[2025-03-17T17:16:36.248+0000] {logging_mixin.py:190} INFO - [2025-03-17T17:16:36.247+0000] {override.py:1912} INFO - Created Permission View: can read on DAG Run:tutorial_objectstorage
[2025-03-17T17:16:36.252+0000] {logging_mixin.py:190} INFO - [2025-03-17T17:16:36.252+0000] {override.py:1912} INFO - Created Permission View: can create on DAG Run:tutorial_objectstorage
[2025-03-17T17:16:36.257+0000] {logging_mixin.py:190} INFO - [2025-03-17T17:16:36.256+0000] {override.py:1912} INFO - Created Permission View: can delete on DAG Run:tutorial_objectstorage
[2025-03-17T17:16:36.257+0000] {logging_mixin.py:190} INFO - [2025-03-17T17:16:36.257+0000] {dag.py:3239} INFO - Sync 1 DAGs
[2025-03-17T17:16:36.267+0000] {logging_mixin.py:190} INFO - [2025-03-17T17:16:36.267+0000] {dag.py:3262} INFO - Creating ORM DAG for tutorial_objectstorage
[2025-03-17T17:16:36.269+0000] {logging_mixin.py:190} INFO - [2025-03-17T17:16:36.269+0000] {dag.py:4180} INFO - Setting next_dagrun for tutorial_objectstorage to None, run_after=None
[2025-03-17T17:16:36.281+0000] {processor.py:208} INFO - Processing /home/airflow/.local/lib/python3.12/site-packages/airflow/example_dags/tutorial_objectstorage.py took 0.154 seconds
[2025-03-17T17:17:07.083+0000] {processor.py:186} INFO - Started process (PID=142) to work on /home/airflow/.local/lib/python3.12/site-packages/airflow/example_dags/tutorial_objectstorage.py
[2025-03-17T17:17:07.084+0000] {processor.py:914} INFO - Processing file /home/airflow/.local/lib/python3.12/site-packages/airflow/example_dags/tutorial_objectstorage.py for tasks to queue
[2025-03-17T17:17:07.085+0000] {logging_mixin.py:190} INFO - [2025-03-17T17:17:07.085+0000] {dagbag.py:588} INFO - Filling up the DagBag from /home/airflow/.local/lib/python3.12/site-packages/airflow/example_dags/tutorial_objectstorage.py
[2025-03-17T17:17:07.091+0000] {processor.py:925} INFO - DAG(s) 'tutorial_objectstorage' retrieved from /home/airflow/.local/lib/python3.12/site-packages/airflow/example_dags/tutorial_objectstorage.py
[2025-03-17T17:17:07.104+0000] {logging_mixin.py:190} INFO - [2025-03-17T17:17:07.103+0000] {dag.py:3239} INFO - Sync 1 DAGs
[2025-03-17T17:17:07.113+0000] {logging_mixin.py:190} INFO - [2025-03-17T17:17:07.113+0000] {dag.py:4180} INFO - Setting next_dagrun for tutorial_objectstorage to None, run_after=None
[2025-03-17T17:17:07.123+0000] {processor.py:208} INFO - Processing /home/airflow/.local/lib/python3.12/site-packages/airflow/example_dags/tutorial_objectstorage.py took 0.044 seconds
[2025-03-17T17:17:37.505+0000] {processor.py:186} INFO - Started process (PID=204) to work on /home/airflow/.local/lib/python3.12/site-packages/airflow/example_dags/tutorial_objectstorage.py
[2025-03-17T17:17:37.505+0000] {processor.py:914} INFO - Processing file /home/airflow/.local/lib/python3.12/site-packages/airflow/example_dags/tutorial_objectstorage.py for tasks to queue
[2025-03-17T17:17:37.507+0000] {logging_mixin.py:190} INFO - [2025-03-17T17:17:37.506+0000] {dagbag.py:588} INFO - Filling up the DagBag from /home/airflow/.local/lib/python3.12/site-packages/airflow/example_dags/tutorial_objectstorage.py
[2025-03-17T17:17:37.512+0000] {processor.py:925} INFO - DAG(s) 'tutorial_objectstorage' retrieved from /home/airflow/.local/lib/python3.12/site-packages/airflow/example_dags/tutorial_objectstorage.py
[2025-03-17T17:17:37.524+0000] {logging_mixin.py:190} INFO - [2025-03-17T17:17:37.524+0000] {dag.py:3239} INFO - Sync 1 DAGs
[2025-03-17T17:17:37.533+0000] {logging_mixin.py:190} INFO - [2025-03-17T17:17:37.533+0000] {dag.py:4180} INFO - Setting next_dagrun for tutorial_objectstorage to None, run_after=None
[2025-03-17T17:17:37.544+0000] {processor.py:208} INFO - Processing /home/airflow/.local/lib/python3.12/site-packages/airflow/example_dags/tutorial_objectstorage.py took 0.043 seconds
