[2025-03-17T17:16:35.274+0000] {processor.py:186} INFO - Started process (PID=71) to work on /home/airflow/.local/lib/python3.12/site-packages/airflow/example_dags/tutorial_taskflow_api_virtualenv.py
[2025-03-17T17:16:35.274+0000] {processor.py:914} INFO - Processing file /home/airflow/.local/lib/python3.12/site-packages/airflow/example_dags/tutorial_taskflow_api_virtualenv.py for tasks to queue
[2025-03-17T17:16:35.276+0000] {logging_mixin.py:190} INFO - [2025-03-17T17:16:35.276+0000] {dagbag.py:588} INFO - Filling up the DagBag from /home/airflow/.local/lib/python3.12/site-packages/airflow/example_dags/tutorial_taskflow_api_virtualenv.py
[2025-03-17T17:16:35.284+0000] {processor.py:925} INFO - DAG(s) 'tutorial_taskflow_api_virtualenv' retrieved from /home/airflow/.local/lib/python3.12/site-packages/airflow/example_dags/tutorial_taskflow_api_virtualenv.py
[2025-03-17T17:16:35.362+0000] {logging_mixin.py:190} INFO - [2025-03-17T17:16:35.362+0000] {override.py:1912} INFO - Created Permission View: can edit on DAG:tutorial_taskflow_api_virtualenv
[2025-03-17T17:16:35.370+0000] {logging_mixin.py:190} INFO - [2025-03-17T17:16:35.370+0000] {override.py:1912} INFO - Created Permission View: can read on DAG:tutorial_taskflow_api_virtualenv
[2025-03-17T17:16:35.374+0000] {logging_mixin.py:190} INFO - [2025-03-17T17:16:35.374+0000] {override.py:1912} INFO - Created Permission View: can delete on DAG:tutorial_taskflow_api_virtualenv
[2025-03-17T17:16:35.379+0000] {logging_mixin.py:190} INFO - [2025-03-17T17:16:35.379+0000] {override.py:1912} INFO - Created Permission View: menu access on DAG Run:tutorial_taskflow_api_virtualenv
[2025-03-17T17:16:35.384+0000] {logging_mixin.py:190} INFO - [2025-03-17T17:16:35.384+0000] {override.py:1912} INFO - Created Permission View: can read on DAG Run:tutorial_taskflow_api_virtualenv
[2025-03-17T17:16:35.389+0000] {logging_mixin.py:190} INFO - [2025-03-17T17:16:35.389+0000] {override.py:1912} INFO - Created Permission View: can create on DAG Run:tutorial_taskflow_api_virtualenv
[2025-03-17T17:16:35.394+0000] {logging_mixin.py:190} INFO - [2025-03-17T17:16:35.393+0000] {override.py:1912} INFO - Created Permission View: can delete on DAG Run:tutorial_taskflow_api_virtualenv
[2025-03-17T17:16:35.394+0000] {logging_mixin.py:190} INFO - [2025-03-17T17:16:35.394+0000] {dag.py:3239} INFO - Sync 1 DAGs
[2025-03-17T17:16:35.405+0000] {logging_mixin.py:190} INFO - [2025-03-17T17:16:35.404+0000] {dag.py:3262} INFO - Creating ORM DAG for tutorial_taskflow_api_virtualenv
[2025-03-17T17:16:35.405+0000] {logging_mixin.py:190} INFO - [2025-03-17T17:16:35.405+0000] {dag.py:4180} INFO - Setting next_dagrun for tutorial_taskflow_api_virtualenv to None, run_after=None
[2025-03-17T17:16:35.417+0000] {processor.py:208} INFO - Processing /home/airflow/.local/lib/python3.12/site-packages/airflow/example_dags/tutorial_taskflow_api_virtualenv.py took 0.147 seconds
[2025-03-17T17:17:05.801+0000] {processor.py:186} INFO - Started process (PID=134) to work on /home/airflow/.local/lib/python3.12/site-packages/airflow/example_dags/tutorial_taskflow_api_virtualenv.py
[2025-03-17T17:17:05.801+0000] {processor.py:914} INFO - Processing file /home/airflow/.local/lib/python3.12/site-packages/airflow/example_dags/tutorial_taskflow_api_virtualenv.py for tasks to queue
[2025-03-17T17:17:05.803+0000] {logging_mixin.py:190} INFO - [2025-03-17T17:17:05.802+0000] {dagbag.py:588} INFO - Filling up the DagBag from /home/airflow/.local/lib/python3.12/site-packages/airflow/example_dags/tutorial_taskflow_api_virtualenv.py
[2025-03-17T17:17:05.810+0000] {processor.py:925} INFO - DAG(s) 'tutorial_taskflow_api_virtualenv' retrieved from /home/airflow/.local/lib/python3.12/site-packages/airflow/example_dags/tutorial_taskflow_api_virtualenv.py
[2025-03-17T17:17:05.823+0000] {logging_mixin.py:190} INFO - [2025-03-17T17:17:05.823+0000] {dag.py:3239} INFO - Sync 1 DAGs
[2025-03-17T17:17:05.832+0000] {logging_mixin.py:190} INFO - [2025-03-17T17:17:05.832+0000] {dag.py:4180} INFO - Setting next_dagrun for tutorial_taskflow_api_virtualenv to None, run_after=None
[2025-03-17T17:17:05.844+0000] {processor.py:208} INFO - Processing /home/airflow/.local/lib/python3.12/site-packages/airflow/example_dags/tutorial_taskflow_api_virtualenv.py took 0.047 seconds
[2025-03-17T17:17:36.299+0000] {processor.py:186} INFO - Started process (PID=197) to work on /home/airflow/.local/lib/python3.12/site-packages/airflow/example_dags/tutorial_taskflow_api_virtualenv.py
[2025-03-17T17:17:36.300+0000] {processor.py:914} INFO - Processing file /home/airflow/.local/lib/python3.12/site-packages/airflow/example_dags/tutorial_taskflow_api_virtualenv.py for tasks to queue
[2025-03-17T17:17:36.301+0000] {logging_mixin.py:190} INFO - [2025-03-17T17:17:36.301+0000] {dagbag.py:588} INFO - Filling up the DagBag from /home/airflow/.local/lib/python3.12/site-packages/airflow/example_dags/tutorial_taskflow_api_virtualenv.py
[2025-03-17T17:17:36.310+0000] {processor.py:925} INFO - DAG(s) 'tutorial_taskflow_api_virtualenv' retrieved from /home/airflow/.local/lib/python3.12/site-packages/airflow/example_dags/tutorial_taskflow_api_virtualenv.py
[2025-03-17T17:17:36.322+0000] {logging_mixin.py:190} INFO - [2025-03-17T17:17:36.322+0000] {dag.py:3239} INFO - Sync 1 DAGs
[2025-03-17T17:17:36.331+0000] {logging_mixin.py:190} INFO - [2025-03-17T17:17:36.331+0000] {dag.py:4180} INFO - Setting next_dagrun for tutorial_taskflow_api_virtualenv to None, run_after=None
[2025-03-17T17:17:36.343+0000] {processor.py:208} INFO - Processing /home/airflow/.local/lib/python3.12/site-packages/airflow/example_dags/tutorial_taskflow_api_virtualenv.py took 0.048 seconds
