[2025-03-17T17:16:36.851+0000] {processor.py:186} INFO - Started process (PID=86) to work on /home/airflow/.local/lib/python3.12/site-packages/airflow/example_dags/tutorial.py
[2025-03-17T17:16:36.851+0000] {processor.py:914} INFO - Processing file /home/airflow/.local/lib/python3.12/site-packages/airflow/example_dags/tutorial.py for tasks to queue
[2025-03-17T17:16:36.853+0000] {logging_mixin.py:190} INFO - [2025-03-17T17:16:36.853+0000] {dagbag.py:588} INFO - Filling up the DagBag from /home/airflow/.local/lib/python3.12/site-packages/airflow/example_dags/tutorial.py
[2025-03-17T17:16:36.860+0000] {processor.py:925} INFO - DAG(s) 'tutorial' retrieved from /home/airflow/.local/lib/python3.12/site-packages/airflow/example_dags/tutorial.py
[2025-03-17T17:16:36.929+0000] {logging_mixin.py:190} INFO - [2025-03-17T17:16:36.929+0000] {override.py:1912} INFO - Created Permission View: can edit on DAG:tutorial
[2025-03-17T17:16:36.936+0000] {logging_mixin.py:190} INFO - [2025-03-17T17:16:36.936+0000] {override.py:1912} INFO - Created Permission View: can read on DAG:tutorial
[2025-03-17T17:16:36.941+0000] {logging_mixin.py:190} INFO - [2025-03-17T17:16:36.941+0000] {override.py:1912} INFO - Created Permission View: can delete on DAG:tutorial
[2025-03-17T17:16:36.946+0000] {logging_mixin.py:190} INFO - [2025-03-17T17:16:36.946+0000] {override.py:1912} INFO - Created Permission View: menu access on DAG Run:tutorial
[2025-03-17T17:16:36.951+0000] {logging_mixin.py:190} INFO - [2025-03-17T17:16:36.950+0000] {override.py:1912} INFO - Created Permission View: can read on DAG Run:tutorial
[2025-03-17T17:16:36.955+0000] {logging_mixin.py:190} INFO - [2025-03-17T17:16:36.954+0000] {override.py:1912} INFO - Created Permission View: can create on DAG Run:tutorial
[2025-03-17T17:16:36.959+0000] {logging_mixin.py:190} INFO - [2025-03-17T17:16:36.959+0000] {override.py:1912} INFO - Created Permission View: can delete on DAG Run:tutorial
[2025-03-17T17:16:36.959+0000] {logging_mixin.py:190} INFO - [2025-03-17T17:16:36.959+0000] {dag.py:3239} INFO - Sync 1 DAGs
[2025-03-17T17:16:36.967+0000] {logging_mixin.py:190} INFO - [2025-03-17T17:16:36.967+0000] {dag.py:3262} INFO - Creating ORM DAG for tutorial
[2025-03-17T17:16:36.973+0000] {logging_mixin.py:190} INFO - [2025-03-17T17:16:36.973+0000] {dag.py:4180} INFO - Setting next_dagrun for tutorial to 2025-03-16 00:00:00+00:00, run_after=2025-03-17 00:00:00+00:00
[2025-03-17T17:16:36.984+0000] {processor.py:208} INFO - Processing /home/airflow/.local/lib/python3.12/site-packages/airflow/example_dags/tutorial.py took 0.137 seconds
[2025-03-17T17:17:07.552+0000] {processor.py:186} INFO - Started process (PID=149) to work on /home/airflow/.local/lib/python3.12/site-packages/airflow/example_dags/tutorial.py
[2025-03-17T17:17:07.552+0000] {processor.py:914} INFO - Processing file /home/airflow/.local/lib/python3.12/site-packages/airflow/example_dags/tutorial.py for tasks to queue
[2025-03-17T17:17:07.554+0000] {logging_mixin.py:190} INFO - [2025-03-17T17:17:07.554+0000] {dagbag.py:588} INFO - Filling up the DagBag from /home/airflow/.local/lib/python3.12/site-packages/airflow/example_dags/tutorial.py
[2025-03-17T17:17:07.559+0000] {processor.py:925} INFO - DAG(s) 'tutorial' retrieved from /home/airflow/.local/lib/python3.12/site-packages/airflow/example_dags/tutorial.py
[2025-03-17T17:17:07.571+0000] {logging_mixin.py:190} INFO - [2025-03-17T17:17:07.571+0000] {dag.py:3239} INFO - Sync 1 DAGs
[2025-03-17T17:17:07.585+0000] {logging_mixin.py:190} INFO - [2025-03-17T17:17:07.585+0000] {dag.py:4180} INFO - Setting next_dagrun for tutorial to 2025-03-16 00:00:00+00:00, run_after=2025-03-17 00:00:00+00:00
[2025-03-17T17:17:07.596+0000] {processor.py:208} INFO - Processing /home/airflow/.local/lib/python3.12/site-packages/airflow/example_dags/tutorial.py took 0.048 seconds
[2025-03-17T17:17:37.950+0000] {processor.py:186} INFO - Started process (PID=218) to work on /home/airflow/.local/lib/python3.12/site-packages/airflow/example_dags/tutorial.py
[2025-03-17T17:17:37.951+0000] {processor.py:914} INFO - Processing file /home/airflow/.local/lib/python3.12/site-packages/airflow/example_dags/tutorial.py for tasks to queue
[2025-03-17T17:17:37.953+0000] {logging_mixin.py:190} INFO - [2025-03-17T17:17:37.953+0000] {dagbag.py:588} INFO - Filling up the DagBag from /home/airflow/.local/lib/python3.12/site-packages/airflow/example_dags/tutorial.py
[2025-03-17T17:17:37.957+0000] {processor.py:925} INFO - DAG(s) 'tutorial' retrieved from /home/airflow/.local/lib/python3.12/site-packages/airflow/example_dags/tutorial.py
[2025-03-17T17:17:37.971+0000] {logging_mixin.py:190} INFO - [2025-03-17T17:17:37.971+0000] {dag.py:3239} INFO - Sync 1 DAGs
[2025-03-17T17:17:37.986+0000] {logging_mixin.py:190} INFO - [2025-03-17T17:17:37.986+0000] {dag.py:4180} INFO - Setting next_dagrun for tutorial to 2025-03-16 00:00:00+00:00, run_after=2025-03-17 00:00:00+00:00
[2025-03-17T17:17:37.997+0000] {processor.py:208} INFO - Processing /home/airflow/.local/lib/python3.12/site-packages/airflow/example_dags/tutorial.py took 0.050 seconds
