[2025-03-17T17:16:39.626+0000] {processor.py:186} INFO - Started process (PID=113) to work on /home/airflow/.local/lib/python3.12/site-packages/airflow/example_dags/tutorial_dag.py
[2025-03-17T17:16:39.626+0000] {processor.py:914} INFO - Processing file /home/airflow/.local/lib/python3.12/site-packages/airflow/example_dags/tutorial_dag.py for tasks to queue
[2025-03-17T17:16:39.628+0000] {logging_mixin.py:190} INFO - [2025-03-17T17:16:39.628+0000] {dagbag.py:588} INFO - Filling up the DagBag from /home/airflow/.local/lib/python3.12/site-packages/airflow/example_dags/tutorial_dag.py
[2025-03-17T17:16:39.634+0000] {processor.py:925} INFO - DAG(s) 'tutorial_dag' retrieved from /home/airflow/.local/lib/python3.12/site-packages/airflow/example_dags/tutorial_dag.py
[2025-03-17T17:16:39.697+0000] {logging_mixin.py:190} INFO - [2025-03-17T17:16:39.697+0000] {override.py:1912} INFO - Created Permission View: can edit on DAG:tutorial_dag
[2025-03-17T17:16:39.703+0000] {logging_mixin.py:190} INFO - [2025-03-17T17:16:39.703+0000] {override.py:1912} INFO - Created Permission View: can read on DAG:tutorial_dag
[2025-03-17T17:16:39.707+0000] {logging_mixin.py:190} INFO - [2025-03-17T17:16:39.707+0000] {override.py:1912} INFO - Created Permission View: can delete on DAG:tutorial_dag
[2025-03-17T17:16:39.712+0000] {logging_mixin.py:190} INFO - [2025-03-17T17:16:39.712+0000] {override.py:1912} INFO - Created Permission View: menu access on DAG Run:tutorial_dag
[2025-03-17T17:16:39.716+0000] {logging_mixin.py:190} INFO - [2025-03-17T17:16:39.716+0000] {override.py:1912} INFO - Created Permission View: can read on DAG Run:tutorial_dag
[2025-03-17T17:16:39.720+0000] {logging_mixin.py:190} INFO - [2025-03-17T17:16:39.720+0000] {override.py:1912} INFO - Created Permission View: can create on DAG Run:tutorial_dag
[2025-03-17T17:16:39.723+0000] {logging_mixin.py:190} INFO - [2025-03-17T17:16:39.723+0000] {override.py:1912} INFO - Created Permission View: can delete on DAG Run:tutorial_dag
[2025-03-17T17:16:39.724+0000] {logging_mixin.py:190} INFO - [2025-03-17T17:16:39.724+0000] {dag.py:3239} INFO - Sync 1 DAGs
[2025-03-17T17:16:39.731+0000] {logging_mixin.py:190} INFO - [2025-03-17T17:16:39.731+0000] {dag.py:3262} INFO - Creating ORM DAG for tutorial_dag
[2025-03-17T17:16:39.732+0000] {logging_mixin.py:190} INFO - [2025-03-17T17:16:39.732+0000] {dag.py:4180} INFO - Setting next_dagrun for tutorial_dag to None, run_after=None
[2025-03-17T17:16:39.743+0000] {processor.py:208} INFO - Processing /home/airflow/.local/lib/python3.12/site-packages/airflow/example_dags/tutorial_dag.py took 0.121 seconds
[2025-03-17T17:17:10.091+0000] {processor.py:186} INFO - Started process (PID=176) to work on /home/airflow/.local/lib/python3.12/site-packages/airflow/example_dags/tutorial_dag.py
[2025-03-17T17:17:10.092+0000] {processor.py:914} INFO - Processing file /home/airflow/.local/lib/python3.12/site-packages/airflow/example_dags/tutorial_dag.py for tasks to queue
[2025-03-17T17:17:10.093+0000] {logging_mixin.py:190} INFO - [2025-03-17T17:17:10.093+0000] {dagbag.py:588} INFO - Filling up the DagBag from /home/airflow/.local/lib/python3.12/site-packages/airflow/example_dags/tutorial_dag.py
[2025-03-17T17:17:10.098+0000] {processor.py:925} INFO - DAG(s) 'tutorial_dag' retrieved from /home/airflow/.local/lib/python3.12/site-packages/airflow/example_dags/tutorial_dag.py
[2025-03-17T17:17:10.111+0000] {logging_mixin.py:190} INFO - [2025-03-17T17:17:10.111+0000] {dag.py:3239} INFO - Sync 1 DAGs
[2025-03-17T17:17:10.120+0000] {logging_mixin.py:190} INFO - [2025-03-17T17:17:10.120+0000] {dag.py:4180} INFO - Setting next_dagrun for tutorial_dag to None, run_after=None
[2025-03-17T17:17:10.132+0000] {processor.py:208} INFO - Processing /home/airflow/.local/lib/python3.12/site-packages/airflow/example_dags/tutorial_dag.py took 0.045 seconds
[2025-03-17T17:17:41.609+0000] {processor.py:186} INFO - Started process (PID=239) to work on /home/airflow/.local/lib/python3.12/site-packages/airflow/example_dags/tutorial_dag.py
[2025-03-17T17:17:41.610+0000] {processor.py:914} INFO - Processing file /home/airflow/.local/lib/python3.12/site-packages/airflow/example_dags/tutorial_dag.py for tasks to queue
[2025-03-17T17:17:41.612+0000] {logging_mixin.py:190} INFO - [2025-03-17T17:17:41.611+0000] {dagbag.py:588} INFO - Filling up the DagBag from /home/airflow/.local/lib/python3.12/site-packages/airflow/example_dags/tutorial_dag.py
[2025-03-17T17:17:41.617+0000] {processor.py:925} INFO - DAG(s) 'tutorial_dag' retrieved from /home/airflow/.local/lib/python3.12/site-packages/airflow/example_dags/tutorial_dag.py
[2025-03-17T17:17:41.629+0000] {logging_mixin.py:190} INFO - [2025-03-17T17:17:41.629+0000] {dag.py:3239} INFO - Sync 1 DAGs
[2025-03-17T17:17:41.638+0000] {logging_mixin.py:190} INFO - [2025-03-17T17:17:41.638+0000] {dag.py:4180} INFO - Setting next_dagrun for tutorial_dag to None, run_after=None
[2025-03-17T17:17:41.649+0000] {processor.py:208} INFO - Processing /home/airflow/.local/lib/python3.12/site-packages/airflow/example_dags/tutorial_dag.py took 0.044 seconds
