[2025-03-22T12:24:47.683+0000] {local_task_job_runner.py:123} INFO - ::group::Pre task execution logs
[2025-03-22T12:24:47.732+0000] {taskinstance.py:2614} INFO - Dependencies all met for dep_context=non-requeueable deps ti=<TaskInstance: car_price_prediction.predict scheduled__2022-07-02T15:00:00+00:00 [queued]>
[2025-03-22T12:24:47.850+0000] {taskinstance.py:2614} INFO - Dependencies all met for dep_context=requeueable deps ti=<TaskInstance: car_price_prediction.predict scheduled__2022-07-02T15:00:00+00:00 [queued]>
[2025-03-22T12:24:47.854+0000] {taskinstance.py:2867} INFO - Starting attempt 1 of 2
[2025-03-22T12:24:47.924+0000] {taskinstance.py:2890} INFO - Executing <Task(PythonOperator): predict> on 2022-07-02 15:00:00+00:00
[2025-03-22T12:24:47.955+0000] {warnings.py:112} WARNING - /home/***/.local/lib/python3.12/site-packages/***/task/task_runner/standard_task_runner.py:70: DeprecationWarning: This process (pid=646) is multi-threaded, use of fork() may lead to deadlocks in the child.
  pid = os.fork()

[2025-03-22T12:24:47.968+0000] {standard_task_runner.py:72} INFO - Started process 680 to run task
[2025-03-22T12:24:47.966+0000] {standard_task_runner.py:104} INFO - Running: ['***', 'tasks', 'run', 'car_price_prediction', 'predict', 'scheduled__2022-07-02T15:00:00+00:00', '--job-id', '65', '--raw', '--subdir', 'DAGS_FOLDER/hw_dag.py', '--cfg-path', '/tmp/tmpwvtk5gqf']
[2025-03-22T12:24:47.975+0000] {standard_task_runner.py:105} INFO - Job 65: Subtask predict
[2025-03-22T12:24:48.168+0000] {task_command.py:467} INFO - Running <TaskInstance: car_price_prediction.predict scheduled__2022-07-02T15:00:00+00:00 [running]> on host 16707b17f984
[2025-03-22T12:24:48.504+0000] {taskinstance.py:3134} INFO - Exporting env vars: AIRFLOW_CTX_DAG_OWNER='***' AIRFLOW_CTX_DAG_ID='car_price_prediction' AIRFLOW_CTX_TASK_ID='predict' AIRFLOW_CTX_EXECUTION_DATE='2022-07-02T15:00:00+00:00' AIRFLOW_CTX_TRY_NUMBER='1' AIRFLOW_CTX_DAG_RUN_ID='scheduled__2022-07-02T15:00:00+00:00'
[2025-03-22T12:24:48.511+0000] {logging_mixin.py:190} INFO - Task instance is in running state
[2025-03-22T12:24:48.513+0000] {logging_mixin.py:190} INFO -  Previous state of the Task instance: queued
[2025-03-22T12:24:48.517+0000] {logging_mixin.py:190} INFO - Current task name:predict state:running start_date:2025-03-22 12:24:47.733171+00:00
[2025-03-22T12:24:48.518+0000] {logging_mixin.py:190} INFO - Dag name:car_price_prediction and current dag run status:running
[2025-03-22T12:24:48.518+0000] {taskinstance.py:732} INFO - ::endgroup::
[2025-03-22T12:24:48.525+0000] {logging_mixin.py:190} INFO - Loading model: /opt/***/data/models/cars_pipe_202503221224.pkl
[2025-03-22T12:24:48.884+0000] {logging_mixin.py:190} INFO - Predictions saved to /opt/***/data/predictions/predictions.csv
[2025-03-22T12:24:48.888+0000] {python.py:240} INFO - Done. Returned value was: None
[2025-03-22T12:24:48.928+0000] {taskinstance.py:341} INFO - ::group::Post task execution logs
[2025-03-22T12:24:48.948+0000] {taskinstance.py:353} INFO - Marking task as SUCCESS. dag_id=car_price_prediction, task_id=predict, run_id=scheduled__2022-07-02T15:00:00+00:00, execution_date=20220702T150000, start_date=20250322T122447, end_date=20250322T122448
[2025-03-22T12:24:49.042+0000] {logging_mixin.py:190} INFO - Task instance in success state
[2025-03-22T12:24:49.045+0000] {logging_mixin.py:190} INFO -  Previous state of the Task instance: running
[2025-03-22T12:24:49.050+0000] {logging_mixin.py:190} INFO - Dag name:car_price_prediction queued_at:2025-03-22 12:20:57.841074+00:00
[2025-03-22T12:24:49.051+0000] {logging_mixin.py:190} INFO - Task hostname:16707b17f984 operator:PythonOperator
[2025-03-22T12:24:49.148+0000] {local_task_job_runner.py:266} INFO - Task exited with return code 0
[2025-03-22T12:24:49.194+0000] {local_task_job_runner.py:245} INFO - ::endgroup::
