[2025-03-22T12:42:25.981+0000] {local_task_job_runner.py:123} INFO - ::group::Pre task execution logs
[2025-03-22T12:42:26.229+0000] {taskinstance.py:2614} INFO - Dependencies all met for dep_context=non-requeueable deps ti=<TaskInstance: car_price_prediction.pipeline scheduled__2022-08-13T15:00:00+00:00 [queued]>
[2025-03-22T12:42:26.347+0000] {taskinstance.py:2614} INFO - Dependencies all met for dep_context=requeueable deps ti=<TaskInstance: car_price_prediction.pipeline scheduled__2022-08-13T15:00:00+00:00 [queued]>
[2025-03-22T12:42:26.353+0000] {taskinstance.py:2867} INFO - Starting attempt 2 of 2
[2025-03-22T12:42:26.539+0000] {taskinstance.py:2890} INFO - Executing <Task(PythonOperator): pipeline> on 2022-08-13 15:00:00+00:00
[2025-03-22T12:42:26.681+0000] {warnings.py:112} WARNING - /home/***/.local/lib/python3.12/site-packages/***/task/task_runner/standard_task_runner.py:70: DeprecationWarning: This process (pid=1740) is multi-threaded, use of fork() may lead to deadlocks in the child.
  pid = os.fork()

[2025-03-22T12:42:26.695+0000] {standard_task_runner.py:104} INFO - Running: ['***', 'tasks', 'run', 'car_price_prediction', 'pipeline', 'scheduled__2022-08-13T15:00:00+00:00', '--job-id', '159', '--raw', '--subdir', 'DAGS_FOLDER/hw_dag.py', '--cfg-path', '/tmp/tmpt5gcvvb7']
[2025-03-22T12:42:26.717+0000] {standard_task_runner.py:105} INFO - Job 159: Subtask pipeline
[2025-03-22T12:42:26.715+0000] {standard_task_runner.py:72} INFO - Started process 1775 to run task
[2025-03-22T12:42:27.495+0000] {task_command.py:467} INFO - Running <TaskInstance: car_price_prediction.pipeline scheduled__2022-08-13T15:00:00+00:00 [running]> on host 16707b17f984
[2025-03-22T12:42:28.422+0000] {taskinstance.py:3134} INFO - Exporting env vars: AIRFLOW_CTX_DAG_OWNER='***' AIRFLOW_CTX_DAG_ID='car_price_prediction' AIRFLOW_CTX_TASK_ID='pipeline' AIRFLOW_CTX_EXECUTION_DATE='2022-08-13T15:00:00+00:00' AIRFLOW_CTX_TRY_NUMBER='2' AIRFLOW_CTX_DAG_RUN_ID='scheduled__2022-08-13T15:00:00+00:00'
[2025-03-22T12:42:28.477+0000] {logging_mixin.py:190} INFO - Task instance is in running state
[2025-03-22T12:42:28.487+0000] {logging_mixin.py:190} INFO -  Previous state of the Task instance: queued
[2025-03-22T12:42:28.489+0000] {logging_mixin.py:190} INFO - Current task name:pipeline state:running start_date:2025-03-22 12:42:26.243814+00:00
[2025-03-22T12:42:28.500+0000] {logging_mixin.py:190} INFO - Dag name:car_price_prediction and current dag run status:running
[2025-03-22T12:42:28.516+0000] {taskinstance.py:732} INFO - ::endgroup::
[2025-03-22T12:42:52.798+0000] {pipeline.py:116} INFO - model: LogisticRegression, acc_mean: 0.7591, acc_std: 0.0075
[2025-03-22T12:42:57.384+0000] {job.py:229} INFO - Heartbeat recovered after 12.71 seconds
[2025-03-22T12:43:23.921+0000] {job.py:229} INFO - Heartbeat recovered after 21.32 seconds
